<?xml version="1.0" encoding="UTF-8"?>
<coverage generated="1761932420348" clover="3.2.0">
  <project timestamp="1761932420348" name="All files">
    <metrics statements="1521" coveredstatements="639" conditionals="922" coveredconditionals="218" methods="372" coveredmethods="109" elements="2815" coveredelements="966" complexity="0" loc="1521" ncloc="1521" packages="9" files="16" classes="16"/>
    <package name="BukowskiReactNativeBuild">
      <metrics statements="2" coveredstatements="2" conditionals="0" coveredconditionals="0" methods="1" coveredmethods="1"/>
      <file name="debug_tokens.js" path="C:\Users\wbuko\Desktop\Programowanie\Programy\BukowskiMobileApp\BukowskiReactNativeBuild\debug_tokens.js">
        <metrics statements="2" coveredstatements="2" conditionals="0" coveredconditionals="0" methods="1" coveredmethods="1"/>
        <line num="2" count="1" type="stmt"/>
        <line num="4" count="23" type="stmt"/>
      </file>
    </package>
    <package name="BukowskiReactNativeBuild.app">
      <metrics statements="326" coveredstatements="54" conditionals="249" coveredconditionals="10" methods="70" coveredmethods="2"/>
      <file name="QRScanner.jsx" path="C:\Users\wbuko\Desktop\Programowanie\Programy\BukowskiMobileApp\BukowskiReactNativeBuild\app\QRScanner.jsx">
        <metrics statements="326" coveredstatements="54" conditionals="249" coveredconditionals="10" methods="70" coveredmethods="2"/>
        <line num="7" count="5" type="stmt"/>
        <line num="8" count="43" type="stmt"/>
        <line num="9" count="43" type="stmt"/>
        <line num="10" count="43" type="stmt"/>
        <line num="11" count="43" type="stmt"/>
        <line num="12" count="43" type="stmt"/>
        <line num="13" count="43" type="stmt"/>
        <line num="14" count="43" type="stmt"/>
        <line num="15" count="43" type="stmt"/>
        <line num="16" count="43" type="stmt"/>
        <line num="17" count="43" type="stmt"/>
        <line num="18" count="43" type="stmt"/>
        <line num="19" count="43" type="stmt"/>
        <line num="20" count="43" type="stmt"/>
        <line num="21" count="43" type="stmt"/>
        <line num="22" count="43" type="stmt"/>
        <line num="23" count="43" type="stmt"/>
        <line num="24" count="43" type="stmt"/>
        <line num="25" count="43" type="stmt"/>
        <line num="27" count="43" type="stmt"/>
        <line num="28" count="0" type="stmt"/>
        <line num="31" count="43" type="stmt"/>
        <line num="32" count="0" type="stmt"/>
        <line num="33" count="0" type="stmt"/>
        <line num="36" count="43" type="stmt"/>
        <line num="37" count="0" type="stmt"/>
        <line num="40" count="43" type="stmt"/>
        <line num="41" count="0" type="stmt"/>
        <line num="42" count="0" type="stmt"/>
        <line num="45" count="43" type="cond" truecount="0" falsecount="1"/>
        <line num="46" count="0" type="cond" truecount="0" falsecount="4"/>
        <line num="47" count="0" type="stmt"/>
        <line num="52" count="0" type="stmt"/>
        <line num="53" count="0" type="cond" truecount="0" falsecount="7"/>
        <line num="62" count="0" type="stmt"/>
        <line num="66" count="43" type="stmt"/>
        <line num="67" count="0" type="stmt"/>
        <line num="70" count="0" type="stmt"/>
        <line num="71" count="0" type="stmt"/>
        <line num="73" count="0" type="cond" truecount="0" falsecount="2"/>
        <line num="74" count="0" type="stmt"/>
        <line num="77" count="0" type="stmt"/>
        <line num="80" count="0" type="cond" truecount="0" falsecount="2"/>
        <line num="81" count="0" type="stmt"/>
        <line num="85" count="0" type="cond" truecount="0" falsecount="5"/>
        <line num="86" count="0" type="cond" truecount="0" falsecount="5"/>
        <line num="87" count="0" type="cond" truecount="0" falsecount="5"/>
        <line num="90" count="0" type="cond" truecount="0" falsecount="5"/>
        <line num="91" count="0" type="stmt"/>
        <line num="95" count="0" type="stmt"/>
        <line num="96" count="0" type="cond" truecount="0" falsecount="2"/>
        <line num="99" count="0" type="stmt"/>
        <line num="100" count="0" type="cond" truecount="0" falsecount="2"/>
        <line num="103" count="0" type="stmt"/>
        <line num="104" count="0" type="cond" truecount="0" falsecount="2"/>
        <line num="107" count="0" type="cond" truecount="0" falsecount="6"/>
        <line num="109" count="0" type="stmt"/>
        <line num="111" count="0" type="stmt"/>
        <line num="112" count="0" type="stmt"/>
        <line num="117" count="43" type="stmt"/>
        <line num="118" count="0" type="stmt"/>
        <line num="125" count="0" type="cond" truecount="0" falsecount="2"/>
        <line num="126" count="0" type="stmt"/>
        <line num="129" count="0" type="stmt"/>
        <line num="130" count="0" type="stmt"/>
        <line num="131" count="0" type="stmt"/>
        <line num="132" count="0" type="stmt"/>
        <line num="135" count="0" type="cond" truecount="0" falsecount="4"/>
        <line num="136" count="0" type="stmt"/>
        <line num="140" count="0" type="stmt"/>
        <line num="143" count="0" type="cond" truecount="0" falsecount="4"/>
        <line num="144" count="0" type="stmt"/>
        <line num="148" count="0" type="cond" truecount="0" falsecount="5"/>
        <line num="149" count="0" type="cond" truecount="0" falsecount="5"/>
        <line num="152" count="0" type="cond" truecount="0" falsecount="4"/>
        <line num="153" count="0" type="stmt"/>
        <line num="157" count="0" type="stmt"/>
        <line num="158" count="0" type="cond" truecount="0" falsecount="2"/>
        <line num="161" count="0" type="stmt"/>
        <line num="162" count="0" type="cond" truecount="0" falsecount="2"/>
        <line num="165" count="0" type="stmt"/>
        <line num="167" count="0" type="stmt"/>
        <line num="169" count="0" type="stmt"/>
        <line num="170" count="0" type="stmt"/>
        <line num="175" count="43" type="stmt"/>
        <line num="176" count="0" type="stmt"/>
        <line num="183" count="0" type="cond" truecount="0" falsecount="2"/>
        <line num="184" count="0" type="stmt"/>
        <line num="187" count="0" type="stmt"/>
        <line num="188" count="0" type="stmt"/>
        <line num="189" count="0" type="stmt"/>
        <line num="190" count="0" type="stmt"/>
        <line num="191" count="0" type="stmt"/>
        <line num="194" count="0" type="cond" truecount="0" falsecount="5"/>
        <line num="195" count="0" type="stmt"/>
        <line num="199" count="0" type="stmt"/>
        <line num="202" count="0" type="cond" truecount="0" falsecount="4"/>
        <line num="203" count="0" type="stmt"/>
        <line num="207" count="0" type="cond" truecount="0" falsecount="5"/>
        <line num="208" count="0" type="cond" truecount="0" falsecount="5"/>
        <line num="211" count="0" type="cond" truecount="0" falsecount="4"/>
        <line num="212" count="0" type="stmt"/>
        <line num="216" count="0" type="stmt"/>
        <line num="217" count="0" type="cond" truecount="0" falsecount="2"/>
        <line num="220" count="0" type="stmt"/>
        <line num="221" count="0" type="cond" truecount="0" falsecount="2"/>
        <line num="224" count="0" type="stmt"/>
        <line num="226" count="0" type="stmt"/>
        <line num="228" count="0" type="stmt"/>
        <line num="229" count="0" type="stmt"/>
        <line num="234" count="43" type="stmt"/>
        <line num="235" count="0" type="stmt"/>
        <line num="239" count="0" type="cond" truecount="0" falsecount="2"/>
        <line num="240" count="0" type="stmt"/>
        <line num="243" count="0" type="stmt"/>
        <line num="244" count="0" type="stmt"/>
        <line num="245" count="0" type="stmt"/>
        <line num="246" count="0" type="stmt"/>
        <line num="249" count="0" type="cond" truecount="0" falsecount="4"/>
        <line num="250" count="0" type="stmt"/>
        <line num="254" count="0" type="cond" truecount="0" falsecount="5"/>
        <line num="257" count="0" type="cond" truecount="0" falsecount="2"/>
        <line num="258" count="0" type="stmt"/>
        <line num="262" count="0" type="stmt"/>
        <line num="263" count="0" type="cond" truecount="0" falsecount="2"/>
        <line num="266" count="0" type="stmt"/>
        <line num="267" count="0" type="stmt"/>
        <line num="268" count="0" type="stmt"/>
        <line num="270" count="0" type="stmt"/>
        <line num="274" count="0" type="stmt"/>
        <line num="276" count="0" type="stmt"/>
        <line num="277" count="0" type="cond" truecount="0" falsecount="2"/>
        <line num="280" count="0" type="cond" truecount="0" falsecount="2"/>
        <line num="283" count="0" type="stmt"/>
        <line num="285" count="0" type="stmt"/>
        <line num="287" count="0" type="stmt"/>
        <line num="289" count="0" type="stmt"/>
        <line num="292" count="0" type="stmt"/>
        <line num="293" count="0" type="stmt"/>
        <line num="297" count="43" type="stmt"/>
        <line num="298" count="0" type="stmt"/>
        <line num="299" count="0" type="stmt"/>
        <line num="302" count="43" type="stmt"/>
        <line num="303" count="0" type="stmt"/>
        <line num="304" count="0" type="stmt"/>
        <line num="307" count="43" type="stmt"/>
        <line num="308" count="40" type="cond" truecount="2" falsecount="0"/>
        <line num="309" count="38" type="stmt"/>
        <line num="310" count="38" type="stmt"/>
        <line num="312" count="2" type="stmt"/>
        <line num="313" count="2" type="stmt"/>
        <line num="317" count="43" type="stmt"/>
        <line num="318" count="0" type="stmt"/>
        <line num="319" count="0" type="stmt"/>
        <line num="322" count="43" type="cond" truecount="1" falsecount="1"/>
        <line num="324" count="43" type="cond" truecount="1" falsecount="1"/>
        <line num="325" count="0" type="stmt"/>
        <line num="343" count="43" type="cond" truecount="4" falsecount="0"/>
        <line num="345" count="2" type="stmt"/>
        <line num="356" count="0" type="stmt"/>
        <line num="357" count="0" type="stmt"/>
        <line num="366" count="41" type="stmt"/>
        <line num="367" count="0" type="cond" truecount="0" falsecount="2"/>
        <line num="368" count="0" type="stmt"/>
        <line num="369" count="0" type="stmt"/>
        <line num="372" count="0" type="stmt"/>
        <line num="374" count="0" type="cond" truecount="0" falsecount="2"/>
        <line num="376" count="0" type="stmt"/>
        <line num="379" count="0" type="stmt"/>
        <line num="380" count="0" type="cond" truecount="0" falsecount="2"/>
        <line num="382" count="0" type="stmt"/>
        <line num="383" count="0" type="cond" truecount="0" falsecount="2"/>
        <line num="384" count="0" type="stmt"/>
        <line num="386" count="0" type="stmt"/>
        <line num="389" count="0" type="stmt"/>
        <line num="393" count="0" type="stmt"/>
        <line num="395" count="0" type="cond" truecount="0" falsecount="2"/>
        <line num="397" count="0" type="stmt"/>
        <line num="400" count="0" type="stmt"/>
        <line num="401" count="0" type="cond" truecount="0" falsecount="2"/>
        <line num="403" count="0" type="stmt"/>
        <line num="404" count="0" type="cond" truecount="0" falsecount="2"/>
        <line num="405" count="0" type="stmt"/>
        <line num="407" count="0" type="stmt"/>
        <line num="410" count="0" type="stmt"/>
        <line num="414" count="0" type="stmt"/>
        <line num="416" count="0" type="cond" truecount="0" falsecount="2"/>
        <line num="418" count="0" type="stmt"/>
        <line num="421" count="0" type="stmt"/>
        <line num="422" count="0" type="cond" truecount="0" falsecount="2"/>
        <line num="424" count="0" type="stmt"/>
        <line num="425" count="0" type="cond" truecount="0" falsecount="2"/>
        <line num="426" count="0" type="stmt"/>
        <line num="428" count="0" type="stmt"/>
        <line num="431" count="0" type="stmt"/>
        <line num="435" count="0" type="stmt"/>
        <line num="437" count="0" type="cond" truecount="0" falsecount="2"/>
        <line num="439" count="0" type="stmt"/>
        <line num="442" count="0" type="stmt"/>
        <line num="443" count="0" type="cond" truecount="0" falsecount="2"/>
        <line num="445" count="0" type="stmt"/>
        <line num="446" count="0" type="cond" truecount="0" falsecount="2"/>
        <line num="447" count="0" type="stmt"/>
        <line num="449" count="0" type="stmt"/>
        <line num="452" count="0" type="stmt"/>
        <line num="456" count="0" type="stmt"/>
        <line num="458" count="0" type="cond" truecount="0" falsecount="2"/>
        <line num="459" count="0" type="stmt"/>
        <line num="462" count="0" type="stmt"/>
        <line num="463" count="0" type="cond" truecount="0" falsecount="2"/>
        <line num="465" count="0" type="stmt"/>
        <line num="466" count="0" type="cond" truecount="0" falsecount="2"/>
        <line num="467" count="0" type="stmt"/>
        <line num="469" count="0" type="stmt"/>
        <line num="472" count="0" type="stmt"/>
        <line num="475" count="0" type="stmt"/>
        <line num="476" count="0" type="stmt"/>
        <line num="483" count="0" type="stmt"/>
        <line num="489" count="41" type="stmt"/>
        <line num="490" count="0" type="cond" truecount="0" falsecount="2"/>
        <line num="493" count="41" type="stmt"/>
        <line num="494" count="0" type="stmt"/>
        <line num="497" count="41" type="stmt"/>
        <line num="498" count="0" type="cond" truecount="0" falsecount="2"/>
        <line num="499" count="0" type="stmt"/>
        <line num="500" count="0" type="stmt"/>
        <line num="504" count="41" type="stmt"/>
        <line num="505" count="0" type="stmt"/>
        <line num="506" count="0" type="stmt"/>
        <line num="507" count="0" type="stmt"/>
        <line num="510" count="41" type="stmt"/>
        <line num="511" count="0" type="stmt"/>
        <line num="514" count="41" type="stmt"/>
        <line num="515" count="0" type="cond" truecount="0" falsecount="2"/>
        <line num="516" count="0" type="stmt"/>
        <line num="517" count="0" type="stmt"/>
        <line num="521" count="41" type="stmt"/>
        <line num="522" count="0" type="stmt"/>
        <line num="523" count="0" type="stmt"/>
        <line num="524" count="0" type="stmt"/>
        <line num="527" count="41" type="stmt"/>
        <line num="528" count="0" type="stmt"/>
        <line num="529" count="0" type="stmt"/>
        <line num="530" count="0" type="stmt"/>
        <line num="533" count="41" type="stmt"/>
        <line num="534" count="0" type="cond" truecount="0" falsecount="2"/>
        <line num="535" count="0" type="stmt"/>
        <line num="536" count="0" type="cond" truecount="0" falsecount="2"/>
        <line num="537" count="0" type="stmt"/>
        <line num="539" count="0" type="stmt"/>
        <line num="542" count="41" type="stmt"/>
        <line num="543" count="0" type="stmt"/>
        <line num="548" count="0" type="stmt"/>
        <line num="549" count="0" type="stmt"/>
        <line num="552" count="0" type="stmt"/>
        <line num="555" count="0" type="stmt"/>
        <line num="558" count="0" type="cond" truecount="0" falsecount="4"/>
        <line num="560" count="0" type="stmt"/>
        <line num="561" count="0" type="cond" truecount="0" falsecount="5"/>
        <line num="562" count="0" type="cond" truecount="0" falsecount="3"/>
        <line num="565" count="0" type="stmt"/>
        <line num="566" count="0" type="stmt"/>
        <line num="567" count="0" type="stmt"/>
        <line num="569" count="0" type="cond" truecount="0" falsecount="6"/>
        <line num="570" count="0" type="cond" truecount="0" falsecount="5"/>
        <line num="572" count="0" type="stmt"/>
        <line num="573" count="0" type="stmt"/>
        <line num="576" count="0" type="stmt"/>
        <line num="577" count="0" type="stmt"/>
        <line num="578" count="0" type="stmt"/>
        <line num="580" count="0" type="cond" truecount="0" falsecount="2"/>
        <line num="581" count="0" type="cond" truecount="0" falsecount="2"/>
        <line num="583" count="0" type="cond" truecount="0" falsecount="2"/>
        <line num="586" count="0" type="cond" truecount="0" falsecount="2"/>
        <line num="587" count="0" type="cond" truecount="0" falsecount="5"/>
        <line num="588" count="0" type="cond" truecount="0" falsecount="2"/>
        <line num="592" count="0" type="cond" truecount="0" falsecount="2"/>
        <line num="595" count="0" type="stmt"/>
        <line num="596" count="0" type="cond" truecount="0" falsecount="2"/>
        <line num="597" count="0" type="stmt"/>
        <line num="599" count="0" type="stmt"/>
        <line num="600" count="0" type="cond" truecount="0" falsecount="2"/>
        <line num="601" count="0" type="stmt"/>
        <line num="603" count="0" type="stmt"/>
        <line num="616" count="0" type="cond" truecount="0" falsecount="5"/>
        <line num="617" count="0" type="stmt"/>
        <line num="622" count="0" type="stmt"/>
        <line num="623" count="0" type="stmt"/>
        <line num="626" count="0" type="stmt"/>
        <line num="627" count="0" type="stmt"/>
        <line num="628" count="0" type="stmt"/>
        <line num="631" count="0" type="stmt"/>
        <line num="632" count="0" type="stmt"/>
        <line num="633" count="0" type="stmt"/>
        <line num="634" count="0" type="stmt"/>
        <line num="635" count="0" type="stmt"/>
        <line num="637" count="0" type="stmt"/>
        <line num="638" count="0" type="stmt"/>
        <line num="641" count="0" type="stmt"/>
        <line num="642" count="0" type="stmt"/>
        <line num="648" count="41" type="stmt"/>
        <line num="676" count="0" type="stmt"/>
        <line num="693" count="0" type="stmt"/>
        <line num="694" count="0" type="stmt"/>
        <line num="751" count="0" type="stmt"/>
        <line num="759" count="0" type="stmt"/>
        <line num="761" count="0" type="stmt"/>
        <line num="763" count="0" type="stmt"/>
        <line num="781" count="0" type="stmt"/>
        <line num="804" count="0" type="stmt"/>
        <line num="826" count="0" type="stmt"/>
        <line num="827" count="0" type="stmt"/>
        <line num="843" count="0" type="stmt"/>
        <line num="858" count="0" type="stmt"/>
        <line num="874" count="0" type="stmt"/>
        <line num="881" count="0" type="stmt"/>
        <line num="883" count="0" type="stmt"/>
        <line num="885" count="0" type="stmt"/>
        <line num="893" count="0" type="stmt"/>
        <line num="917" count="0" type="stmt"/>
        <line num="939" count="0" type="stmt"/>
        <line num="940" count="0" type="stmt"/>
        <line num="956" count="0" type="stmt"/>
        <line num="967" count="0" type="stmt"/>
        <line num="968" count="0" type="stmt"/>
        <line num="989" count="5" type="stmt"/>
      </file>
    </package>
    <package name="BukowskiReactNativeBuild.app.(auth)">
      <metrics statements="27" coveredstatements="26" conditionals="8" coveredconditionals="8" methods="6" coveredmethods="6"/>
      <file name="sign-in.jsx" path="C:\Users\wbuko\Desktop\Programowanie\Programy\BukowskiMobileApp\BukowskiReactNativeBuild\app\(auth)\sign-in.jsx">
        <metrics statements="27" coveredstatements="26" conditionals="8" coveredconditionals="8" methods="6" coveredmethods="6"/>
        <line num="12" count="2" type="stmt"/>
        <line num="13" count="47" type="stmt"/>
        <line num="17" count="47" type="stmt"/>
        <line num="18" count="47" type="stmt"/>
        <line num="19" count="47" type="stmt"/>
        <line num="21" count="47" type="stmt"/>
        <line num="22" count="10" type="stmt"/>
        <line num="23" count="10" type="stmt"/>
        <line num="24" count="10" type="stmt"/>
        <line num="25" count="10" type="cond" truecount="2" falsecount="0"/>
        <line num="26" count="1" type="stmt"/>
        <line num="27" count="1" type="stmt"/>
        <line num="31" count="0" type="stmt"/>
        <line num="35" count="10" type="stmt"/>
        <line num="38" count="47" type="stmt"/>
        <line num="39" count="10" type="stmt"/>
        <line num="40" count="10" type="stmt"/>
        <line num="41" count="10" type="stmt"/>
        <line num="42" count="4" type="stmt"/>
        <line num="44" count="4" type="stmt"/>
        <line num="46" count="6" type="stmt"/>
        <line num="50" count="47" type="stmt"/>
        <line num="65" count="10" type="stmt"/>
        <line num="66" count="10" type="cond" truecount="2" falsecount="0"/>
        <line num="76" count="8" type="stmt"/>
        <line num="77" count="8" type="cond" truecount="2" falsecount="0"/>
        <line num="107" count="2" type="stmt"/>
      </file>
    </package>
    <package name="BukowskiReactNativeBuild.app.(tabs)">
      <metrics statements="831" coveredstatements="414" conditionals="513" coveredconditionals="147" methods="249" coveredmethods="77"/>
      <file name="create.jsx" path="C:\Users\wbuko\Desktop\Programowanie\Programy\BukowskiMobileApp\BukowskiReactNativeBuild\app\(tabs)\create.jsx">
        <metrics statements="53" coveredstatements="50" conditionals="12" coveredconditionals="9" methods="13" coveredmethods="11"/>
        <line num="27" count="16" type="stmt"/>
        <line num="29" count="16" type="stmt"/>
        <line num="30" count="16" type="stmt"/>
        <line num="31" count="16" type="stmt"/>
        <line num="32" count="16" type="stmt"/>
        <line num="35" count="16" type="stmt"/>
        <line num="36" count="16" type="stmt"/>
        <line num="37" count="16" type="stmt"/>
        <line num="38" count="16" type="stmt"/>
        <line num="41" count="16" type="stmt"/>
        <line num="42" count="15" type="cond" truecount="2" falsecount="0"/>
        <line num="43" count="5" type="stmt"/>
        <line num="44" count="5" type="stmt"/>
        <line num="45" count="15" type="stmt"/>
        <line num="62" count="5" type="stmt"/>
        <line num="70" count="5" type="stmt"/>
        <line num="71" count="5" type="stmt"/>
        <line num="80" count="5" type="stmt"/>
        <line num="81" count="5" type="stmt"/>
        <line num="84" count="10" type="stmt"/>
        <line num="85" count="10" type="stmt"/>
        <line num="86" count="10" type="stmt"/>
        <line num="87" count="10" type="stmt"/>
        <line num="91" count="16" type="stmt"/>
        <line num="93" count="6" type="stmt"/>
        <line num="94" count="6" type="stmt"/>
        <line num="95" count="6" type="stmt"/>
        <line num="98" count="6" type="stmt"/>
        <line num="101" count="6" type="stmt"/>
        <line num="102" count="6" type="stmt"/>
        <line num="103" count="0" type="stmt"/>
        <line num="107" count="6" type="stmt"/>
        <line num="109" count="6" type="stmt"/>
        <line num="120" count="6" type="stmt"/>
        <line num="126" count="4" type="stmt"/>
        <line num="128" count="4" type="cond" truecount="1" falsecount="1"/>
        <line num="129" count="4" type="cond" truecount="1" falsecount="1"/>
        <line num="132" count="4" type="stmt"/>
        <line num="136" count="2" type="cond" truecount="3" falsecount="1"/>
        <line num="137" count="0" type="stmt"/>
        <line num="139" count="2" type="stmt"/>
        <line num="142" count="2" type="stmt"/>
        <line num="144" count="6" type="stmt"/>
        <line num="149" count="16" type="stmt"/>
        <line num="151" count="5" type="stmt"/>
        <line num="153" count="5" type="stmt"/>
        <line num="159" count="16" type="stmt"/>
        <line num="160" count="1" type="stmt"/>
        <line num="161" count="1" type="stmt"/>
        <line num="164" count="16" type="stmt"/>
        <line num="165" count="0" type="stmt"/>
        <line num="168" count="16" type="stmt"/>
        <line num="279" count="1" type="stmt"/>
      </file>
      <file name="home.jsx" path="C:\Users\wbuko\Desktop\Programowanie\Programy\BukowskiMobileApp\BukowskiReactNativeBuild\app\(tabs)\home.jsx">
        <metrics statements="383" coveredstatements="148" conditionals="250" coveredconditionals="31" methods="136" coveredmethods="25"/>
        <line num="9" count="1" type="stmt"/>
        <line num="10" count="95" type="stmt"/>
        <line num="11" count="95" type="stmt"/>
        <line num="12" count="95" type="stmt"/>
        <line num="13" count="95" type="stmt"/>
        <line num="14" count="95" type="stmt"/>
        <line num="15" count="95" type="stmt"/>
        <line num="16" count="95" type="stmt"/>
        <line num="17" count="95" type="stmt"/>
        <line num="18" count="95" type="stmt"/>
        <line num="19" count="95" type="stmt"/>
        <line num="20" count="95" type="stmt"/>
        <line num="21" count="95" type="stmt"/>
        <line num="22" count="95" type="stmt"/>
        <line num="23" count="95" type="stmt"/>
        <line num="24" count="95" type="stmt"/>
        <line num="25" count="95" type="stmt"/>
        <line num="26" count="95" type="stmt"/>
        <line num="27" count="95" type="stmt"/>
        <line num="28" count="95" type="stmt"/>
        <line num="29" count="95" type="stmt"/>
        <line num="30" count="95" type="stmt"/>
        <line num="31" count="95" type="stmt"/>
        <line num="32" count="95" type="stmt"/>
        <line num="33" count="95" type="stmt"/>
        <line num="34" count="95" type="stmt"/>
        <line num="35" count="95" type="stmt"/>
        <line num="36" count="95" type="stmt"/>
        <line num="37" count="95" type="stmt"/>
        <line num="38" count="95" type="stmt"/>
        <line num="39" count="95" type="stmt"/>
        <line num="40" count="95" type="stmt"/>
        <line num="42" count="95" type="stmt"/>
        <line num="43" count="92" type="stmt"/>
        <line num="44" count="92" type="stmt"/>
        <line num="45" count="92" type="stmt"/>
        <line num="48" count="92" type="cond" truecount="1" falsecount="4"/>
        <line num="49" count="92" type="stmt"/>
        <line num="54" count="92" type="stmt"/>
        <line num="55" count="92" type="stmt"/>
        <line num="56" count="184" type="cond" truecount="2" falsecount="0"/>
        <line num="58" count="92" type="stmt"/>
        <line num="60" count="92" type="stmt"/>
        <line num="61" count="184" type="cond" truecount="1" falsecount="2"/>
        <line num="63" count="92" type="stmt"/>
        <line num="66" count="92" type="stmt"/>
        <line num="67" count="92" type="stmt"/>
        <line num="68" count="0" type="stmt"/>
        <line num="69" count="0" type="cond" truecount="0" falsecount="2"/>
        <line num="71" count="0" type="stmt"/>
        <line num="72" count="0" type="cond" truecount="0" falsecount="2"/>
        <line num="75" count="92" type="stmt"/>
        <line num="77" count="0" type="stmt"/>
        <line num="81" count="95" type="stmt"/>
        <line num="82" count="0" type="stmt"/>
        <line num="83" count="0" type="stmt"/>
        <line num="84" count="0" type="cond" truecount="0" falsecount="2"/>
        <line num="85" count="0" type="stmt"/>
        <line num="87" count="0" type="stmt"/>
        <line num="88" count="0" type="stmt"/>
        <line num="91" count="0" type="stmt"/>
        <line num="92" count="0" type="cond" truecount="0" falsecount="4"/>
        <line num="94" count="0" type="stmt"/>
        <line num="95" count="0" type="cond" truecount="0" falsecount="4"/>
        <line num="98" count="0" type="stmt"/>
        <line num="100" count="0" type="stmt"/>
        <line num="104" count="95" type="stmt"/>
        <line num="105" count="0" type="stmt"/>
        <line num="106" count="0" type="cond" truecount="0" falsecount="2"/>
        <line num="107" count="0" type="stmt"/>
        <line num="109" count="0" type="cond" truecount="0" falsecount="2"/>
        <line num="110" count="0" type="cond" truecount="0" falsecount="2"/>
        <line num="113" count="0" type="stmt"/>
        <line num="124" count="0" type="cond" truecount="0" falsecount="2"/>
        <line num="125" count="0" type="stmt"/>
        <line num="128" count="0" type="stmt"/>
        <line num="130" count="0" type="stmt"/>
        <line num="131" count="0" type="cond" truecount="0" falsecount="2"/>
        <line num="133" count="0" type="stmt"/>
        <line num="135" count="0" type="stmt"/>
        <line num="138" count="0" type="stmt"/>
        <line num="143" count="95" type="stmt"/>
        <line num="144" count="51" type="stmt"/>
        <line num="145" count="51" type="stmt"/>
        <line num="146" count="0" type="stmt"/>
        <line num="147" count="0" type="cond" truecount="0" falsecount="2"/>
        <line num="149" count="0" type="stmt"/>
        <line num="150" count="0" type="cond" truecount="0" falsecount="2"/>
        <line num="153" count="51" type="stmt"/>
        <line num="156" count="95" type="stmt"/>
        <line num="157" count="92" type="stmt"/>
        <line num="158" count="92" type="stmt"/>
        <line num="159" count="92" type="stmt"/>
        <line num="162" count="92" type="cond" truecount="1" falsecount="4"/>
        <line num="163" count="92" type="stmt"/>
        <line num="165" count="92" type="stmt"/>
        <line num="167" count="0" type="stmt"/>
        <line num="168" count="0" type="stmt"/>
        <line num="172" count="95" type="stmt"/>
        <line num="173" count="92" type="stmt"/>
        <line num="174" count="92" type="stmt"/>
        <line num="175" count="92" type="stmt"/>
        <line num="178" count="92" type="cond" truecount="1" falsecount="4"/>
        <line num="179" count="92" type="stmt"/>
        <line num="181" count="0" type="stmt"/>
        <line num="182" count="0" type="stmt"/>
        <line num="186" count="95" type="stmt"/>
        <line num="187" count="92" type="stmt"/>
        <line num="188" count="92" type="stmt"/>
        <line num="189" count="91" type="stmt"/>
        <line num="192" count="91" type="cond" truecount="1" falsecount="4"/>
        <line num="195" count="91" type="stmt"/>
        <line num="196" count="22" type="cond" truecount="1" falsecount="2"/>
        <line num="201" count="91" type="stmt"/>
        <line num="203" count="1" type="stmt"/>
        <line num="204" count="1" type="stmt"/>
        <line num="208" count="95" type="stmt"/>
        <line num="209" count="92" type="stmt"/>
        <line num="210" count="92" type="stmt"/>
        <line num="211" count="92" type="stmt"/>
        <line num="214" count="92" type="cond" truecount="1" falsecount="4"/>
        <line num="217" count="92" type="stmt"/>
        <line num="218" count="22" type="stmt"/>
        <line num="221" count="92" type="stmt"/>
        <line num="223" count="0" type="stmt"/>
        <line num="224" count="0" type="stmt"/>
        <line num="229" count="95" type="stmt"/>
        <line num="232" count="95" type="stmt"/>
        <line num="235" count="95" type="stmt"/>
        <line num="236" count="95" type="stmt"/>
        <line num="237" count="0" type="cond" truecount="0" falsecount="4"/>
        <line num="238" count="0" type="cond" truecount="0" falsecount="4"/>
        <line num="240" count="0" type="cond" truecount="0" falsecount="2"/>
        <line num="245" count="95" type="stmt"/>
        <line num="246" count="95" type="stmt"/>
        <line num="247" count="0" type="cond" truecount="0" falsecount="3"/>
        <line num="249" count="0" type="stmt"/>
        <line num="250" count="0" type="cond" truecount="0" falsecount="2"/>
        <line num="254" count="95" type="stmt"/>
        <line num="255" count="95" type="stmt"/>
        <line num="256" count="0" type="cond" truecount="0" falsecount="2"/>
        <line num="258" count="0" type="stmt"/>
        <line num="259" count="0" type="cond" truecount="0" falsecount="2"/>
        <line num="263" count="95" type="stmt"/>
        <line num="269" count="95" type="stmt"/>
        <line num="270" count="95" type="stmt"/>
        <line num="271" count="0" type="cond" truecount="0" falsecount="2"/>
        <line num="272" count="0" type="cond" truecount="0" falsecount="2"/>
        <line num="273" count="0" type="cond" truecount="0" falsecount="2"/>
        <line num="274" count="0" type="stmt"/>
        <line num="277" count="95" type="stmt"/>
        <line num="280" count="95" type="stmt"/>
        <line num="281" count="0" type="cond" truecount="0" falsecount="4"/>
        <line num="282" count="0" type="stmt"/>
        <line num="283" count="0" type="stmt"/>
        <line num="286" count="0" type="cond" truecount="0" falsecount="2"/>
        <line num="287" count="0" type="stmt"/>
        <line num="288" count="0" type="stmt"/>
        <line num="292" count="0" type="stmt"/>
        <line num="293" count="0" type="stmt"/>
        <line num="294" count="0" type="cond" truecount="0" falsecount="2"/>
        <line num="296" count="0" type="cond" truecount="0" falsecount="2"/>
        <line num="297" count="0" type="stmt"/>
        <line num="302" count="0" type="stmt"/>
        <line num="305" count="0" type="stmt"/>
        <line num="306" count="0" type="stmt"/>
        <line num="314" count="0" type="stmt"/>
        <line num="320" count="0" type="cond" truecount="0" falsecount="2"/>
        <line num="321" count="0" type="stmt"/>
        <line num="325" count="0" type="stmt"/>
        <line num="326" count="0" type="stmt"/>
        <line num="327" count="0" type="stmt"/>
        <line num="328" count="0" type="stmt"/>
        <line num="329" count="0" type="stmt"/>
        <line num="331" count="0" type="stmt"/>
        <line num="333" count="0" type="stmt"/>
        <line num="334" count="0" type="stmt"/>
        <line num="338" count="95" type="stmt"/>
        <line num="339" count="0" type="cond" truecount="0" falsecount="2"/>
        <line num="340" count="0" type="stmt"/>
        <line num="341" count="0" type="stmt"/>
        <line num="344" count="0" type="stmt"/>
        <line num="345" count="0" type="stmt"/>
        <line num="350" count="0" type="cond" truecount="0" falsecount="2"/>
        <line num="351" count="0" type="stmt"/>
        <line num="355" count="0" type="stmt"/>
        <line num="356" count="0" type="stmt"/>
        <line num="357" count="0" type="stmt"/>
        <line num="359" count="0" type="stmt"/>
        <line num="361" count="0" type="stmt"/>
        <line num="362" count="0" type="stmt"/>
        <line num="366" count="95" type="stmt"/>
        <line num="367" count="0" type="stmt"/>
        <line num="368" count="0" type="stmt"/>
        <line num="371" count="95" type="stmt"/>
        <line num="373" count="92" type="stmt"/>
        <line num="374" count="92" type="cond" truecount="1" falsecount="1"/>
        <line num="375" count="92" type="stmt"/>
        <line num="376" count="92" type="stmt"/>
        <line num="377" count="92" type="stmt"/>
        <line num="378" count="92" type="stmt"/>
        <line num="383" count="95" type="stmt"/>
        <line num="384" count="0" type="stmt"/>
        <line num="385" count="0" type="stmt"/>
        <line num="386" count="0" type="cond" truecount="0" falsecount="2"/>
        <line num="387" count="0" type="stmt"/>
        <line num="388" count="0" type="stmt"/>
        <line num="389" count="0" type="stmt"/>
        <line num="390" count="0" type="stmt"/>
        <line num="392" count="0" type="stmt"/>
        <line num="395" count="95" type="stmt"/>
        <line num="396" count="0" type="stmt"/>
        <line num="397" count="0" type="cond" truecount="0" falsecount="2"/>
        <line num="398" count="0" type="stmt"/>
        <line num="399" count="0" type="stmt"/>
        <line num="409" count="0" type="cond" truecount="0" falsecount="2"/>
        <line num="410" count="0" type="stmt"/>
        <line num="412" count="0" type="stmt"/>
        <line num="413" count="0" type="cond" truecount="0" falsecount="2"/>
        <line num="415" count="0" type="stmt"/>
        <line num="417" count="0" type="stmt"/>
        <line num="420" count="0" type="stmt"/>
        <line num="424" count="95" type="stmt"/>
        <line num="425" count="0" type="stmt"/>
        <line num="428" count="95" type="stmt"/>
        <line num="429" count="0" type="cond" truecount="0" falsecount="2"/>
        <line num="430" count="0" type="stmt"/>
        <line num="431" count="0" type="stmt"/>
        <line num="435" count="95" type="stmt"/>
        <line num="436" count="0" type="stmt"/>
        <line num="437" count="0" type="stmt"/>
        <line num="438" count="0" type="stmt"/>
        <line num="441" count="95" type="stmt"/>
        <line num="442" count="0" type="stmt"/>
        <line num="445" count="95" type="stmt"/>
        <line num="446" count="0" type="cond" truecount="0" falsecount="2"/>
        <line num="447" count="0" type="stmt"/>
        <line num="448" count="0" type="stmt"/>
        <line num="452" count="95" type="stmt"/>
        <line num="453" count="0" type="stmt"/>
        <line num="454" count="0" type="stmt"/>
        <line num="455" count="0" type="stmt"/>
        <line num="458" count="95" type="stmt"/>
        <line num="459" count="0" type="stmt"/>
        <line num="460" count="0" type="stmt"/>
        <line num="461" count="0" type="stmt"/>
        <line num="464" count="95" type="stmt"/>
        <line num="465" count="0" type="cond" truecount="0" falsecount="2"/>
        <line num="466" count="0" type="stmt"/>
        <line num="467" count="0" type="cond" truecount="0" falsecount="2"/>
        <line num="468" count="0" type="stmt"/>
        <line num="470" count="0" type="stmt"/>
        <line num="473" count="95" type="stmt"/>
        <line num="479" count="0" type="cond" truecount="0" falsecount="2"/>
        <line num="484" count="0" type="stmt"/>
        <line num="496" count="0" type="cond" truecount="0" falsecount="4"/>
        <line num="498" count="0" type="stmt"/>
        <line num="509" count="0" type="stmt"/>
        <line num="515" count="95" type="stmt"/>
        <line num="541" count="1" type="stmt"/>
        <line num="558" count="95" type="stmt"/>
        <line num="559" count="95" type="stmt"/>
        <line num="560" count="0" type="cond" truecount="0" falsecount="3"/>
        <line num="562" count="95" type="stmt"/>
        <line num="563" count="0" type="cond" truecount="0" falsecount="2"/>
        <line num="565" count="95" type="stmt"/>
        <line num="572" count="0" type="stmt"/>
        <line num="581" count="0" type="stmt"/>
        <line num="591" count="0" type="cond" truecount="0" falsecount="2"/>
        <line num="605" count="0" type="stmt"/>
        <line num="629" count="0" type="stmt"/>
        <line num="647" count="95" type="stmt"/>
        <line num="648" count="95" type="stmt"/>
        <line num="649" count="0" type="cond" truecount="0" falsecount="2"/>
        <line num="652" count="95" type="cond" truecount="1" falsecount="1"/>
        <line num="656" count="0" type="stmt"/>
        <line num="678" count="0" type="stmt"/>
        <line num="679" count="0" type="stmt"/>
        <line num="680" count="0" type="stmt"/>
        <line num="681" count="0" type="cond" truecount="0" falsecount="2"/>
        <line num="683" count="0" type="stmt"/>
        <line num="684" count="0" type="stmt"/>
        <line num="697" count="95" type="stmt"/>
        <line num="698" count="95" type="stmt"/>
        <line num="699" count="0" type="cond" truecount="0" falsecount="2"/>
        <line num="702" count="95" type="cond" truecount="1" falsecount="1"/>
        <line num="706" count="0" type="stmt"/>
        <line num="717" count="0" type="stmt"/>
        <line num="733" count="0" type="stmt"/>
        <line num="734" count="0" type="stmt"/>
        <line num="735" count="0" type="stmt"/>
        <line num="736" count="0" type="cond" truecount="0" falsecount="2"/>
        <line num="738" count="0" type="stmt"/>
        <line num="739" count="0" type="stmt"/>
        <line num="752" count="95" type="stmt"/>
        <line num="755" count="95" type="stmt"/>
        <line num="756" count="95" type="stmt"/>
        <line num="757" count="0" type="cond" truecount="0" falsecount="4"/>
        <line num="758" count="0" type="cond" truecount="0" falsecount="4"/>
        <line num="760" count="0" type="cond" truecount="0" falsecount="2"/>
        <line num="765" count="95" type="stmt"/>
        <line num="766" count="95" type="stmt"/>
        <line num="767" count="0" type="cond" truecount="0" falsecount="3"/>
        <line num="769" count="0" type="stmt"/>
        <line num="770" count="0" type="cond" truecount="0" falsecount="2"/>
        <line num="774" count="95" type="stmt"/>
        <line num="775" count="95" type="stmt"/>
        <line num="776" count="0" type="cond" truecount="0" falsecount="2"/>
        <line num="778" count="0" type="stmt"/>
        <line num="779" count="0" type="cond" truecount="0" falsecount="2"/>
        <line num="783" count="95" type="stmt"/>
        <line num="789" count="95" type="stmt"/>
        <line num="790" count="95" type="stmt"/>
        <line num="791" count="0" type="cond" truecount="0" falsecount="2"/>
        <line num="792" count="0" type="cond" truecount="0" falsecount="2"/>
        <line num="793" count="0" type="cond" truecount="0" falsecount="2"/>
        <line num="794" count="0" type="stmt"/>
        <line num="797" count="95" type="cond" truecount="1" falsecount="1"/>
        <line num="824" count="0" type="stmt"/>
        <line num="837" count="0" type="stmt"/>
        <line num="851" count="0" type="stmt"/>
        <line num="875" count="0" type="stmt"/>
        <line num="911" count="0" type="stmt"/>
        <line num="958" count="0" type="cond" truecount="0" falsecount="2"/>
        <line num="959" count="0" type="stmt"/>
        <line num="960" count="0" type="stmt"/>
        <line num="961" count="0" type="cond" truecount="0" falsecount="2"/>
        <line num="962" count="0" type="stmt"/>
        <line num="964" count="0" type="stmt"/>
        <line num="983" count="95" type="stmt"/>
        <line num="998" count="0" type="stmt"/>
        <line num="999" count="0" type="stmt"/>
        <line num="1015" count="0" type="stmt"/>
        <line num="1030" count="0" type="stmt"/>
        <line num="1046" count="95" type="stmt"/>
        <line num="1061" count="0" type="stmt"/>
        <line num="1062" count="0" type="stmt"/>
        <line num="1078" count="0" type="stmt"/>
        <line num="1093" count="0" type="stmt"/>
        <line num="1118" count="0" type="stmt"/>
        <line num="1137" count="0" type="stmt"/>
        <line num="1166" count="0" type="stmt"/>
        <line num="1182" count="0" type="stmt"/>
        <line num="1201" count="0" type="stmt"/>
        <line num="1222" count="190" type="stmt"/>
        <line num="1224" count="0" type="stmt"/>
        <line num="1227" count="0" type="stmt"/>
        <line num="1228" count="0" type="stmt"/>
        <line num="1242" count="0" type="stmt"/>
        <line num="1261" count="0" type="stmt"/>
        <line num="1268" count="0" type="cond" truecount="0" falsecount="2"/>
        <line num="1269" count="0" type="stmt"/>
        <line num="1270" count="0" type="stmt"/>
        <line num="1279" count="0" type="cond" truecount="0" falsecount="2"/>
        <line num="1280" count="0" type="stmt"/>
        <line num="1292" count="0" type="stmt"/>
        <line num="1293" count="0" type="stmt"/>
        <line num="1297" count="0" type="cond" truecount="0" falsecount="2"/>
        <line num="1298" count="0" type="stmt"/>
        <line num="1300" count="0" type="stmt"/>
        <line num="1301" count="0" type="stmt"/>
        <line num="1303" count="0" type="stmt"/>
        <line num="1305" count="0" type="stmt"/>
        <line num="1312" count="0" type="stmt"/>
        <line num="1320" count="0" type="stmt"/>
        <line num="1334" count="0" type="stmt"/>
        <line num="1340" count="0" type="stmt"/>
        <line num="1343" count="0" type="stmt"/>
        <line num="1350" count="0" type="stmt"/>
        <line num="1364" count="0" type="stmt"/>
        <line num="1372" count="95" type="stmt"/>
        <line num="1373" count="95" type="cond" truecount="2" falsecount="0"/>
        <line num="1374" count="95" type="stmt"/>
        <line num="1398" count="0" type="stmt"/>
        <line num="1399" count="0" type="stmt"/>
        <line num="1485" count="0" type="stmt"/>
        <line num="1486" count="0" type="stmt"/>
        <line num="1487" count="0" type="stmt"/>
        <line num="1488" count="0" type="stmt"/>
        <line num="1502" count="0" type="stmt"/>
        <line num="1539" count="0" type="stmt"/>
        <line num="1540" count="0" type="stmt"/>
        <line num="1553" count="1" type="stmt"/>
      </file>
      <file name="search.jsx" path="C:\Users\wbuko\Desktop\Programowanie\Programy\BukowskiMobileApp\BukowskiReactNativeBuild\app\(tabs)\search.jsx">
        <metrics statements="56" coveredstatements="48" conditionals="34" coveredconditionals="28" methods="16" coveredmethods="12"/>
        <line num="7" count="2" type="stmt"/>
        <line num="8" count="67" type="stmt"/>
        <line num="9" count="67" type="stmt"/>
        <line num="10" count="67" type="stmt"/>
        <line num="11" count="67" type="stmt"/>
        <line num="12" count="67" type="stmt"/>
        <line num="13" count="67" type="stmt"/>
        <line num="14" count="67" type="stmt"/>
        <line num="16" count="67" type="stmt"/>
        <line num="18" count="60" type="stmt"/>
        <line num="19" count="60" type="stmt"/>
        <line num="20" count="60" type="stmt"/>
        <line num="21" count="60" type="stmt"/>
        <line num="22" count="0" type="stmt"/>
        <line num="23" count="0" type="stmt"/>
        <line num="24" count="0" type="stmt"/>
        <line num="30" count="67" type="stmt"/>
        <line num="31" count="1" type="stmt"/>
        <line num="32" count="1" type="stmt"/>
        <line num="33" count="1" type="stmt"/>
        <line num="35" count="0" type="stmt"/>
        <line num="37" count="1" type="stmt"/>
        <line num="41" count="67" type="cond" truecount="2" falsecount="0"/>
        <line num="42" count="419" type="stmt"/>
        <line num="43" count="419" type="cond" truecount="2" falsecount="0"/>
        <line num="44" count="28" type="stmt"/>
        <line num="45" count="28" type="cond" truecount="1" falsecount="1"/>
        <line num="48" count="28" type="stmt"/>
        <line num="49" count="73" type="stmt"/>
        <line num="52" count="28" type="stmt"/>
        <line num="60" count="28" type="stmt"/>
        <line num="62" count="28" type="cond" truecount="4" falsecount="0"/>
        <line num="63" count="27" type="cond" truecount="2" falsecount="0"/>
        <line num="65" count="17" type="cond" truecount="1" falsecount="1"/>
        <line num="66" count="17" type="stmt"/>
        <line num="70" count="817" type="cond" truecount="2" falsecount="0"/>
        <line num="71" count="817" type="cond" truecount="2" falsecount="0"/>
        <line num="72" count="817" type="stmt"/>
        <line num="75" count="67" type="cond" truecount="2" falsecount="0"/>
        <line num="76" count="2" type="stmt"/>
        <line num="89" count="1" type="stmt"/>
        <line num="90" count="1" type="stmt"/>
        <line num="99" count="65" type="cond" truecount="2" falsecount="0"/>
        <line num="100" count="21" type="stmt"/>
        <line num="115" count="0" type="stmt"/>
        <line num="116" count="0" type="stmt"/>
        <line num="124" count="118" type="stmt"/>
        <line num="128" count="103" type="stmt"/>
        <line num="158" count="44" type="stmt"/>
        <line num="164" count="0" type="stmt"/>
        <line num="172" count="2" type="stmt"/>
        <line num="173" count="2" type="stmt"/>
        <line num="181" count="15" type="stmt"/>
        <line num="182" count="15" type="stmt"/>
        <line num="189" count="0" type="stmt"/>
        <line num="200" count="2" type="stmt"/>
      </file>
      <file name="writeoff.jsx" path="C:\Users\wbuko\Desktop\Programowanie\Programy\BukowskiMobileApp\BukowskiReactNativeBuild\app\(tabs)\writeoff.jsx">
        <metrics statements="339" coveredstatements="168" conditionals="217" coveredconditionals="79" methods="84" coveredmethods="29"/>
        <line num="11" count="1" type="stmt"/>
        <line num="19" count="39" type="stmt"/>
        <line num="21" count="39" type="stmt"/>
        <line num="22" count="39" type="stmt"/>
        <line num="23" count="39" type="stmt"/>
        <line num="24" count="39" type="stmt"/>
        <line num="25" count="39" type="stmt"/>
        <line num="26" count="39" type="stmt"/>
        <line num="27" count="39" type="stmt"/>
        <line num="28" count="39" type="stmt"/>
        <line num="29" count="39" type="stmt"/>
        <line num="30" count="39" type="stmt"/>
        <line num="31" count="39" type="stmt"/>
        <line num="32" count="39" type="stmt"/>
        <line num="33" count="39" type="stmt"/>
        <line num="34" count="39" type="stmt"/>
        <line num="35" count="39" type="stmt"/>
        <line num="36" count="39" type="stmt"/>
        <line num="37" count="39" type="stmt"/>
        <line num="40" count="39" type="stmt"/>
        <line num="41" count="39" type="stmt"/>
        <line num="42" count="39" type="stmt"/>
        <line num="43" count="39" type="stmt"/>
        <line num="46" count="78" type="cond" truecount="1" falsecount="1"/>
        <line num="51" count="39" type="stmt"/>
        <line num="54" count="39" type="stmt"/>
        <line num="55" count="14" type="cond" truecount="2" falsecount="0"/>
        <line num="56" count="3" type="stmt"/>
        <line num="57" count="3" type="stmt"/>
        <line num="58" count="9" type="stmt"/>
        <line num="75" count="3" type="stmt"/>
        <line num="83" count="3" type="stmt"/>
        <line num="84" count="3" type="stmt"/>
        <line num="93" count="3" type="stmt"/>
        <line num="94" count="3" type="stmt"/>
        <line num="97" count="11" type="stmt"/>
        <line num="98" count="11" type="stmt"/>
        <line num="99" count="11" type="stmt"/>
        <line num="100" count="11" type="stmt"/>
        <line num="105" count="39" type="stmt"/>
        <line num="106" count="11" type="cond" truecount="3" falsecount="1"/>
        <line num="107" count="11" type="stmt"/>
        <line num="111" count="39" type="cond" truecount="0" falsecount="1"/>
        <line num="113" count="23" type="stmt"/>
        <line num="116" count="23" type="cond" truecount="1" falsecount="1"/>
        <line num="117" count="0" type="stmt"/>
        <line num="119" count="23" type="stmt"/>
        <line num="122" count="23" type="stmt"/>
        <line num="123" count="23" type="stmt"/>
        <line num="126" count="23" type="stmt"/>
        <line num="129" count="20" type="stmt"/>
        <line num="130" count="20" type="stmt"/>
        <line num="131" count="0" type="stmt"/>
        <line num="135" count="20" type="stmt"/>
        <line num="137" count="20" type="stmt"/>
        <line num="144" count="20" type="stmt"/>
        <line num="152" count="0" type="cond" truecount="0" falsecount="4"/>
        <line num="153" count="0" type="stmt"/>
        <line num="155" count="0" type="stmt"/>
        <line num="158" count="0" type="stmt"/>
        <line num="160" count="20" type="cond" truecount="1" falsecount="1"/>
        <line num="161" count="0" type="stmt"/>
        <line num="163" count="20" type="stmt"/>
        <line num="168" count="39" type="stmt"/>
        <line num="170" count="21" type="stmt"/>
        <line num="172" count="21" type="stmt"/>
        <line num="178" count="39" type="stmt"/>
        <line num="179" count="20" type="cond" truecount="1" falsecount="1"/>
        <line num="180" count="0" type="stmt"/>
        <line num="183" count="20" type="stmt"/>
        <line num="184" count="20" type="stmt"/>
        <line num="186" count="20" type="cond" truecount="1" falsecount="1"/>
        <line num="187" count="0" type="stmt"/>
        <line num="190" count="20" type="stmt"/>
        <line num="194" count="20" type="cond" truecount="1" falsecount="1"/>
        <line num="197" count="20" type="stmt"/>
        <line num="199" count="0" type="cond" truecount="0" falsecount="4"/>
        <line num="206" count="20" type="stmt"/>
        <line num="207" count="0" type="cond" truecount="0" falsecount="3"/>
        <line num="214" count="20" type="stmt"/>
        <line num="217" count="0" type="cond" truecount="0" falsecount="2"/>
        <line num="220" count="0" type="stmt"/>
        <line num="225" count="20" type="stmt"/>
        <line num="226" count="20" type="stmt"/>
        <line num="227" count="0" type="stmt"/>
        <line num="231" count="20" type="stmt"/>
        <line num="234" count="20" type="stmt"/>
        <line num="237" count="0" type="stmt"/>
        <line num="238" count="0" type="stmt"/>
        <line num="239" count="0" type="stmt"/>
        <line num="243" count="39" type="stmt"/>
        <line num="244" count="20" type="stmt"/>
        <line num="245" count="20" type="stmt"/>
        <line num="247" count="20" type="cond" truecount="1" falsecount="1"/>
        <line num="248" count="0" type="stmt"/>
        <line num="251" count="20" type="stmt"/>
        <line num="252" count="20" type="cond" truecount="1" falsecount="1"/>
        <line num="255" count="20" type="stmt"/>
        <line num="256" count="0" type="cond" truecount="0" falsecount="2"/>
        <line num="259" count="20" type="stmt"/>
        <line num="261" count="0" type="stmt"/>
        <line num="262" count="0" type="stmt"/>
        <line num="266" count="39" type="stmt"/>
        <line num="267" count="7" type="stmt"/>
        <line num="268" count="7" type="stmt"/>
        <line num="271" count="39" type="stmt"/>
        <line num="272" count="0" type="stmt"/>
        <line num="273" count="0" type="stmt"/>
        <line num="276" count="39" type="stmt"/>
        <line num="277" count="11" type="stmt"/>
        <line num="281" count="11" type="cond" truecount="3" falsecount="1"/>
        <line num="283" count="0" type="stmt"/>
        <line num="284" count="0" type="stmt"/>
        <line num="285" count="0" type="stmt"/>
        <line num="286" count="0" type="stmt"/>
        <line num="290" count="11" type="stmt"/>
        <line num="292" count="22" type="cond" truecount="4" falsecount="0"/>
        <line num="293" count="11" type="stmt"/>
        <line num="297" count="11" type="cond" truecount="1" falsecount="2"/>
        <line num="298" count="11" type="cond" truecount="1" falsecount="2"/>
        <line num="300" count="11" type="cond" truecount="7" falsecount="0"/>
        <line num="307" count="11" type="stmt"/>
        <line num="311" count="22" type="stmt"/>
        <line num="313" count="11" type="stmt"/>
        <line num="315" count="0" type="stmt"/>
        <line num="319" count="39" type="cond" truecount="2" falsecount="0"/>
        <line num="320" count="2" type="cond" truecount="1" falsecount="1"/>
        <line num="321" count="0" type="stmt"/>
        <line num="322" count="0" type="stmt"/>
        <line num="325" count="2" type="cond" truecount="3" falsecount="1"/>
        <line num="326" count="0" type="stmt"/>
        <line num="327" count="0" type="stmt"/>
        <line num="331" count="2" type="cond" truecount="1" falsecount="1"/>
        <line num="332" count="0" type="stmt"/>
        <line num="333" count="0" type="cond" truecount="0" falsecount="2"/>
        <line num="335" count="0" type="cond" truecount="0" falsecount="2"/>
        <line num="336" count="0" type="stmt"/>
        <line num="338" count="0" type="cond" truecount="0" falsecount="2"/>
        <line num="339" count="0" type="cond" truecount="0" falsecount="2"/>
        <line num="343" count="0" type="stmt"/>
        <line num="347" count="0" type="stmt"/>
        <line num="362" count="2" type="stmt"/>
        <line num="363" count="2" type="stmt"/>
        <line num="364" count="2" type="stmt"/>
        <line num="366" count="2" type="cond" truecount="1" falsecount="1"/>
        <line num="367" count="0" type="stmt"/>
        <line num="369" count="2" type="cond" truecount="1" falsecount="1"/>
        <line num="370" count="0" type="cond" truecount="0" falsecount="2"/>
        <line num="371" count="0" type="stmt"/>
        <line num="373" count="0" type="cond" truecount="0" falsecount="2"/>
        <line num="382" count="2" type="cond" truecount="3" falsecount="1"/>
        <line num="383" count="0" type="cond" truecount="0" falsecount="2"/>
        <line num="385" count="0" type="stmt"/>
        <line num="386" count="0" type="stmt"/>
        <line num="387" count="0" type="stmt"/>
        <line num="391" count="2" type="stmt"/>
        <line num="406" count="2" type="cond" truecount="1" falsecount="1"/>
        <line num="407" count="0" type="stmt"/>
        <line num="408" count="0" type="stmt"/>
        <line num="410" count="2" type="cond" truecount="1" falsecount="1"/>
        <line num="411" count="0" type="stmt"/>
        <line num="412" count="0" type="stmt"/>
        <line num="414" count="2" type="cond" truecount="1" falsecount="1"/>
        <line num="415" count="0" type="stmt"/>
        <line num="416" count="0" type="stmt"/>
        <line num="419" count="2" type="stmt"/>
        <line num="420" count="2" type="stmt"/>
        <line num="426" count="2" type="stmt"/>
        <line num="428" count="2" type="cond" truecount="2" falsecount="0"/>
        <line num="430" count="1" type="cond" truecount="4" falsecount="1"/>
        <line num="431" count="1" type="stmt"/>
        <line num="436" count="1" type="stmt"/>
        <line num="437" count="1" type="stmt"/>
        <line num="441" count="0" type="cond" truecount="0" falsecount="3"/>
        <line num="442" count="0" type="stmt"/>
        <line num="443" count="0" type="stmt"/>
        <line num="447" count="1" type="stmt"/>
        <line num="449" count="1" type="stmt"/>
        <line num="450" count="1" type="stmt"/>
        <line num="451" count="1" type="stmt"/>
        <line num="452" count="1" type="stmt"/>
        <line num="453" count="1" type="stmt"/>
        <line num="454" count="1" type="stmt"/>
        <line num="455" count="1" type="stmt"/>
        <line num="457" count="0" type="stmt"/>
        <line num="461" count="39" type="stmt"/>
        <line num="462" count="0" type="cond" truecount="0" falsecount="2"/>
        <line num="464" count="0" type="stmt"/>
        <line num="467" count="0" type="stmt"/>
        <line num="470" count="39" type="stmt"/>
        <line num="471" count="0" type="cond" truecount="0" falsecount="2"/>
        <line num="472" count="0" type="stmt"/>
        <line num="473" count="0" type="stmt"/>
        <line num="476" count="0" type="stmt"/>
        <line num="479" count="39" type="stmt"/>
        <line num="480" count="0" type="cond" truecount="0" falsecount="2"/>
        <line num="481" count="0" type="stmt"/>
        <line num="482" count="0" type="stmt"/>
        <line num="486" count="0" type="cond" truecount="0" falsecount="4"/>
        <line num="487" count="0" type="stmt"/>
        <line num="488" count="0" type="stmt"/>
        <line num="492" count="0" type="stmt"/>
        <line num="493" count="0" type="cond" truecount="0" falsecount="4"/>
        <line num="494" count="0" type="stmt"/>
        <line num="502" count="0" type="cond" truecount="0" falsecount="2"/>
        <line num="505" count="0" type="cond" truecount="0" falsecount="2"/>
        <line num="506" count="0" type="cond" truecount="0" falsecount="2"/>
        <line num="507" count="0" type="stmt"/>
        <line num="509" count="0" type="stmt"/>
        <line num="513" count="39" type="stmt"/>
        <line num="514" count="0" type="cond" truecount="0" falsecount="2"/>
        <line num="515" count="0" type="stmt"/>
        <line num="516" count="0" type="stmt"/>
        <line num="519" count="0" type="stmt"/>
        <line num="521" count="0" type="stmt"/>
        <line num="522" count="0" type="cond" truecount="0" falsecount="2"/>
        <line num="523" count="0" type="stmt"/>
        <line num="526" count="0" type="cond" truecount="0" falsecount="2"/>
        <line num="527" count="0" type="stmt"/>
        <line num="528" count="0" type="stmt"/>
        <line num="532" count="0" type="cond" truecount="0" falsecount="2"/>
        <line num="533" count="0" type="stmt"/>
        <line num="534" count="0" type="stmt"/>
        <line num="537" count="0" type="stmt"/>
        <line num="541" count="0" type="cond" truecount="0" falsecount="2"/>
        <line num="542" count="0" type="stmt"/>
        <line num="545" count="0" type="stmt"/>
        <line num="546" count="0" type="stmt"/>
        <line num="548" count="0" type="stmt"/>
        <line num="552" count="39" type="stmt"/>
        <line num="553" count="0" type="stmt"/>
        <line num="554" count="0" type="stmt"/>
        <line num="557" count="39" type="stmt"/>
        <line num="558" count="0" type="stmt"/>
        <line num="564" count="39" type="stmt"/>
        <line num="565" count="88" type="cond" truecount="1" falsecount="1"/>
        <line num="568" count="88" type="stmt"/>
        <line num="569" count="0" type="stmt"/>
        <line num="573" count="88" type="cond" truecount="1" falsecount="1"/>
        <line num="574" count="0" type="stmt"/>
        <line num="578" count="88" type="stmt"/>
        <line num="579" count="0" type="cond" truecount="0" falsecount="3"/>
        <line num="580" count="0" type="stmt"/>
        <line num="581" count="0" type="cond" truecount="0" falsecount="2"/>
        <line num="584" count="88" type="cond" truecount="1" falsecount="1"/>
        <line num="586" count="0" type="stmt"/>
        <line num="587" count="0" type="cond" truecount="0" falsecount="2"/>
        <line num="591" count="0" type="stmt"/>
        <line num="592" count="0" type="stmt"/>
        <line num="593" count="0" type="stmt"/>
        <line num="596" count="0" type="stmt"/>
        <line num="597" count="0" type="stmt"/>
        <line num="598" count="0" type="stmt"/>
        <line num="602" count="0" type="stmt"/>
        <line num="607" count="0" type="cond" truecount="0" falsecount="4"/>
        <line num="608" count="0" type="stmt"/>
        <line num="612" count="88" type="stmt"/>
        <line num="616" count="39" type="stmt"/>
        <line num="617" count="72" type="stmt"/>
        <line num="618" count="72" type="stmt"/>
        <line num="622" count="39" type="stmt"/>
        <line num="623" count="0" type="cond" truecount="0" falsecount="2"/>
        <line num="624" count="0" type="stmt"/>
        <line num="629" count="39" type="stmt"/>
        <line num="630" count="2" type="cond" truecount="1" falsecount="1"/>
        <line num="634" count="2" type="stmt"/>
        <line num="635" count="0" type="stmt"/>
        <line num="639" count="2" type="cond" truecount="1" falsecount="1"/>
        <line num="640" count="0" type="stmt"/>
        <line num="644" count="2" type="stmt"/>
        <line num="645" count="0" type="cond" truecount="0" falsecount="3"/>
        <line num="646" count="0" type="stmt"/>
        <line num="647" count="0" type="cond" truecount="0" falsecount="2"/>
        <line num="650" count="2" type="cond" truecount="1" falsecount="1"/>
        <line num="652" count="0" type="stmt"/>
        <line num="653" count="0" type="cond" truecount="0" falsecount="2"/>
        <line num="657" count="0" type="stmt"/>
        <line num="658" count="0" type="stmt"/>
        <line num="659" count="0" type="stmt"/>
        <line num="662" count="0" type="stmt"/>
        <line num="663" count="0" type="stmt"/>
        <line num="664" count="0" type="stmt"/>
        <line num="668" count="0" type="stmt"/>
        <line num="669" count="0" type="cond" truecount="0" falsecount="2"/>
        <line num="671" count="0" type="stmt"/>
        <line num="674" count="2" type="stmt"/>
        <line num="678" count="39" type="cond" truecount="1" falsecount="1"/>
        <line num="679" count="0" type="stmt"/>
        <line num="682" count="39" type="stmt"/>
        <line num="758" count="83" type="stmt"/>
        <line num="759" count="0" type="stmt"/>
        <line num="762" count="72" type="stmt"/>
        <line num="773" count="7" type="stmt"/>
        <line num="795" count="16" type="stmt"/>
        <line num="797" count="16" type="cond" truecount="1" falsecount="1"/>
        <line num="799" count="16" type="stmt"/>
        <line num="803" count="5" type="stmt"/>
        <line num="804" count="5" type="stmt"/>
        <line num="812" count="0" type="cond" truecount="0" falsecount="2"/>
        <line num="814" count="0" type="stmt"/>
        <line num="815" count="0" type="cond" truecount="0" falsecount="2"/>
        <line num="816" count="0" type="stmt"/>
        <line num="819" count="0" type="cond" truecount="0" falsecount="4"/>
        <line num="820" count="0" type="stmt"/>
        <line num="826" count="0" type="stmt"/>
        <line num="837" count="0" type="cond" truecount="0" falsecount="2"/>
        <line num="839" count="0" type="stmt"/>
        <line num="847" count="0" type="stmt"/>
        <line num="871" count="0" type="stmt"/>
        <line num="877" count="56" type="stmt"/>
        <line num="881" count="4" type="cond" truecount="4" falsecount="0"/>
        <line num="883" count="2" type="stmt"/>
        <line num="884" count="2" type="stmt"/>
        <line num="887" count="2" type="stmt"/>
        <line num="896" count="0" type="stmt"/>
        <line num="937" count="0" type="stmt"/>
        <line num="938" count="0" type="stmt"/>
        <line num="939" count="0" type="stmt"/>
        <line num="940" count="0" type="stmt"/>
        <line num="941" count="0" type="stmt"/>
        <line num="952" count="0" type="stmt"/>
        <line num="962" count="0" type="stmt"/>
        <line num="972" count="0" type="stmt"/>
        <line num="983" count="0" type="stmt"/>
        <line num="984" count="0" type="stmt"/>
        <line num="1004" count="0" type="cond" truecount="0" falsecount="2"/>
        <line num="1005" count="0" type="stmt"/>
        <line num="1032" count="0" type="stmt"/>
        <line num="1052" count="0" type="stmt"/>
        <line num="1053" count="0" type="stmt"/>
        <line num="1054" count="0" type="stmt"/>
        <line num="1055" count="0" type="stmt"/>
        <line num="1056" count="0" type="stmt"/>
        <line num="1071" count="0" type="stmt"/>
        <line num="1077" count="156" type="stmt"/>
        <line num="1081" count="0" type="stmt"/>
        <line num="1082" count="0" type="stmt"/>
        <line num="1090" count="0" type="stmt"/>
        <line num="1101" count="1" type="stmt"/>
      </file>
    </package>
    <package name="BukowskiReactNativeBuild.components">
      <metrics statements="24" coveredstatements="12" conditionals="12" coveredconditionals="10" methods="10" coveredmethods="4"/>
      <file name="AuthFix.jsx" path="C:\Users\wbuko\Desktop\Programowanie\Programy\BukowskiMobileApp\BukowskiReactNativeBuild\components\AuthFix.jsx">
        <metrics statements="12" coveredstatements="2" conditionals="0" coveredconditionals="0" methods="4" coveredmethods="0"/>
        <line num="7" count="1" type="stmt"/>
        <line num="8" count="0" type="stmt"/>
        <line num="9" count="0" type="stmt"/>
        <line num="11" count="0" type="stmt"/>
        <line num="21" count="0" type="stmt"/>
        <line num="23" count="0" type="stmt"/>
        <line num="31" count="0" type="stmt"/>
        <line num="38" count="0" type="stmt"/>
        <line num="43" count="0" type="stmt"/>
        <line num="44" count="0" type="stmt"/>
        <line num="47" count="0" type="stmt"/>
        <line num="62" count="1" type="stmt"/>
      </file>
      <file name="CustomButton.jsx" path="C:\Users\wbuko\Desktop\Programowanie\Programy\BukowskiMobileApp\BukowskiReactNativeBuild\components\CustomButton.jsx">
        <metrics statements="3" coveredstatements="3" conditionals="2" coveredconditionals="2" methods="1" coveredmethods="1"/>
        <line num="3" count="2" type="stmt"/>
        <line num="10" count="41" type="stmt"/>
        <line num="28" count="2" type="stmt"/>
      </file>
      <file name="FormField.jsx" path="C:\Users\wbuko\Desktop\Programowanie\Programy\BukowskiMobileApp\BukowskiReactNativeBuild\components\FormField.jsx">
        <metrics statements="9" coveredstatements="7" conditionals="10" coveredconditionals="8" methods="5" coveredmethods="3"/>
        <line num="6" count="3" type="stmt"/>
        <line num="15" count="91" type="stmt"/>
        <line num="16" count="91" type="stmt"/>
        <line num="18" count="91" type="stmt"/>
        <line num="34" count="0" type="stmt"/>
        <line num="35" count="0" type="stmt"/>
        <line num="43" count="3" type="stmt"/>
        <line num="44" count="48" type="stmt"/>
        <line num="63" count="3" type="stmt"/>
      </file>
    </package>
    <package name="BukowskiReactNativeBuild.config">
      <metrics statements="2" coveredstatements="2" conditionals="0" coveredconditionals="0" methods="1" coveredmethods="1"/>
      <file name="api.js" path="C:\Users\wbuko\Desktop\Programowanie\Programy\BukowskiMobileApp\BukowskiReactNativeBuild\config\api.js">
        <metrics statements="2" coveredstatements="2" conditionals="0" coveredconditionals="0" methods="1" coveredmethods="1"/>
        <line num="3" count="14" type="stmt"/>
        <line num="13" count="536" type="stmt"/>
      </file>
    </package>
    <package name="BukowskiReactNativeBuild.constants">
      <metrics statements="0" coveredstatements="0" conditionals="0" coveredconditionals="0" methods="0" coveredmethods="0"/>
      <file name="icons.js" path="C:\Users\wbuko\Desktop\Programowanie\Programy\BukowskiMobileApp\BukowskiReactNativeBuild\constants\icons.js">
        <metrics statements="0" coveredstatements="0" conditionals="0" coveredconditionals="0" methods="0" coveredmethods="0"/>
      </file>
      <file name="images.js" path="C:\Users\wbuko\Desktop\Programowanie\Programy\BukowskiMobileApp\BukowskiReactNativeBuild\constants\images.js">
        <metrics statements="0" coveredstatements="0" conditionals="0" coveredconditionals="0" methods="0" coveredmethods="0"/>
      </file>
      <file name="index.js" path="C:\Users\wbuko\Desktop\Programowanie\Programy\BukowskiMobileApp\BukowskiReactNativeBuild\constants\index.js">
        <metrics statements="0" coveredstatements="0" conditionals="0" coveredconditionals="0" methods="0" coveredmethods="0"/>
      </file>
    </package>
    <package name="BukowskiReactNativeBuild.context">
      <metrics statements="183" coveredstatements="107" conditionals="88" coveredconditionals="37" methods="20" coveredmethods="13"/>
      <file name="GlobalState.jsx" path="C:\Users\wbuko\Desktop\Programowanie\Programy\BukowskiMobileApp\BukowskiReactNativeBuild\context\GlobalState.jsx">
        <metrics statements="183" coveredstatements="107" conditionals="88" coveredconditionals="37" methods="20" coveredmethods="13"/>
        <line num="7" count="13" type="stmt"/>
        <line num="9" count="13" type="stmt"/>
        <line num="10" count="39" type="stmt"/>
        <line num="11" count="39" type="stmt"/>
        <line num="12" count="39" type="stmt"/>
        <line num="13" count="39" type="stmt"/>
        <line num="14" count="39" type="stmt"/>
        <line num="15" count="39" type="stmt"/>
        <line num="16" count="39" type="stmt"/>
        <line num="17" count="39" type="stmt"/>
        <line num="18" count="39" type="stmt"/>
        <line num="19" count="39" type="stmt"/>
        <line num="20" count="39" type="stmt"/>
        <line num="21" count="39" type="stmt"/>
        <line num="22" count="39" type="stmt"/>
        <line num="25" count="39" type="cond" truecount="1" falsecount="0"/>
        <line num="26" count="28" type="stmt"/>
        <line num="27" count="28" type="stmt"/>
        <line num="29" count="28" type="stmt"/>
        <line num="31" count="28" type="stmt"/>
        <line num="34" count="26" type="stmt"/>
        <line num="35" count="26" type="stmt"/>
        <line num="37" count="2" type="stmt"/>
        <line num="38" count="2" type="cond" truecount="1" falsecount="1"/>
        <line num="39" count="0" type="stmt"/>
        <line num="41" count="2" type="stmt"/>
        <line num="45" count="39" type="stmt"/>
        <line num="46" count="10" type="cond" truecount="1" falsecount="1"/>
        <line num="47" count="55" type="stmt"/>
        <line num="48" count="10" type="cond" truecount="1" falsecount="1"/>
        <line num="49" count="10" type="stmt"/>
        <line num="54" count="39" type="stmt"/>
        <line num="55" count="3" type="stmt"/>
        <line num="56" count="3" type="stmt"/>
        <line num="59" count="39" type="stmt"/>
        <line num="60" count="9" type="stmt"/>
        <line num="61" count="9" type="stmt"/>
        <line num="63" count="7" type="cond" truecount="3" falsecount="1"/>
        <line num="64" count="0" type="stmt"/>
        <line num="65" count="0" type="stmt"/>
        <line num="67" count="7" type="stmt"/>
        <line num="71" count="7" type="cond" truecount="1" falsecount="1"/>
        <line num="73" count="0" type="stmt"/>
        <line num="74" count="7" type="cond" truecount="3" falsecount="1"/>
        <line num="76" count="7" type="stmt"/>
        <line num="79" count="0" type="stmt"/>
        <line num="82" count="7" type="stmt"/>
        <line num="83" count="7" type="stmt"/>
        <line num="85" count="2" type="stmt"/>
        <line num="86" count="2" type="stmt"/>
        <line num="90" count="39" type="stmt"/>
        <line num="91" count="6" type="stmt"/>
        <line num="92" count="6" type="stmt"/>
        <line num="94" count="6" type="cond" truecount="4" falsecount="0"/>
        <line num="95" count="1" type="stmt"/>
        <line num="96" count="1" type="stmt"/>
        <line num="98" count="5" type="stmt"/>
        <line num="101" count="5" type="cond" truecount="1" falsecount="1"/>
        <line num="102" count="5" type="stmt"/>
        <line num="103" count="5" type="stmt"/>
        <line num="105" count="0" type="stmt"/>
        <line num="106" count="0" type="stmt"/>
        <line num="110" count="39" type="stmt"/>
        <line num="111" count="6" type="stmt"/>
        <line num="112" count="6" type="stmt"/>
        <line num="114" count="6" type="cond" truecount="4" falsecount="0"/>
        <line num="115" count="1" type="stmt"/>
        <line num="116" count="1" type="stmt"/>
        <line num="118" count="5" type="stmt"/>
        <line num="121" count="5" type="cond" truecount="1" falsecount="1"/>
        <line num="122" count="5" type="stmt"/>
        <line num="123" count="5" type="stmt"/>
        <line num="125" count="0" type="stmt"/>
        <line num="126" count="0" type="stmt"/>
        <line num="130" count="39" type="stmt"/>
        <line num="131" count="3" type="stmt"/>
        <line num="132" count="3" type="stmt"/>
        <line num="134" count="3" type="cond" truecount="4" falsecount="0"/>
        <line num="135" count="1" type="stmt"/>
        <line num="136" count="1" type="stmt"/>
        <line num="138" count="2" type="stmt"/>
        <line num="141" count="2" type="cond" truecount="1" falsecount="1"/>
        <line num="142" count="2" type="stmt"/>
        <line num="143" count="2" type="stmt"/>
        <line num="145" count="0" type="stmt"/>
        <line num="146" count="0" type="stmt"/>
        <line num="150" count="39" type="stmt"/>
        <line num="151" count="0" type="stmt"/>
        <line num="152" count="0" type="stmt"/>
        <line num="154" count="0" type="cond" truecount="0" falsecount="4"/>
        <line num="155" count="0" type="stmt"/>
        <line num="156" count="0" type="stmt"/>
        <line num="158" count="0" type="stmt"/>
        <line num="163" count="0" type="cond" truecount="0" falsecount="2"/>
        <line num="164" count="0" type="stmt"/>
        <line num="165" count="0" type="cond" truecount="0" falsecount="2"/>
        <line num="166" count="0" type="stmt"/>
        <line num="168" count="0" type="stmt"/>
        <line num="171" count="0" type="stmt"/>
        <line num="172" count="0" type="stmt"/>
        <line num="174" count="0" type="stmt"/>
        <line num="175" count="0" type="stmt"/>
        <line num="179" count="39" type="stmt"/>
        <line num="180" count="0" type="stmt"/>
        <line num="181" count="0" type="stmt"/>
        <line num="183" count="0" type="cond" truecount="0" falsecount="4"/>
        <line num="184" count="0" type="stmt"/>
        <line num="185" count="0" type="stmt"/>
        <line num="187" count="0" type="stmt"/>
        <line num="190" count="0" type="cond" truecount="0" falsecount="2"/>
        <line num="191" count="0" type="stmt"/>
        <line num="192" count="0" type="stmt"/>
        <line num="194" count="0" type="stmt"/>
        <line num="195" count="0" type="stmt"/>
        <line num="199" count="39" type="stmt"/>
        <line num="200" count="0" type="stmt"/>
        <line num="201" count="0" type="stmt"/>
        <line num="203" count="0" type="cond" truecount="0" falsecount="4"/>
        <line num="204" count="0" type="stmt"/>
        <line num="205" count="0" type="stmt"/>
        <line num="207" count="0" type="stmt"/>
        <line num="210" count="0" type="cond" truecount="0" falsecount="2"/>
        <line num="211" count="0" type="stmt"/>
        <line num="212" count="0" type="stmt"/>
        <line num="214" count="0" type="stmt"/>
        <line num="215" count="0" type="stmt"/>
        <line num="219" count="39" type="stmt"/>
        <line num="220" count="4" type="stmt"/>
        <line num="221" count="4" type="stmt"/>
        <line num="222" count="4" type="stmt"/>
        <line num="230" count="3" type="cond" truecount="2" falsecount="0"/>
        <line num="231" count="1" type="stmt"/>
        <line num="232" count="1" type="cond" truecount="1" falsecount="1"/>
        <line num="235" count="2" type="stmt"/>
        <line num="238" count="2" type="cond" truecount="3" falsecount="1"/>
        <line num="239" count="0" type="cond" truecount="0" falsecount="2"/>
        <line num="240" count="0" type="stmt"/>
        <line num="241" count="0" type="stmt"/>
        <line num="244" count="2" type="stmt"/>
        <line num="245" count="2" type="stmt"/>
        <line num="246" count="2" type="stmt"/>
        <line num="248" count="2" type="stmt"/>
        <line num="251" count="2" type="stmt"/>
        <line num="253" count="4" type="stmt"/>
        <line num="257" count="39" type="stmt"/>
        <line num="258" count="4" type="stmt"/>
        <line num="259" count="4" type="stmt"/>
        <line num="261" count="4" type="cond" truecount="4" falsecount="0"/>
        <line num="262" count="1" type="stmt"/>
        <line num="263" count="1" type="stmt"/>
        <line num="265" count="3" type="stmt"/>
        <line num="268" count="3" type="cond" truecount="1" falsecount="1"/>
        <line num="269" count="3" type="stmt"/>
        <line num="270" count="3" type="stmt"/>
        <line num="272" count="0" type="stmt"/>
        <line num="273" count="0" type="stmt"/>
        <line num="277" count="39" type="stmt"/>
        <line num="278" count="0" type="stmt"/>
        <line num="280" count="0" type="stmt"/>
        <line num="282" count="0" type="stmt"/>
        <line num="283" count="0" type="stmt"/>
        <line num="284" count="0" type="stmt"/>
        <line num="285" count="0" type="stmt"/>
        <line num="286" count="0" type="stmt"/>
        <line num="287" count="0" type="stmt"/>
        <line num="288" count="0" type="stmt"/>
        <line num="289" count="0" type="stmt"/>
        <line num="290" count="0" type="stmt"/>
        <line num="291" count="0" type="stmt"/>
        <line num="292" count="0" type="stmt"/>
        <line num="293" count="0" type="stmt"/>
        <line num="294" count="0" type="stmt"/>
        <line num="295" count="0" type="stmt"/>
        <line num="302" count="39" type="stmt"/>
        <line num="303" count="0" type="cond" truecount="0" falsecount="6"/>
        <line num="304" count="0" type="stmt"/>
        <line num="310" count="0" type="stmt"/>
        <line num="312" count="0" type="cond" truecount="0" falsecount="4"/>
        <line num="313" count="0" type="stmt"/>
        <line num="317" count="0" type="cond" truecount="0" falsecount="7"/>
        <line num="325" count="0" type="stmt"/>
        <line num="328" count="39" type="stmt"/>
        <line num="333" count="39" type="stmt"/>
      </file>
    </package>
    <package name="BukowskiReactNativeBuild.services">
      <metrics statements="126" coveredstatements="22" conditionals="52" coveredconditionals="6" methods="15" coveredmethods="5"/>
      <file name="tokenService.js" path="C:\Users\wbuko\Desktop\Programowanie\Programy\BukowskiMobileApp\BukowskiReactNativeBuild\services\tokenService.js">
        <metrics statements="126" coveredstatements="22" conditionals="52" coveredconditionals="6" methods="15" coveredmethods="5"/>
        <line num="7" count="13" type="stmt"/>
        <line num="8" count="13" type="stmt"/>
        <line num="13" count="348" type="stmt"/>
        <line num="14" count="348" type="stmt"/>
        <line num="15" count="348" type="stmt"/>
        <line num="16" count="348" type="stmt"/>
        <line num="18" count="0" type="stmt"/>
        <line num="19" count="0" type="stmt"/>
        <line num="25" count="0" type="stmt"/>
        <line num="26" count="0" type="cond" truecount="0" falsecount="2"/>
        <line num="27" count="0" type="stmt"/>
        <line num="30" count="0" type="stmt"/>
        <line num="31" count="0" type="cond" truecount="0" falsecount="4"/>
        <line num="32" count="0" type="stmt"/>
        <line num="35" count="0" type="cond" truecount="0" falsecount="2"/>
        <line num="36" count="0" type="stmt"/>
        <line num="39" count="0" type="stmt"/>
        <line num="45" count="0" type="stmt"/>
        <line num="46" count="0" type="stmt"/>
        <line num="53" count="0" type="stmt"/>
        <line num="59" count="0" type="cond" truecount="0" falsecount="2"/>
        <line num="61" count="0" type="stmt"/>
        <line num="63" count="0" type="stmt"/>
        <line num="64" count="0" type="cond" truecount="0" falsecount="2"/>
        <line num="67" count="0" type="stmt"/>
        <line num="70" count="0" type="stmt"/>
        <line num="71" count="0" type="stmt"/>
        <line num="72" count="0" type="stmt"/>
        <line num="77" count="0" type="cond" truecount="0" falsecount="2"/>
        <line num="79" count="0" type="stmt"/>
        <line num="82" count="0" type="cond" truecount="0" falsecount="2"/>
        <line num="83" count="0" type="stmt"/>
        <line num="86" count="0" type="stmt"/>
        <line num="90" count="0" type="stmt"/>
        <line num="92" count="0" type="stmt"/>
        <line num="93" count="0" type="stmt"/>
        <line num="99" count="0" type="stmt"/>
        <line num="100" count="0" type="stmt"/>
        <line num="101" count="0" type="stmt"/>
        <line num="103" count="0" type="stmt"/>
        <line num="105" count="0" type="stmt"/>
        <line num="106" count="0" type="stmt"/>
        <line num="107" count="0" type="stmt"/>
        <line num="108" count="0" type="stmt"/>
        <line num="109" count="0" type="stmt"/>
        <line num="111" count="0" type="stmt"/>
        <line num="113" count="0" type="stmt"/>
        <line num="114" count="0" type="cond" truecount="0" falsecount="2"/>
        <line num="115" count="0" type="cond" truecount="0" falsecount="2"/>
        <line num="118" count="0" type="stmt"/>
        <line num="123" count="0" type="stmt"/>
        <line num="124" count="0" type="cond" truecount="0" falsecount="4"/>
        <line num="126" count="0" type="stmt"/>
        <line num="127" count="0" type="stmt"/>
        <line num="128" count="0" type="stmt"/>
        <line num="130" count="0" type="stmt"/>
        <line num="136" count="0" type="cond" truecount="0" falsecount="2"/>
        <line num="137" count="0" type="stmt"/>
        <line num="140" count="0" type="stmt"/>
        <line num="142" count="0" type="stmt"/>
        <line num="144" count="0" type="cond" truecount="0" falsecount="2"/>
        <line num="145" count="0" type="stmt"/>
        <line num="146" count="0" type="stmt"/>
        <line num="147" count="0" type="stmt"/>
        <line num="150" count="0" type="stmt"/>
        <line num="152" count="0" type="stmt"/>
        <line num="153" count="0" type="stmt"/>
        <line num="154" count="0" type="stmt"/>
        <line num="155" count="0" type="stmt"/>
        <line num="157" count="0" type="stmt"/>
        <line num="158" count="0" type="stmt"/>
        <line num="159" count="0" type="stmt"/>
        <line num="165" count="0" type="stmt"/>
        <line num="166" count="0" type="stmt"/>
        <line num="174" count="0" type="cond" truecount="0" falsecount="2"/>
        <line num="175" count="0" type="stmt"/>
        <line num="176" count="0" type="cond" truecount="0" falsecount="2"/>
        <line num="179" count="0" type="stmt"/>
        <line num="182" count="0" type="stmt"/>
        <line num="184" count="0" type="stmt"/>
        <line num="186" count="0" type="stmt"/>
        <line num="187" count="0" type="stmt"/>
        <line num="193" count="348" type="stmt"/>
        <line num="195" count="348" type="cond" truecount="1" falsecount="1"/>
        <line num="196" count="348" type="stmt"/>
        <line num="200" count="0" type="stmt"/>
        <line num="202" count="0" type="cond" truecount="0" falsecount="2"/>
        <line num="203" count="0" type="stmt"/>
        <line num="204" count="0" type="stmt"/>
        <line num="205" count="0" type="stmt"/>
        <line num="208" count="0" type="stmt"/>
        <line num="209" count="0" type="stmt"/>
        <line num="213" count="0" type="stmt"/>
        <line num="218" count="348" type="stmt"/>
        <line num="219" count="348" type="stmt"/>
        <line num="220" count="0" type="stmt"/>
        <line num="226" count="348" type="cond" truecount="1" falsecount="1"/>
        <line num="227" count="0" type="stmt"/>
        <line num="230" count="348" type="stmt"/>
        <line num="238" count="348" type="stmt"/>
        <line num="240" count="348" type="stmt"/>
        <line num="243" count="348" type="stmt"/>
        <line num="249" count="348" type="stmt"/>
        <line num="255" count="346" type="cond" truecount="2" falsecount="2"/>
        <line num="256" count="0" type="stmt"/>
        <line num="257" count="0" type="stmt"/>
        <line num="258" count="0" type="cond" truecount="0" falsecount="2"/>
        <line num="260" count="0" type="stmt"/>
        <line num="265" count="0" type="stmt"/>
        <line num="273" count="0" type="stmt"/>
        <line num="274" count="0" type="stmt"/>
        <line num="278" count="346" type="stmt"/>
        <line num="281" count="2" type="cond" truecount="1" falsecount="1"/>
        <line num="282" count="0" type="stmt"/>
        <line num="284" count="2" type="stmt"/>
        <line num="290" count="0" type="stmt"/>
        <line num="291" count="0" type="stmt"/>
        <line num="292" count="0" type="cond" truecount="0" falsecount="2"/>
        <line num="294" count="0" type="stmt"/>
        <line num="300" count="0" type="stmt"/>
        <line num="303" count="0" type="cond" truecount="0" falsecount="2"/>
        <line num="304" count="0" type="stmt"/>
        <line num="305" count="0" type="stmt"/>
        <line num="314" count="0" type="stmt"/>
        <line num="318" count="0" type="stmt"/>
        <line num="323" count="13" type="stmt"/>
      </file>
    </package>
  </project>
</coverage>
