{"C:\\Users\\wbuko\\Desktop\\Programowanie\\Programy\\BukowskiMobileApp\\BukowskiReactNativeBuild\\debug_tokens.js": {"path":"C:\\Users\\wbuko\\Desktop\\Programowanie\\Programy\\BukowskiMobileApp\\BukowskiReactNativeBuild\\debug_tokens.js","statementMap":{"0":{"start":{"line":2,"column":27},"end":{"line":5,"column":1}},"1":{"start":{"line":4,"column":4},"end":{"line":4,"column":11}}},"fnMap":{"0":{"name":"(anonymous_0)","decl":{"start":{"line":2,"column":27},"end":{"line":2,"column":28}},"loc":{"start":{"line":2,"column":39},"end":{"line":5,"column":1}},"line":2}},"branchMap":{},"s":{"0":1,"1":23},"f":{"0":23},"b":{},"_coverageSchema":"1a1c01bbd47fc00a2c39e90264f33305004495a9","hash":"0ef90fc88bcdb19c544ff98de467aa491b6dbc72"}
,"C:\\Users\\wbuko\\Desktop\\Programowanie\\Programy\\BukowskiMobileApp\\BukowskiReactNativeBuild\\app\\QRScanner.jsx": {"path":"C:\\Users\\wbuko\\Desktop\\Programowanie\\Programy\\BukowskiMobileApp\\BukowskiReactNativeBuild\\app\\QRScanner.jsx","statementMap":{"0":{"start":{"line":7,"column":18},"end":{"line":987,"column":1}},"1":{"start":{"line":8,"column":30},"end":{"line":8,"column":46}},"2":{"start":{"line":9,"column":42},"end":{"line":9,"column":64}},"3":{"start":{"line":10,"column":32},"end":{"line":10,"column":47}},"4":{"start":{"line":11,"column":42},"end":{"line":11,"column":57}},"5":{"start":{"line":12,"column":42},"end":{"line":12,"column":54}},"6":{"start":{"line":13,"column":46},"end":{"line":13,"column":58}},"7":{"start":{"line":14,"column":32},"end":{"line":14,"column":44}},"8":{"start":{"line":15,"column":62},"end":{"line":15,"column":104}},"9":{"start":{"line":16,"column":62},"end":{"line":16,"column":104}},"10":{"start":{"line":17,"column":56},"end":{"line":17,"column":71}},"11":{"start":{"line":18,"column":58},"end":{"line":18,"column":72}},"12":{"start":{"line":19,"column":56},"end":{"line":19,"column":68}},"13":{"start":{"line":20,"column":64},"end":{"line":20,"column":79}},"14":{"start":{"line":21,"column":30},"end":{"line":21,"column":79}},"15":{"start":{"line":22,"column":58},"end":{"line":22,"column":73}},"16":{"start":{"line":23,"column":66},"end":{"line":23,"column":80}},"17":{"start":{"line":24,"column":42},"end":{"line":24,"column":56}},"18":{"start":{"line":25,"column":44},"end":{"line":25,"column":58}},"19":{"start":{"line":27,"column":31},"end":{"line":29,"column":3}},"20":{"start":{"line":28,"column":4},"end":{"line":28,"column":37}},"21":{"start":{"line":31,"column":29},"end":{"line":34,"column":3}},"22":{"start":{"line":32,"column":4},"end":{"line":32,"column":29}},"23":{"start":{"line":33,"column":4},"end":{"line":33,"column":38}},"24":{"start":{"line":36,"column":32},"end":{"line":38,"column":3}},"25":{"start":{"line":37,"column":4},"end":{"line":37,"column":37}},"26":{"start":{"line":40,"column":38},"end":{"line":43,"column":3}},"27":{"start":{"line":41,"column":4},"end":{"line":41,"column":30}},"28":{"start":{"line":42,"column":4},"end":{"line":42,"column":38}},"29":{"start":{"line":45,"column":29},"end":{"line":63,"column":3}},"30":{"start":{"line":46,"column":4},"end":{"line":48,"column":5}},"31":{"start":{"line":47,"column":6},"end":{"line":47,"column":16}},"32":{"start":{"line":52,"column":30},"end":{"line":59,"column":5}},"33":{"start":{"line":53,"column":6},"end":{"line":58,"column":34}},"34":{"start":{"line":62,"column":4},"end":{"line":62,"column":29}},"35":{"start":{"line":66,"column":37},"end":{"line":114,"column":3}},"36":{"start":{"line":67,"column":4},"end":{"line":113,"column":5}},"37":{"start":{"line":70,"column":20},"end":{"line":70,"column":53}},"38":{"start":{"line":71,"column":20},"end":{"line":71,"column":44}},"39":{"start":{"line":73,"column":6},"end":{"line":75,"column":7}},"40":{"start":{"line":74,"column":8},"end":{"line":74,"column":20}},"41":{"start":{"line":77,"column":49},"end":{"line":77,"column":54}},"42":{"start":{"line":80,"column":6},"end":{"line":82,"column":7}},"43":{"start":{"line":81,"column":8},"end":{"line":81,"column":20}},"44":{"start":{"line":85,"column":26},"end":{"line":85,"column":97}},"45":{"start":{"line":86,"column":26},"end":{"line":86,"column":97}},"46":{"start":{"line":87,"column":25},"end":{"line":87,"column":91}},"47":{"start":{"line":90,"column":6},"end":{"line":92,"column":7}},"48":{"start":{"line":91,"column":8},"end":{"line":91,"column":20}},"49":{"start":{"line":95,"column":24},"end":{"line":95,"column":78}},"50":{"start":{"line":95,"column":50},"end":{"line":95,"column":77}},"51":{"start":{"line":96,"column":24},"end":{"line":96,"column":65}},"52":{"start":{"line":99,"column":24},"end":{"line":99,"column":78}},"53":{"start":{"line":99,"column":50},"end":{"line":99,"column":77}},"54":{"start":{"line":100,"column":24},"end":{"line":100,"column":67}},"55":{"start":{"line":103,"column":23},"end":{"line":103,"column":73}},"56":{"start":{"line":103,"column":47},"end":{"line":103,"column":72}},"57":{"start":{"line":104,"column":23},"end":{"line":104,"column":66}},"58":{"start":{"line":107,"column":25},"end":{"line":107,"column":106}},"59":{"start":{"line":109,"column":6},"end":{"line":109,"column":24}},"60":{"start":{"line":111,"column":6},"end":{"line":111,"column":71}},"61":{"start":{"line":112,"column":6},"end":{"line":112,"column":18}},"62":{"start":{"line":117,"column":34},"end":{"line":172,"column":3}},"63":{"start":{"line":118,"column":4},"end":{"line":171,"column":5}},"64":{"start":{"line":125,"column":6},"end":{"line":127,"column":7}},"65":{"start":{"line":126,"column":8},"end":{"line":126,"column":20}},"66":{"start":{"line":129,"column":21},"end":{"line":129,"column":48}},"67":{"start":{"line":130,"column":24},"end":{"line":130,"column":51}},"68":{"start":{"line":131,"column":24},"end":{"line":131,"column":51}},"69":{"start":{"line":132,"column":24},"end":{"line":132,"column":51}},"70":{"start":{"line":135,"column":6},"end":{"line":137,"column":7}},"71":{"start":{"line":136,"column":8},"end":{"line":136,"column":20}},"72":{"start":{"line":140,"column":27},"end":{"line":140,"column":50}},"73":{"start":{"line":143,"column":6},"end":{"line":145,"column":7}},"74":{"start":{"line":144,"column":8},"end":{"line":144,"column":20}},"75":{"start":{"line":148,"column":26},"end":{"line":148,"column":97}},"76":{"start":{"line":149,"column":24},"end":{"line":149,"column":85}},"77":{"start":{"line":152,"column":6},"end":{"line":154,"column":7}},"78":{"start":{"line":153,"column":8},"end":{"line":153,"column":20}},"79":{"start":{"line":157,"column":24},"end":{"line":157,"column":78}},"80":{"start":{"line":157,"column":50},"end":{"line":157,"column":77}},"81":{"start":{"line":158,"column":24},"end":{"line":158,"column":67}},"82":{"start":{"line":161,"column":22},"end":{"line":161,"column":90}},"83":{"start":{"line":161,"column":44},"end":{"line":161,"column":89}},"84":{"start":{"line":162,"column":22},"end":{"line":162,"column":71}},"85":{"start":{"line":165,"column":26},"end":{"line":165,"column":51}},"86":{"start":{"line":167,"column":6},"end":{"line":167,"column":25}},"87":{"start":{"line":169,"column":6},"end":{"line":169,"column":68}},"88":{"start":{"line":170,"column":6},"end":{"line":170,"column":18}},"89":{"start":{"line":175,"column":37},"end":{"line":231,"column":3}},"90":{"start":{"line":176,"column":4},"end":{"line":230,"column":5}},"91":{"start":{"line":183,"column":6},"end":{"line":185,"column":7}},"92":{"start":{"line":184,"column":8},"end":{"line":184,"column":20}},"93":{"start":{"line":187,"column":21},"end":{"line":187,"column":48}},"94":{"start":{"line":188,"column":24},"end":{"line":188,"column":51}},"95":{"start":{"line":189,"column":24},"end":{"line":189,"column":51}},"96":{"start":{"line":190,"column":24},"end":{"line":190,"column":51}},"97":{"start":{"line":191,"column":27},"end":{"line":191,"column":54}},"98":{"start":{"line":194,"column":6},"end":{"line":196,"column":7}},"99":{"start":{"line":195,"column":8},"end":{"line":195,"column":20}},"100":{"start":{"line":199,"column":30},"end":{"line":199,"column":56}},"101":{"start":{"line":202,"column":6},"end":{"line":204,"column":7}},"102":{"start":{"line":203,"column":8},"end":{"line":203,"column":20}},"103":{"start":{"line":207,"column":26},"end":{"line":207,"column":97}},"104":{"start":{"line":208,"column":27},"end":{"line":208,"column":103}},"105":{"start":{"line":211,"column":6},"end":{"line":213,"column":7}},"106":{"start":{"line":212,"column":8},"end":{"line":212,"column":20}},"107":{"start":{"line":216,"column":24},"end":{"line":216,"column":78}},"108":{"start":{"line":216,"column":50},"end":{"line":216,"column":77}},"109":{"start":{"line":217,"column":24},"end":{"line":217,"column":67}},"110":{"start":{"line":220,"column":25},"end":{"line":220,"column":106}},"111":{"start":{"line":220,"column":53},"end":{"line":220,"column":105}},"112":{"start":{"line":221,"column":25},"end":{"line":221,"column":81}},"113":{"start":{"line":224,"column":29},"end":{"line":224,"column":57}},"114":{"start":{"line":226,"column":6},"end":{"line":226,"column":28}},"115":{"start":{"line":228,"column":6},"end":{"line":228,"column":71}},"116":{"start":{"line":229,"column":6},"end":{"line":229,"column":18}},"117":{"start":{"line":234,"column":47},"end":{"line":295,"column":3}},"118":{"start":{"line":235,"column":4},"end":{"line":294,"column":5}},"119":{"start":{"line":239,"column":6},"end":{"line":241,"column":7}},"120":{"start":{"line":240,"column":8},"end":{"line":240,"column":20}},"121":{"start":{"line":243,"column":21},"end":{"line":243,"column":48}},"122":{"start":{"line":244,"column":24},"end":{"line":244,"column":51}},"123":{"start":{"line":245,"column":29},"end":{"line":245,"column":56}},"124":{"start":{"line":246,"column":26},"end":{"line":246,"column":53}},"125":{"start":{"line":249,"column":6},"end":{"line":251,"column":7}},"126":{"start":{"line":250,"column":8},"end":{"line":250,"column":20}},"127":{"start":{"line":254,"column":26},"end":{"line":254,"column":97}},"128":{"start":{"line":257,"column":6},"end":{"line":259,"column":7}},"129":{"start":{"line":258,"column":8},"end":{"line":258,"column":20}},"130":{"start":{"line":262,"column":24},"end":{"line":262,"column":78}},"131":{"start":{"line":262,"column":50},"end":{"line":262,"column":77}},"132":{"start":{"line":263,"column":24},"end":{"line":263,"column":67}},"133":{"start":{"line":266,"column":6},"end":{"line":290,"column":7}},"134":{"start":{"line":267,"column":24},"end":{"line":267,"column":89}},"135":{"start":{"line":268,"column":25},"end":{"line":268,"column":49}},"136":{"start":{"line":270,"column":34},"end":{"line":270,"column":65}},"137":{"start":{"line":274,"column":34},"end":{"line":274,"column":59}},"138":{"start":{"line":276,"column":28},"end":{"line":278,"column":9}},"139":{"start":{"line":277,"column":10},"end":{"line":277,"column":78}},"140":{"start":{"line":280,"column":28},"end":{"line":280,"column":76}},"141":{"start":{"line":283,"column":41},"end":{"line":283,"column":70}},"142":{"start":{"line":285,"column":8},"end":{"line":285,"column":40}},"143":{"start":{"line":287,"column":8},"end":{"line":287,"column":67}},"144":{"start":{"line":289,"column":8},"end":{"line":289,"column":53}},"145":{"start":{"line":292,"column":6},"end":{"line":292,"column":82}},"146":{"start":{"line":293,"column":6},"end":{"line":293,"column":18}},"147":{"start":{"line":297,"column":28},"end":{"line":300,"column":3}},"148":{"start":{"line":298,"column":4},"end":{"line":298,"column":39}},"149":{"start":{"line":299,"column":4},"end":{"line":299,"column":34}},"150":{"start":{"line":302,"column":34},"end":{"line":305,"column":3}},"151":{"start":{"line":303,"column":4},"end":{"line":303,"column":73}},"152":{"start":{"line":304,"column":4},"end":{"line":304,"column":35}},"153":{"start":{"line":307,"column":2},"end":{"line":315,"column":17}},"154":{"start":{"line":308,"column":4},"end":{"line":314,"column":5}},"155":{"start":{"line":309,"column":6},"end":{"line":309,"column":28}},"156":{"start":{"line":310,"column":6},"end":{"line":310,"column":29}},"157":{"start":{"line":312,"column":6},"end":{"line":312,"column":29}},"158":{"start":{"line":313,"column":6},"end":{"line":313,"column":30}},"159":{"start":{"line":317,"column":30},"end":{"line":320,"column":3}},"160":{"start":{"line":318,"column":4},"end":{"line":318,"column":28}},"161":{"start":{"line":319,"column":4},"end":{"line":319,"column":27}},"162":{"start":{"line":322,"column":2},"end":{"line":322,"column":35}},"163":{"start":{"line":322,"column":19},"end":{"line":322,"column":35}},"164":{"start":{"line":324,"column":2},"end":{"line":341,"column":3}},"165":{"start":{"line":325,"column":4},"end":{"line":340,"column":6}},"166":{"start":{"line":343,"column":2},"end":{"line":364,"column":3}},"167":{"start":{"line":345,"column":4},"end":{"line":363,"column":6}},"168":{"start":{"line":356,"column":12},"end":{"line":356,"column":35}},"169":{"start":{"line":357,"column":12},"end":{"line":357,"column":34}},"170":{"start":{"line":366,"column":21},"end":{"line":487,"column":3}},"171":{"start":{"line":367,"column":4},"end":{"line":485,"column":5}},"172":{"start":{"line":368,"column":6},"end":{"line":368,"column":23}},"173":{"start":{"line":369,"column":6},"end":{"line":369,"column":23}},"174":{"start":{"line":372,"column":40},"end":{"line":372,"column":88}},"175":{"start":{"line":374,"column":6},"end":{"line":481,"column":5}},"176":{"start":{"line":376,"column":8},"end":{"line":376,"column":51}},"177":{"start":{"line":379,"column":33},"end":{"line":379,"column":57}},"178":{"start":{"line":380,"column":8},"end":{"line":390,"column":9}},"179":{"start":{"line":382,"column":40},"end":{"line":382,"column":103}},"180":{"start":{"line":382,"column":72},"end":{"line":382,"column":102}},"181":{"start":{"line":383,"column":10},"end":{"line":387,"column":11}},"182":{"start":{"line":384,"column":12},"end":{"line":384,"column":43}},"183":{"start":{"line":386,"column":12},"end":{"line":386,"column":58}},"184":{"start":{"line":389,"column":10},"end":{"line":389,"column":32}},"185":{"start":{"line":393,"column":29},"end":{"line":393,"column":58}},"186":{"start":{"line":395,"column":8},"end":{"line":480,"column":7}},"187":{"start":{"line":397,"column":10},"end":{"line":397,"column":40}},"188":{"start":{"line":400,"column":35},"end":{"line":400,"column":59}},"189":{"start":{"line":401,"column":10},"end":{"line":411,"column":11}},"190":{"start":{"line":403,"column":42},"end":{"line":403,"column":105}},"191":{"start":{"line":403,"column":74},"end":{"line":403,"column":104}},"192":{"start":{"line":404,"column":12},"end":{"line":408,"column":13}},"193":{"start":{"line":405,"column":14},"end":{"line":405,"column":45}},"194":{"start":{"line":407,"column":14},"end":{"line":407,"column":60}},"195":{"start":{"line":410,"column":12},"end":{"line":410,"column":34}},"196":{"start":{"line":414,"column":34},"end":{"line":414,"column":66}},"197":{"start":{"line":416,"column":10},"end":{"line":479,"column":9}},"198":{"start":{"line":418,"column":12},"end":{"line":418,"column":45}},"199":{"start":{"line":421,"column":37},"end":{"line":421,"column":61}},"200":{"start":{"line":422,"column":12},"end":{"line":432,"column":13}},"201":{"start":{"line":424,"column":44},"end":{"line":424,"column":107}},"202":{"start":{"line":424,"column":76},"end":{"line":424,"column":106}},"203":{"start":{"line":425,"column":14},"end":{"line":429,"column":15}},"204":{"start":{"line":426,"column":16},"end":{"line":426,"column":47}},"205":{"start":{"line":428,"column":16},"end":{"line":428,"column":62}},"206":{"start":{"line":431,"column":14},"end":{"line":431,"column":36}},"207":{"start":{"line":435,"column":36},"end":{"line":435,"column":68}},"208":{"start":{"line":437,"column":12},"end":{"line":478,"column":11}},"209":{"start":{"line":439,"column":14},"end":{"line":439,"column":47}},"210":{"start":{"line":442,"column":39},"end":{"line":442,"column":63}},"211":{"start":{"line":443,"column":14},"end":{"line":453,"column":13}},"212":{"start":{"line":445,"column":46},"end":{"line":445,"column":109}},"213":{"start":{"line":445,"column":78},"end":{"line":445,"column":108}},"214":{"start":{"line":446,"column":14},"end":{"line":450,"column":15}},"215":{"start":{"line":447,"column":16},"end":{"line":447,"column":47}},"216":{"start":{"line":449,"column":16},"end":{"line":449,"column":62}},"217":{"start":{"line":452,"column":14},"end":{"line":452,"column":36}},"218":{"start":{"line":456,"column":32},"end":{"line":456,"column":78}},"219":{"start":{"line":456,"column":56},"end":{"line":456,"column":77}},"220":{"start":{"line":458,"column":12},"end":{"line":477,"column":13}},"221":{"start":{"line":459,"column":14},"end":{"line":459,"column":82}},"222":{"start":{"line":462,"column":39},"end":{"line":462,"column":63}},"223":{"start":{"line":463,"column":14},"end":{"line":473,"column":15}},"224":{"start":{"line":465,"column":46},"end":{"line":465,"column":109}},"225":{"start":{"line":465,"column":78},"end":{"line":465,"column":108}},"226":{"start":{"line":466,"column":16},"end":{"line":470,"column":17}},"227":{"start":{"line":467,"column":18},"end":{"line":467,"column":49}},"228":{"start":{"line":469,"column":18},"end":{"line":469,"column":64}},"229":{"start":{"line":472,"column":16},"end":{"line":472,"column":54}},"230":{"start":{"line":475,"column":14},"end":{"line":475,"column":57}},"231":{"start":{"line":476,"column":14},"end":{"line":476,"column":36}},"232":{"start":{"line":483,"column":6},"end":{"line":483,"column":28}},"233":{"start":{"line":489,"column":29},"end":{"line":491,"column":3}},"234":{"start":{"line":490,"column":4},"end":{"line":490,"column":62}},"235":{"start":{"line":490,"column":25},"end":{"line":490,"column":59}},"236":{"start":{"line":493,"column":28},"end":{"line":495,"column":3}},"237":{"start":{"line":494,"column":4},"end":{"line":494,"column":91}},"238":{"start":{"line":497,"column":31},"end":{"line":502,"column":3}},"239":{"start":{"line":498,"column":4},"end":{"line":501,"column":5}},"240":{"start":{"line":499,"column":27},"end":{"line":499,"column":79}},"241":{"start":{"line":499,"column":67},"end":{"line":499,"column":78}},"242":{"start":{"line":500,"column":6},"end":{"line":500,"column":46}},"243":{"start":{"line":504,"column":31},"end":{"line":508,"column":3}},"244":{"start":{"line":505,"column":25},"end":{"line":505,"column":52}},"245":{"start":{"line":506,"column":4},"end":{"line":506,"column":39}},"246":{"start":{"line":507,"column":4},"end":{"line":507,"column":44}},"247":{"start":{"line":510,"column":28},"end":{"line":512,"column":3}},"248":{"start":{"line":511,"column":4},"end":{"line":511,"column":91}},"249":{"start":{"line":514,"column":31},"end":{"line":519,"column":3}},"250":{"start":{"line":515,"column":4},"end":{"line":518,"column":5}},"251":{"start":{"line":516,"column":27},"end":{"line":516,"column":79}},"252":{"start":{"line":516,"column":67},"end":{"line":516,"column":78}},"253":{"start":{"line":517,"column":6},"end":{"line":517,"column":46}},"254":{"start":{"line":521,"column":31},"end":{"line":525,"column":3}},"255":{"start":{"line":522,"column":25},"end":{"line":522,"column":52}},"256":{"start":{"line":523,"column":4},"end":{"line":523,"column":39}},"257":{"start":{"line":524,"column":4},"end":{"line":524,"column":44}},"258":{"start":{"line":527,"column":27},"end":{"line":531,"column":3}},"259":{"start":{"line":528,"column":4},"end":{"line":528,"column":35}},"260":{"start":{"line":529,"column":4},"end":{"line":529,"column":33}},"261":{"start":{"line":530,"column":4},"end":{"line":530,"column":33}},"262":{"start":{"line":533,"column":25},"end":{"line":540,"column":3}},"263":{"start":{"line":534,"column":4},"end":{"line":538,"column":5}},"264":{"start":{"line":535,"column":6},"end":{"line":535,"column":71}},"265":{"start":{"line":536,"column":11},"end":{"line":538,"column":5}},"266":{"start":{"line":537,"column":6},"end":{"line":537,"column":71}},"267":{"start":{"line":539,"column":4},"end":{"line":539,"column":34}},"268":{"start":{"line":542,"column":23},"end":{"line":643,"column":3}},"269":{"start":{"line":543,"column":25},"end":{"line":543,"column":76}},"270":{"start":{"line":543,"column":51},"end":{"line":543,"column":75}},"271":{"start":{"line":548,"column":38},"end":{"line":548,"column":89}},"272":{"start":{"line":549,"column":31},"end":{"line":549,"column":65}},"273":{"start":{"line":552,"column":18},"end":{"line":552,"column":59}},"274":{"start":{"line":555,"column":21},"end":{"line":555,"column":65}},"275":{"start":{"line":558,"column":4},"end":{"line":590,"column":5}},"276":{"start":{"line":560,"column":6},"end":{"line":560,"column":42}},"277":{"start":{"line":561,"column":6},"end":{"line":561,"column":84}},"278":{"start":{"line":562,"column":6},"end":{"line":562,"column":69}},"279":{"start":{"line":565,"column":30},"end":{"line":565,"column":65}},"280":{"start":{"line":566,"column":27},"end":{"line":566,"column":59}},"281":{"start":{"line":567,"column":30},"end":{"line":567,"column":65}},"282":{"start":{"line":569,"column":6},"end":{"line":589,"column":7}},"283":{"start":{"line":570,"column":8},"end":{"line":582,"column":9}},"284":{"start":{"line":572,"column":10},"end":{"line":572,"column":34}},"285":{"start":{"line":573,"column":10},"end":{"line":573,"column":21}},"286":{"start":{"line":576,"column":24},"end":{"line":576,"column":47}},"287":{"start":{"line":577,"column":27},"end":{"line":577,"column":50}},"288":{"start":{"line":578,"column":27},"end":{"line":578,"column":55}},"289":{"start":{"line":580,"column":10},"end":{"line":580,"column":46}},"290":{"start":{"line":581,"column":10},"end":{"line":581,"column":39}},"291":{"start":{"line":583,"column":8},"end":{"line":583,"column":47}},"292":{"start":{"line":586,"column":8},"end":{"line":586,"column":53}},"293":{"start":{"line":587,"column":8},"end":{"line":587,"column":75}},"294":{"start":{"line":588,"column":8},"end":{"line":588,"column":45}},"295":{"start":{"line":592,"column":25},"end":{"line":592,"column":56}},"296":{"start":{"line":595,"column":28},"end":{"line":597,"column":68}},"297":{"start":{"line":596,"column":22},"end":{"line":596,"column":60}},"298":{"start":{"line":597,"column":20},"end":{"line":597,"column":66}},"299":{"start":{"line":599,"column":28},"end":{"line":601,"column":68}},"300":{"start":{"line":600,"column":22},"end":{"line":600,"column":60}},"301":{"start":{"line":601,"column":20},"end":{"line":601,"column":66}},"302":{"start":{"line":603,"column":20},"end":{"line":613,"column":5}},"303":{"start":{"line":616,"column":4},"end":{"line":624,"column":5}},"304":{"start":{"line":617,"column":6},"end":{"line":621,"column":9}},"305":{"start":{"line":622,"column":6},"end":{"line":622,"column":71}},"306":{"start":{"line":623,"column":6},"end":{"line":623,"column":13}},"307":{"start":{"line":626,"column":4},"end":{"line":639,"column":5}},"308":{"start":{"line":627,"column":23},"end":{"line":627,"column":80}},"309":{"start":{"line":628,"column":6},"end":{"line":628,"column":65}},"310":{"start":{"line":631,"column":6},"end":{"line":631,"column":66}},"311":{"start":{"line":632,"column":6},"end":{"line":632,"column":66}},"312":{"start":{"line":633,"column":6},"end":{"line":633,"column":21}},"313":{"start":{"line":634,"column":6},"end":{"line":634,"column":28}},"314":{"start":{"line":635,"column":6},"end":{"line":635,"column":26}},"315":{"start":{"line":637,"column":6},"end":{"line":637,"column":49}},"316":{"start":{"line":638,"column":6},"end":{"line":638,"column":51}},"317":{"start":{"line":641,"column":4},"end":{"line":641,"column":27}},"318":{"start":{"line":642,"column":4},"end":{"line":642,"column":22}},"319":{"start":{"line":648,"column":2},"end":{"line":986,"column":4}},"320":{"start":{"line":676,"column":16},"end":{"line":676,"column":34}},"321":{"start":{"line":693,"column":20},"end":{"line":693,"column":43}},"322":{"start":{"line":694,"column":20},"end":{"line":694,"column":38}},"323":{"start":{"line":751,"column":42},"end":{"line":751,"column":75}},"324":{"start":{"line":759,"column":52},"end":{"line":759,"column":60}},"325":{"start":{"line":761,"column":30},"end":{"line":768,"column":49}},"326":{"start":{"line":763,"column":47},"end":{"line":763,"column":87}},"327":{"start":{"line":781,"column":41},"end":{"line":781,"column":74}},"328":{"start":{"line":804,"column":20},"end":{"line":863,"column":27}},"329":{"start":{"line":826,"column":47},"end":{"line":826,"column":76}},"330":{"start":{"line":827,"column":26},"end":{"line":827,"column":77}},"331":{"start":{"line":843,"column":39},"end":{"line":843,"column":63}},"332":{"start":{"line":858,"column":41},"end":{"line":858,"column":68}},"333":{"start":{"line":874,"column":42},"end":{"line":874,"column":72}},"334":{"start":{"line":881,"column":50},"end":{"line":881,"column":54}},"335":{"start":{"line":883,"column":28},"end":{"line":888,"column":47}},"336":{"start":{"line":885,"column":45},"end":{"line":885,"column":74}},"337":{"start":{"line":893,"column":41},"end":{"line":893,"column":71}},"338":{"start":{"line":917,"column":20},"end":{"line":960,"column":27}},"339":{"start":{"line":939,"column":47},"end":{"line":939,"column":76}},"340":{"start":{"line":940,"column":26},"end":{"line":940,"column":77}},"341":{"start":{"line":956,"column":39},"end":{"line":956,"column":63}},"342":{"start":{"line":967,"column":22},"end":{"line":967,"column":45}},"343":{"start":{"line":968,"column":22},"end":{"line":968,"column":40}},"344":{"start":{"line":989,"column":15},"end":{"line":1217,"column":2}}},"fnMap":{"0":{"name":"(anonymous_0)","decl":{"start":{"line":7,"column":18},"end":{"line":7,"column":19}},"loc":{"start":{"line":7,"column":131},"end":{"line":987,"column":1}},"line":7},"1":{"name":"(anonymous_1)","decl":{"start":{"line":27,"column":31},"end":{"line":27,"column":32}},"loc":{"start":{"line":27,"column":37},"end":{"line":29,"column":3}},"line":27},"2":{"name":"(anonymous_2)","decl":{"start":{"line":31,"column":29},"end":{"line":31,"column":30}},"loc":{"start":{"line":31,"column":40},"end":{"line":34,"column":3}},"line":31},"3":{"name":"(anonymous_3)","decl":{"start":{"line":36,"column":32},"end":{"line":36,"column":33}},"loc":{"start":{"line":36,"column":38},"end":{"line":38,"column":3}},"line":36},"4":{"name":"(anonymous_4)","decl":{"start":{"line":40,"column":38},"end":{"line":40,"column":39}},"loc":{"start":{"line":40,"column":50},"end":{"line":43,"column":3}},"line":40},"5":{"name":"(anonymous_5)","decl":{"start":{"line":45,"column":29},"end":{"line":45,"column":30}},"loc":{"start":{"line":45,"column":59},"end":{"line":63,"column":3}},"line":45},"6":{"name":"(anonymous_6)","decl":{"start":{"line":52,"column":43},"end":{"line":52,"column":44}},"loc":{"start":{"line":53,"column":6},"end":{"line":58,"column":34}},"line":53},"7":{"name":"(anonymous_7)","decl":{"start":{"line":66,"column":37},"end":{"line":66,"column":38}},"loc":{"start":{"line":66,"column":54},"end":{"line":114,"column":3}},"line":66},"8":{"name":"(anonymous_8)","decl":{"start":{"line":95,"column":41},"end":{"line":95,"column":42}},"loc":{"start":{"line":95,"column":50},"end":{"line":95,"column":77}},"line":95},"9":{"name":"(anonymous_9)","decl":{"start":{"line":99,"column":41},"end":{"line":99,"column":42}},"loc":{"start":{"line":99,"column":50},"end":{"line":99,"column":77}},"line":99},"10":{"name":"(anonymous_10)","decl":{"start":{"line":103,"column":39},"end":{"line":103,"column":40}},"loc":{"start":{"line":103,"column":47},"end":{"line":103,"column":72}},"line":103},"11":{"name":"(anonymous_11)","decl":{"start":{"line":117,"column":34},"end":{"line":117,"column":35}},"loc":{"start":{"line":117,"column":51},"end":{"line":172,"column":3}},"line":117},"12":{"name":"(anonymous_12)","decl":{"start":{"line":157,"column":41},"end":{"line":157,"column":42}},"loc":{"start":{"line":157,"column":50},"end":{"line":157,"column":77}},"line":157},"13":{"name":"(anonymous_13)","decl":{"start":{"line":161,"column":37},"end":{"line":161,"column":38}},"loc":{"start":{"line":161,"column":44},"end":{"line":161,"column":89}},"line":161},"14":{"name":"(anonymous_14)","decl":{"start":{"line":175,"column":37},"end":{"line":175,"column":38}},"loc":{"start":{"line":175,"column":54},"end":{"line":231,"column":3}},"line":175},"15":{"name":"(anonymous_15)","decl":{"start":{"line":216,"column":41},"end":{"line":216,"column":42}},"loc":{"start":{"line":216,"column":50},"end":{"line":216,"column":77}},"line":216},"16":{"name":"(anonymous_16)","decl":{"start":{"line":220,"column":43},"end":{"line":220,"column":44}},"loc":{"start":{"line":220,"column":53},"end":{"line":220,"column":105}},"line":220},"17":{"name":"(anonymous_17)","decl":{"start":{"line":234,"column":47},"end":{"line":234,"column":48}},"loc":{"start":{"line":234,"column":70},"end":{"line":295,"column":3}},"line":234},"18":{"name":"(anonymous_18)","decl":{"start":{"line":262,"column":41},"end":{"line":262,"column":42}},"loc":{"start":{"line":262,"column":50},"end":{"line":262,"column":77}},"line":262},"19":{"name":"(anonymous_19)","decl":{"start":{"line":276,"column":51},"end":{"line":276,"column":52}},"loc":{"start":{"line":277,"column":10},"end":{"line":277,"column":78}},"line":277},"20":{"name":"(anonymous_20)","decl":{"start":{"line":297,"column":28},"end":{"line":297,"column":29}},"loc":{"start":{"line":297,"column":39},"end":{"line":300,"column":3}},"line":297},"21":{"name":"(anonymous_21)","decl":{"start":{"line":302,"column":34},"end":{"line":302,"column":35}},"loc":{"start":{"line":302,"column":48},"end":{"line":305,"column":3}},"line":302},"22":{"name":"(anonymous_22)","decl":{"start":{"line":307,"column":12},"end":{"line":307,"column":13}},"loc":{"start":{"line":307,"column":18},"end":{"line":315,"column":3}},"line":307},"23":{"name":"(anonymous_23)","decl":{"start":{"line":317,"column":30},"end":{"line":317,"column":31}},"loc":{"start":{"line":317,"column":36},"end":{"line":320,"column":3}},"line":317},"24":{"name":"(anonymous_24)","decl":{"start":{"line":355,"column":19},"end":{"line":355,"column":20}},"loc":{"start":{"line":355,"column":25},"end":{"line":358,"column":11}},"line":355},"25":{"name":"(anonymous_25)","decl":{"start":{"line":366,"column":21},"end":{"line":366,"column":22}},"loc":{"start":{"line":366,"column":47},"end":{"line":487,"column":3}},"line":366},"26":{"name":"(anonymous_26)","decl":{"start":{"line":382,"column":62},"end":{"line":382,"column":63}},"loc":{"start":{"line":382,"column":72},"end":{"line":382,"column":102}},"line":382},"27":{"name":"(anonymous_27)","decl":{"start":{"line":403,"column":64},"end":{"line":403,"column":65}},"loc":{"start":{"line":403,"column":74},"end":{"line":403,"column":104}},"line":403},"28":{"name":"(anonymous_28)","decl":{"start":{"line":424,"column":66},"end":{"line":424,"column":67}},"loc":{"start":{"line":424,"column":76},"end":{"line":424,"column":106}},"line":424},"29":{"name":"(anonymous_29)","decl":{"start":{"line":445,"column":68},"end":{"line":445,"column":69}},"loc":{"start":{"line":445,"column":78},"end":{"line":445,"column":108}},"line":445},"30":{"name":"(anonymous_30)","decl":{"start":{"line":456,"column":48},"end":{"line":456,"column":49}},"loc":{"start":{"line":456,"column":56},"end":{"line":456,"column":77}},"line":456},"31":{"name":"(anonymous_31)","decl":{"start":{"line":465,"column":68},"end":{"line":465,"column":69}},"loc":{"start":{"line":465,"column":78},"end":{"line":465,"column":108}},"line":465},"32":{"name":"(anonymous_32)","decl":{"start":{"line":489,"column":29},"end":{"line":489,"column":30}},"loc":{"start":{"line":489,"column":35},"end":{"line":491,"column":3}},"line":489},"33":{"name":"(anonymous_33)","decl":{"start":{"line":490,"column":14},"end":{"line":490,"column":15}},"loc":{"start":{"line":490,"column":25},"end":{"line":490,"column":59}},"line":490},"34":{"name":"(anonymous_34)","decl":{"start":{"line":493,"column":28},"end":{"line":493,"column":29}},"loc":{"start":{"line":493,"column":34},"end":{"line":495,"column":3}},"line":493},"35":{"name":"(anonymous_35)","decl":{"start":{"line":497,"column":31},"end":{"line":497,"column":32}},"loc":{"start":{"line":497,"column":42},"end":{"line":502,"column":3}},"line":497},"36":{"name":"(anonymous_36)","decl":{"start":{"line":499,"column":57},"end":{"line":499,"column":58}},"loc":{"start":{"line":499,"column":67},"end":{"line":499,"column":78}},"line":499},"37":{"name":"(anonymous_37)","decl":{"start":{"line":504,"column":31},"end":{"line":504,"column":32}},"loc":{"start":{"line":504,"column":56},"end":{"line":508,"column":3}},"line":504},"38":{"name":"(anonymous_38)","decl":{"start":{"line":510,"column":28},"end":{"line":510,"column":29}},"loc":{"start":{"line":510,"column":34},"end":{"line":512,"column":3}},"line":510},"39":{"name":"(anonymous_39)","decl":{"start":{"line":514,"column":31},"end":{"line":514,"column":32}},"loc":{"start":{"line":514,"column":42},"end":{"line":519,"column":3}},"line":514},"40":{"name":"(anonymous_40)","decl":{"start":{"line":516,"column":57},"end":{"line":516,"column":58}},"loc":{"start":{"line":516,"column":67},"end":{"line":516,"column":78}},"line":516},"41":{"name":"(anonymous_41)","decl":{"start":{"line":521,"column":31},"end":{"line":521,"column":32}},"loc":{"start":{"line":521,"column":56},"end":{"line":525,"column":3}},"line":521},"42":{"name":"(anonymous_42)","decl":{"start":{"line":527,"column":27},"end":{"line":527,"column":28}},"loc":{"start":{"line":527,"column":44},"end":{"line":531,"column":3}},"line":527},"43":{"name":"(anonymous_43)","decl":{"start":{"line":533,"column":25},"end":{"line":533,"column":26}},"loc":{"start":{"line":533,"column":39},"end":{"line":540,"column":3}},"line":533},"44":{"name":"(anonymous_44)","decl":{"start":{"line":542,"column":23},"end":{"line":542,"column":24}},"loc":{"start":{"line":542,"column":35},"end":{"line":643,"column":3}},"line":542},"45":{"name":"(anonymous_45)","decl":{"start":{"line":543,"column":43},"end":{"line":543,"column":44}},"loc":{"start":{"line":543,"column":51},"end":{"line":543,"column":75}},"line":543},"46":{"name":"(anonymous_46)","decl":{"start":{"line":596,"column":14},"end":{"line":596,"column":15}},"loc":{"start":{"line":596,"column":22},"end":{"line":596,"column":60}},"line":596},"47":{"name":"(anonymous_47)","decl":{"start":{"line":597,"column":11},"end":{"line":597,"column":12}},"loc":{"start":{"line":597,"column":20},"end":{"line":597,"column":66}},"line":597},"48":{"name":"(anonymous_48)","decl":{"start":{"line":600,"column":14},"end":{"line":600,"column":15}},"loc":{"start":{"line":600,"column":22},"end":{"line":600,"column":60}},"line":600},"49":{"name":"(anonymous_49)","decl":{"start":{"line":601,"column":11},"end":{"line":601,"column":12}},"loc":{"start":{"line":601,"column":20},"end":{"line":601,"column":66}},"line":601},"50":{"name":"(anonymous_50)","decl":{"start":{"line":675,"column":23},"end":{"line":675,"column":24}},"loc":{"start":{"line":675,"column":29},"end":{"line":677,"column":15}},"line":675},"51":{"name":"(anonymous_51)","decl":{"start":{"line":692,"column":27},"end":{"line":692,"column":28}},"loc":{"start":{"line":692,"column":33},"end":{"line":695,"column":19}},"line":692},"52":{"name":"(anonymous_52)","decl":{"start":{"line":751,"column":36},"end":{"line":751,"column":37}},"loc":{"start":{"line":751,"column":42},"end":{"line":751,"column":75}},"line":751},"53":{"name":"(anonymous_53)","decl":{"start":{"line":759,"column":42},"end":{"line":759,"column":43}},"loc":{"start":{"line":759,"column":52},"end":{"line":759,"column":60}},"line":759},"54":{"name":"(anonymous_54)","decl":{"start":{"line":760,"column":40},"end":{"line":760,"column":41}},"loc":{"start":{"line":761,"column":30},"end":{"line":768,"column":49}},"line":761},"55":{"name":"(anonymous_55)","decl":{"start":{"line":763,"column":41},"end":{"line":763,"column":42}},"loc":{"start":{"line":763,"column":47},"end":{"line":763,"column":87}},"line":763},"56":{"name":"(anonymous_56)","decl":{"start":{"line":781,"column":35},"end":{"line":781,"column":36}},"loc":{"start":{"line":781,"column":41},"end":{"line":781,"column":74}},"line":781},"57":{"name":"(anonymous_57)","decl":{"start":{"line":803,"column":46},"end":{"line":803,"column":47}},"loc":{"start":{"line":804,"column":20},"end":{"line":863,"column":27}},"line":804},"58":{"name":"(anonymous_58)","decl":{"start":{"line":825,"column":38},"end":{"line":825,"column":39}},"loc":{"start":{"line":825,"column":49},"end":{"line":828,"column":25}},"line":825},"59":{"name":"(anonymous_59)","decl":{"start":{"line":843,"column":33},"end":{"line":843,"column":34}},"loc":{"start":{"line":843,"column":39},"end":{"line":843,"column":63}},"line":843},"60":{"name":"(anonymous_60)","decl":{"start":{"line":858,"column":35},"end":{"line":858,"column":36}},"loc":{"start":{"line":858,"column":41},"end":{"line":858,"column":68}},"line":858},"61":{"name":"(anonymous_61)","decl":{"start":{"line":874,"column":36},"end":{"line":874,"column":37}},"loc":{"start":{"line":874,"column":42},"end":{"line":874,"column":72}},"line":874},"62":{"name":"(anonymous_62)","decl":{"start":{"line":881,"column":40},"end":{"line":881,"column":41}},"loc":{"start":{"line":881,"column":50},"end":{"line":881,"column":54}},"line":881},"63":{"name":"(anonymous_63)","decl":{"start":{"line":882,"column":38},"end":{"line":882,"column":39}},"loc":{"start":{"line":883,"column":28},"end":{"line":888,"column":47}},"line":883},"64":{"name":"(anonymous_64)","decl":{"start":{"line":885,"column":39},"end":{"line":885,"column":40}},"loc":{"start":{"line":885,"column":45},"end":{"line":885,"column":74}},"line":885},"65":{"name":"(anonymous_65)","decl":{"start":{"line":893,"column":35},"end":{"line":893,"column":36}},"loc":{"start":{"line":893,"column":41},"end":{"line":893,"column":71}},"line":893},"66":{"name":"(anonymous_66)","decl":{"start":{"line":916,"column":46},"end":{"line":916,"column":47}},"loc":{"start":{"line":917,"column":20},"end":{"line":960,"column":27}},"line":917},"67":{"name":"(anonymous_67)","decl":{"start":{"line":938,"column":38},"end":{"line":938,"column":39}},"loc":{"start":{"line":938,"column":49},"end":{"line":941,"column":25}},"line":938},"68":{"name":"(anonymous_68)","decl":{"start":{"line":956,"column":33},"end":{"line":956,"column":34}},"loc":{"start":{"line":956,"column":39},"end":{"line":956,"column":63}},"line":956},"69":{"name":"(anonymous_69)","decl":{"start":{"line":966,"column":29},"end":{"line":966,"column":30}},"loc":{"start":{"line":966,"column":35},"end":{"line":969,"column":21}},"line":966}},"branchMap":{"0":{"loc":{"start":{"line":45,"column":30},"end":{"line":45,"column":54}},"type":"default-arg","locations":[{"start":{"line":45,"column":47},"end":{"line":45,"column":54}}],"line":45},"1":{"loc":{"start":{"line":46,"column":4},"end":{"line":48,"column":5}},"type":"if","locations":[{"start":{"line":46,"column":4},"end":{"line":48,"column":5}},{"start":{},"end":{}}],"line":46},"2":{"loc":{"start":{"line":46,"column":8},"end":{"line":46,"column":23}},"type":"binary-expr","locations":[{"start":{"line":46,"column":8},"end":{"line":46,"column":14}},{"start":{"line":46,"column":18},"end":{"line":46,"column":23}}],"line":46},"3":{"loc":{"start":{"line":53,"column":6},"end":{"line":58,"column":34}},"type":"binary-expr","locations":[{"start":{"line":53,"column":6},"end":{"line":53,"column":16}},{"start":{"line":53,"column":20},"end":{"line":53,"column":33}},{"start":{"line":54,"column":6},"end":{"line":54,"column":48}},{"start":{"line":55,"column":6},"end":{"line":55,"column":24}},{"start":{"line":56,"column":6},"end":{"line":56,"column":26}},{"start":{"line":57,"column":6},"end":{"line":57,"column":20}},{"start":{"line":58,"column":6},"end":{"line":58,"column":34}}],"line":53},"4":{"loc":{"start":{"line":73,"column":6},"end":{"line":75,"column":7}},"type":"if","locations":[{"start":{"line":73,"column":6},"end":{"line":75,"column":7}},{"start":{},"end":{}}],"line":73},"5":{"loc":{"start":{"line":80,"column":6},"end":{"line":82,"column":7}},"type":"if","locations":[{"start":{"line":80,"column":6},"end":{"line":82,"column":7}},{"start":{},"end":{}}],"line":80},"6":{"loc":{"start":{"line":85,"column":26},"end":{"line":85,"column":97}},"type":"cond-expr","locations":[{"start":{"line":85,"column":50},"end":{"line":85,"column":56}},{"start":{"line":85,"column":60},"end":{"line":85,"column":96}}],"line":85},"7":{"loc":{"start":{"line":85,"column":60},"end":{"line":85,"column":96}},"type":"binary-expr","locations":[{"start":{"line":85,"column":60},"end":{"line":85,"column":72}},{"start":{"line":85,"column":76},"end":{"line":85,"column":90}},{"start":{"line":85,"column":94},"end":{"line":85,"column":96}}],"line":85},"8":{"loc":{"start":{"line":86,"column":26},"end":{"line":86,"column":97}},"type":"cond-expr","locations":[{"start":{"line":86,"column":50},"end":{"line":86,"column":56}},{"start":{"line":86,"column":60},"end":{"line":86,"column":96}}],"line":86},"9":{"loc":{"start":{"line":86,"column":60},"end":{"line":86,"column":96}},"type":"binary-expr","locations":[{"start":{"line":86,"column":60},"end":{"line":86,"column":72}},{"start":{"line":86,"column":76},"end":{"line":86,"column":90}},{"start":{"line":86,"column":94},"end":{"line":86,"column":96}}],"line":86},"10":{"loc":{"start":{"line":87,"column":25},"end":{"line":87,"column":91}},"type":"cond-expr","locations":[{"start":{"line":87,"column":48},"end":{"line":87,"column":53}},{"start":{"line":87,"column":57},"end":{"line":87,"column":90}}],"line":87},"11":{"loc":{"start":{"line":87,"column":57},"end":{"line":87,"column":90}},"type":"binary-expr","locations":[{"start":{"line":87,"column":57},"end":{"line":87,"column":68}},{"start":{"line":87,"column":72},"end":{"line":87,"column":84}},{"start":{"line":87,"column":88},"end":{"line":87,"column":90}}],"line":87},"12":{"loc":{"start":{"line":90,"column":6},"end":{"line":92,"column":7}},"type":"if","locations":[{"start":{"line":90,"column":6},"end":{"line":92,"column":7}},{"start":{},"end":{}}],"line":90},"13":{"loc":{"start":{"line":90,"column":10},"end":{"line":90,"column":98}},"type":"binary-expr","locations":[{"start":{"line":90,"column":10},"end":{"line":90,"column":37}},{"start":{"line":90,"column":41},"end":{"line":90,"column":68}},{"start":{"line":90,"column":72},"end":{"line":90,"column":98}}],"line":90},"14":{"loc":{"start":{"line":96,"column":24},"end":{"line":96,"column":65}},"type":"binary-expr","locations":[{"start":{"line":96,"column":24},"end":{"line":96,"column":43}},{"start":{"line":96,"column":47},"end":{"line":96,"column":65}}],"line":96},"15":{"loc":{"start":{"line":100,"column":24},"end":{"line":100,"column":67}},"type":"binary-expr","locations":[{"start":{"line":100,"column":24},"end":{"line":100,"column":43}},{"start":{"line":100,"column":47},"end":{"line":100,"column":67}}],"line":100},"16":{"loc":{"start":{"line":104,"column":23},"end":{"line":104,"column":66}},"type":"binary-expr","locations":[{"start":{"line":104,"column":23},"end":{"line":104,"column":41}},{"start":{"line":104,"column":45},"end":{"line":104,"column":66}}],"line":104},"17":{"loc":{"start":{"line":107,"column":28},"end":{"line":107,"column":51}},"type":"binary-expr","locations":[{"start":{"line":107,"column":28},"end":{"line":107,"column":37}},{"start":{"line":107,"column":41},"end":{"line":107,"column":51}}],"line":107},"18":{"loc":{"start":{"line":107,"column":55},"end":{"line":107,"column":78}},"type":"binary-expr","locations":[{"start":{"line":107,"column":55},"end":{"line":107,"column":64}},{"start":{"line":107,"column":68},"end":{"line":107,"column":78}}],"line":107},"19":{"loc":{"start":{"line":107,"column":82},"end":{"line":107,"column":104}},"type":"binary-expr","locations":[{"start":{"line":107,"column":82},"end":{"line":107,"column":90}},{"start":{"line":107,"column":94},"end":{"line":107,"column":104}}],"line":107},"20":{"loc":{"start":{"line":125,"column":6},"end":{"line":127,"column":7}},"type":"if","locations":[{"start":{"line":125,"column":6},"end":{"line":127,"column":7}},{"start":{},"end":{}}],"line":125},"21":{"loc":{"start":{"line":135,"column":6},"end":{"line":137,"column":7}},"type":"if","locations":[{"start":{"line":135,"column":6},"end":{"line":137,"column":7}},{"start":{},"end":{}}],"line":135},"22":{"loc":{"start":{"line":135,"column":10},"end":{"line":135,"column":47}},"type":"binary-expr","locations":[{"start":{"line":135,"column":10},"end":{"line":135,"column":26}},{"start":{"line":135,"column":30},"end":{"line":135,"column":47}}],"line":135},"23":{"loc":{"start":{"line":143,"column":6},"end":{"line":145,"column":7}},"type":"if","locations":[{"start":{"line":143,"column":6},"end":{"line":145,"column":7}},{"start":{},"end":{}}],"line":143},"24":{"loc":{"start":{"line":143,"column":10},"end":{"line":143,"column":51}},"type":"binary-expr","locations":[{"start":{"line":143,"column":10},"end":{"line":143,"column":28}},{"start":{"line":143,"column":32},"end":{"line":143,"column":51}}],"line":143},"25":{"loc":{"start":{"line":148,"column":26},"end":{"line":148,"column":97}},"type":"cond-expr","locations":[{"start":{"line":148,"column":50},"end":{"line":148,"column":56}},{"start":{"line":148,"column":60},"end":{"line":148,"column":96}}],"line":148},"26":{"loc":{"start":{"line":148,"column":60},"end":{"line":148,"column":96}},"type":"binary-expr","locations":[{"start":{"line":148,"column":60},"end":{"line":148,"column":72}},{"start":{"line":148,"column":76},"end":{"line":148,"column":90}},{"start":{"line":148,"column":94},"end":{"line":148,"column":96}}],"line":148},"27":{"loc":{"start":{"line":149,"column":24},"end":{"line":149,"column":85}},"type":"cond-expr","locations":[{"start":{"line":149,"column":46},"end":{"line":149,"column":50}},{"start":{"line":149,"column":54},"end":{"line":149,"column":84}}],"line":149},"28":{"loc":{"start":{"line":149,"column":54},"end":{"line":149,"column":84}},"type":"binary-expr","locations":[{"start":{"line":149,"column":54},"end":{"line":149,"column":64}},{"start":{"line":149,"column":68},"end":{"line":149,"column":78}},{"start":{"line":149,"column":82},"end":{"line":149,"column":84}}],"line":149},"29":{"loc":{"start":{"line":152,"column":6},"end":{"line":154,"column":7}},"type":"if","locations":[{"start":{"line":152,"column":6},"end":{"line":154,"column":7}},{"start":{},"end":{}}],"line":152},"30":{"loc":{"start":{"line":152,"column":10},"end":{"line":152,"column":66}},"type":"binary-expr","locations":[{"start":{"line":152,"column":10},"end":{"line":152,"column":37}},{"start":{"line":152,"column":41},"end":{"line":152,"column":66}}],"line":152},"31":{"loc":{"start":{"line":158,"column":24},"end":{"line":158,"column":67}},"type":"binary-expr","locations":[{"start":{"line":158,"column":24},"end":{"line":158,"column":43}},{"start":{"line":158,"column":47},"end":{"line":158,"column":67}}],"line":158},"32":{"loc":{"start":{"line":162,"column":22},"end":{"line":162,"column":71}},"type":"binary-expr","locations":[{"start":{"line":162,"column":22},"end":{"line":162,"column":42}},{"start":{"line":162,"column":46},"end":{"line":162,"column":71}}],"line":162},"33":{"loc":{"start":{"line":183,"column":6},"end":{"line":185,"column":7}},"type":"if","locations":[{"start":{"line":183,"column":6},"end":{"line":185,"column":7}},{"start":{},"end":{}}],"line":183},"34":{"loc":{"start":{"line":194,"column":6},"end":{"line":196,"column":7}},"type":"if","locations":[{"start":{"line":194,"column":6},"end":{"line":196,"column":7}},{"start":{},"end":{}}],"line":194},"35":{"loc":{"start":{"line":194,"column":10},"end":{"line":194,"column":68}},"type":"binary-expr","locations":[{"start":{"line":194,"column":10},"end":{"line":194,"column":26}},{"start":{"line":194,"column":30},"end":{"line":194,"column":47}},{"start":{"line":194,"column":51},"end":{"line":194,"column":68}}],"line":194},"36":{"loc":{"start":{"line":202,"column":6},"end":{"line":204,"column":7}},"type":"if","locations":[{"start":{"line":202,"column":6},"end":{"line":204,"column":7}},{"start":{},"end":{}}],"line":202},"37":{"loc":{"start":{"line":202,"column":10},"end":{"line":202,"column":57}},"type":"binary-expr","locations":[{"start":{"line":202,"column":10},"end":{"line":202,"column":31}},{"start":{"line":202,"column":35},"end":{"line":202,"column":57}}],"line":202},"38":{"loc":{"start":{"line":207,"column":26},"end":{"line":207,"column":97}},"type":"cond-expr","locations":[{"start":{"line":207,"column":50},"end":{"line":207,"column":56}},{"start":{"line":207,"column":60},"end":{"line":207,"column":96}}],"line":207},"39":{"loc":{"start":{"line":207,"column":60},"end":{"line":207,"column":96}},"type":"binary-expr","locations":[{"start":{"line":207,"column":60},"end":{"line":207,"column":72}},{"start":{"line":207,"column":76},"end":{"line":207,"column":90}},{"start":{"line":207,"column":94},"end":{"line":207,"column":96}}],"line":207},"40":{"loc":{"start":{"line":208,"column":27},"end":{"line":208,"column":103}},"type":"cond-expr","locations":[{"start":{"line":208,"column":52},"end":{"line":208,"column":59}},{"start":{"line":208,"column":63},"end":{"line":208,"column":102}}],"line":208},"41":{"loc":{"start":{"line":208,"column":63},"end":{"line":208,"column":102}},"type":"binary-expr","locations":[{"start":{"line":208,"column":63},"end":{"line":208,"column":76}},{"start":{"line":208,"column":80},"end":{"line":208,"column":96}},{"start":{"line":208,"column":100},"end":{"line":208,"column":102}}],"line":208},"42":{"loc":{"start":{"line":211,"column":6},"end":{"line":213,"column":7}},"type":"if","locations":[{"start":{"line":211,"column":6},"end":{"line":213,"column":7}},{"start":{},"end":{}}],"line":211},"43":{"loc":{"start":{"line":211,"column":10},"end":{"line":211,"column":69}},"type":"binary-expr","locations":[{"start":{"line":211,"column":10},"end":{"line":211,"column":37}},{"start":{"line":211,"column":41},"end":{"line":211,"column":69}}],"line":211},"44":{"loc":{"start":{"line":217,"column":24},"end":{"line":217,"column":67}},"type":"binary-expr","locations":[{"start":{"line":217,"column":24},"end":{"line":217,"column":43}},{"start":{"line":217,"column":47},"end":{"line":217,"column":67}}],"line":217},"45":{"loc":{"start":{"line":221,"column":25},"end":{"line":221,"column":81}},"type":"binary-expr","locations":[{"start":{"line":221,"column":25},"end":{"line":221,"column":49}},{"start":{"line":221,"column":53},"end":{"line":221,"column":81}}],"line":221},"46":{"loc":{"start":{"line":239,"column":6},"end":{"line":241,"column":7}},"type":"if","locations":[{"start":{"line":239,"column":6},"end":{"line":241,"column":7}},{"start":{},"end":{}}],"line":239},"47":{"loc":{"start":{"line":249,"column":6},"end":{"line":251,"column":7}},"type":"if","locations":[{"start":{"line":249,"column":6},"end":{"line":251,"column":7}},{"start":{},"end":{}}],"line":249},"48":{"loc":{"start":{"line":249,"column":10},"end":{"line":249,"column":53}},"type":"binary-expr","locations":[{"start":{"line":249,"column":10},"end":{"line":249,"column":26}},{"start":{"line":249,"column":30},"end":{"line":249,"column":53}}],"line":249},"49":{"loc":{"start":{"line":254,"column":26},"end":{"line":254,"column":97}},"type":"cond-expr","locations":[{"start":{"line":254,"column":50},"end":{"line":254,"column":56}},{"start":{"line":254,"column":60},"end":{"line":254,"column":96}}],"line":254},"50":{"loc":{"start":{"line":254,"column":60},"end":{"line":254,"column":96}},"type":"binary-expr","locations":[{"start":{"line":254,"column":60},"end":{"line":254,"column":72}},{"start":{"line":254,"column":76},"end":{"line":254,"column":90}},{"start":{"line":254,"column":94},"end":{"line":254,"column":96}}],"line":254},"51":{"loc":{"start":{"line":257,"column":6},"end":{"line":259,"column":7}},"type":"if","locations":[{"start":{"line":257,"column":6},"end":{"line":259,"column":7}},{"start":{},"end":{}}],"line":257},"52":{"loc":{"start":{"line":263,"column":24},"end":{"line":263,"column":67}},"type":"binary-expr","locations":[{"start":{"line":263,"column":24},"end":{"line":263,"column":43}},{"start":{"line":263,"column":47},"end":{"line":263,"column":67}}],"line":263},"53":{"loc":{"start":{"line":277,"column":10},"end":{"line":277,"column":78}},"type":"binary-expr","locations":[{"start":{"line":277,"column":10},"end":{"line":277,"column":24}},{"start":{"line":277,"column":28},"end":{"line":277,"column":78}}],"line":277},"54":{"loc":{"start":{"line":280,"column":28},"end":{"line":280,"column":76}},"type":"binary-expr","locations":[{"start":{"line":280,"column":28},"end":{"line":280,"column":48}},{"start":{"line":280,"column":52},"end":{"line":280,"column":76}}],"line":280},"55":{"loc":{"start":{"line":308,"column":4},"end":{"line":314,"column":5}},"type":"if","locations":[{"start":{"line":308,"column":4},"end":{"line":314,"column":5}},{"start":{"line":311,"column":11},"end":{"line":314,"column":5}}],"line":308},"56":{"loc":{"start":{"line":322,"column":2},"end":{"line":322,"column":35}},"type":"if","locations":[{"start":{"line":322,"column":2},"end":{"line":322,"column":35}},{"start":{},"end":{}}],"line":322},"57":{"loc":{"start":{"line":324,"column":2},"end":{"line":341,"column":3}},"type":"if","locations":[{"start":{"line":324,"column":2},"end":{"line":341,"column":3}},{"start":{},"end":{}}],"line":324},"58":{"loc":{"start":{"line":343,"column":2},"end":{"line":364,"column":3}},"type":"if","locations":[{"start":{"line":343,"column":2},"end":{"line":364,"column":3}},{"start":{},"end":{}}],"line":343},"59":{"loc":{"start":{"line":343,"column":6},"end":{"line":343,"column":37}},"type":"binary-expr","locations":[{"start":{"line":343,"column":6},"end":{"line":343,"column":19}},{"start":{"line":343,"column":23},"end":{"line":343,"column":37}}],"line":343},"60":{"loc":{"start":{"line":367,"column":4},"end":{"line":485,"column":5}},"type":"if","locations":[{"start":{"line":367,"column":4},"end":{"line":485,"column":5}},{"start":{},"end":{}}],"line":367},"61":{"loc":{"start":{"line":374,"column":6},"end":{"line":481,"column":5}},"type":"if","locations":[{"start":{"line":374,"column":6},"end":{"line":481,"column":5}},{"start":{"line":391,"column":13},"end":{"line":481,"column":5}}],"line":374},"62":{"loc":{"start":{"line":380,"column":8},"end":{"line":390,"column":9}},"type":"if","locations":[{"start":{"line":380,"column":8},"end":{"line":390,"column":9}},{"start":{"line":388,"column":15},"end":{"line":390,"column":9}}],"line":380},"63":{"loc":{"start":{"line":383,"column":10},"end":{"line":387,"column":11}},"type":"if","locations":[{"start":{"line":383,"column":10},"end":{"line":387,"column":11}},{"start":{"line":385,"column":17},"end":{"line":387,"column":11}}],"line":383},"64":{"loc":{"start":{"line":395,"column":8},"end":{"line":480,"column":7}},"type":"if","locations":[{"start":{"line":395,"column":8},"end":{"line":480,"column":7}},{"start":{"line":412,"column":15},"end":{"line":480,"column":7}}],"line":395},"65":{"loc":{"start":{"line":401,"column":10},"end":{"line":411,"column":11}},"type":"if","locations":[{"start":{"line":401,"column":10},"end":{"line":411,"column":11}},{"start":{"line":409,"column":17},"end":{"line":411,"column":11}}],"line":401},"66":{"loc":{"start":{"line":404,"column":12},"end":{"line":408,"column":13}},"type":"if","locations":[{"start":{"line":404,"column":12},"end":{"line":408,"column":13}},{"start":{"line":406,"column":19},"end":{"line":408,"column":13}}],"line":404},"67":{"loc":{"start":{"line":416,"column":10},"end":{"line":479,"column":9}},"type":"if","locations":[{"start":{"line":416,"column":10},"end":{"line":479,"column":9}},{"start":{"line":433,"column":17},"end":{"line":479,"column":9}}],"line":416},"68":{"loc":{"start":{"line":422,"column":12},"end":{"line":432,"column":13}},"type":"if","locations":[{"start":{"line":422,"column":12},"end":{"line":432,"column":13}},{"start":{"line":430,"column":19},"end":{"line":432,"column":13}}],"line":422},"69":{"loc":{"start":{"line":425,"column":14},"end":{"line":429,"column":15}},"type":"if","locations":[{"start":{"line":425,"column":14},"end":{"line":429,"column":15}},{"start":{"line":427,"column":21},"end":{"line":429,"column":15}}],"line":425},"70":{"loc":{"start":{"line":437,"column":12},"end":{"line":478,"column":11}},"type":"if","locations":[{"start":{"line":437,"column":12},"end":{"line":478,"column":11}},{"start":{"line":454,"column":17},"end":{"line":478,"column":11}}],"line":437},"71":{"loc":{"start":{"line":443,"column":14},"end":{"line":453,"column":13}},"type":"if","locations":[{"start":{"line":443,"column":14},"end":{"line":453,"column":13}},{"start":{"line":451,"column":19},"end":{"line":453,"column":13}}],"line":443},"72":{"loc":{"start":{"line":446,"column":14},"end":{"line":450,"column":15}},"type":"if","locations":[{"start":{"line":446,"column":14},"end":{"line":450,"column":15}},{"start":{"line":448,"column":21},"end":{"line":450,"column":15}}],"line":446},"73":{"loc":{"start":{"line":458,"column":12},"end":{"line":477,"column":13}},"type":"if","locations":[{"start":{"line":458,"column":12},"end":{"line":477,"column":13}},{"start":{"line":474,"column":19},"end":{"line":477,"column":13}}],"line":458},"74":{"loc":{"start":{"line":463,"column":14},"end":{"line":473,"column":15}},"type":"if","locations":[{"start":{"line":463,"column":14},"end":{"line":473,"column":15}},{"start":{"line":471,"column":21},"end":{"line":473,"column":15}}],"line":463},"75":{"loc":{"start":{"line":466,"column":16},"end":{"line":470,"column":17}},"type":"if","locations":[{"start":{"line":466,"column":16},"end":{"line":470,"column":17}},{"start":{"line":468,"column":23},"end":{"line":470,"column":17}}],"line":466},"76":{"loc":{"start":{"line":490,"column":25},"end":{"line":490,"column":59}},"type":"cond-expr","locations":[{"start":{"line":490,"column":43},"end":{"line":490,"column":50}},{"start":{"line":490,"column":53},"end":{"line":490,"column":59}}],"line":490},"77":{"loc":{"start":{"line":498,"column":4},"end":{"line":501,"column":5}},"type":"if","locations":[{"start":{"line":498,"column":4},"end":{"line":501,"column":5}},{"start":{},"end":{}}],"line":498},"78":{"loc":{"start":{"line":515,"column":4},"end":{"line":518,"column":5}},"type":"if","locations":[{"start":{"line":515,"column":4},"end":{"line":518,"column":5}},{"start":{},"end":{}}],"line":515},"79":{"loc":{"start":{"line":534,"column":4},"end":{"line":538,"column":5}},"type":"if","locations":[{"start":{"line":534,"column":4},"end":{"line":538,"column":5}},{"start":{"line":536,"column":11},"end":{"line":538,"column":5}}],"line":534},"80":{"loc":{"start":{"line":536,"column":11},"end":{"line":538,"column":5}},"type":"if","locations":[{"start":{"line":536,"column":11},"end":{"line":538,"column":5}},{"start":{},"end":{}}],"line":536},"81":{"loc":{"start":{"line":558,"column":4},"end":{"line":590,"column":5}},"type":"if","locations":[{"start":{"line":558,"column":4},"end":{"line":590,"column":5}},{"start":{"line":563,"column":11},"end":{"line":590,"column":5}}],"line":558},"82":{"loc":{"start":{"line":558,"column":8},"end":{"line":558,"column":47}},"type":"binary-expr","locations":[{"start":{"line":558,"column":8},"end":{"line":558,"column":20}},{"start":{"line":558,"column":24},"end":{"line":558,"column":47}}],"line":558},"83":{"loc":{"start":{"line":561,"column":13},"end":{"line":561,"column":83}},"type":"cond-expr","locations":[{"start":{"line":561,"column":57},"end":{"line":561,"column":60}},{"start":{"line":561,"column":63},"end":{"line":561,"column":83}}],"line":561},"84":{"loc":{"start":{"line":561,"column":14},"end":{"line":561,"column":53}},"type":"binary-expr","locations":[{"start":{"line":561,"column":14},"end":{"line":561,"column":19}},{"start":{"line":561,"column":23},"end":{"line":561,"column":31}},{"start":{"line":561,"column":35},"end":{"line":561,"column":53}}],"line":561},"85":{"loc":{"start":{"line":562,"column":15},"end":{"line":562,"column":68}},"type":"binary-expr","locations":[{"start":{"line":562,"column":15},"end":{"line":562,"column":29}},{"start":{"line":562,"column":33},"end":{"line":562,"column":55}},{"start":{"line":562,"column":59},"end":{"line":562,"column":68}}],"line":562},"86":{"loc":{"start":{"line":569,"column":6},"end":{"line":589,"column":7}},"type":"if","locations":[{"start":{"line":569,"column":6},"end":{"line":589,"column":7}},{"start":{"line":584,"column":13},"end":{"line":589,"column":7}}],"line":569},"87":{"loc":{"start":{"line":569,"column":10},"end":{"line":569,"column":89}},"type":"binary-expr","locations":[{"start":{"line":569,"column":10},"end":{"line":569,"column":25}},{"start":{"line":569,"column":29},"end":{"line":569,"column":41}},{"start":{"line":569,"column":45},"end":{"line":569,"column":60}},{"start":{"line":569,"column":64},"end":{"line":569,"column":89}}],"line":569},"88":{"loc":{"start":{"line":570,"column":8},"end":{"line":582,"column":9}},"type":"if","locations":[{"start":{"line":570,"column":8},"end":{"line":582,"column":9}},{"start":{"line":574,"column":15},"end":{"line":582,"column":9}}],"line":570},"89":{"loc":{"start":{"line":570,"column":12},"end":{"line":570,"column":51}},"type":"binary-expr","locations":[{"start":{"line":570,"column":12},"end":{"line":570,"column":17}},{"start":{"line":570,"column":21},"end":{"line":570,"column":29}},{"start":{"line":570,"column":33},"end":{"line":570,"column":51}}],"line":570},"90":{"loc":{"start":{"line":580,"column":21},"end":{"line":580,"column":45}},"type":"binary-expr","locations":[{"start":{"line":580,"column":21},"end":{"line":580,"column":29}},{"start":{"line":580,"column":33},"end":{"line":580,"column":45}}],"line":580},"91":{"loc":{"start":{"line":581,"column":17},"end":{"line":581,"column":38}},"type":"binary-expr","locations":[{"start":{"line":581,"column":17},"end":{"line":581,"column":25}},{"start":{"line":581,"column":29},"end":{"line":581,"column":38}}],"line":581},"92":{"loc":{"start":{"line":583,"column":17},"end":{"line":583,"column":46}},"type":"binary-expr","locations":[{"start":{"line":583,"column":17},"end":{"line":583,"column":31}},{"start":{"line":583,"column":35},"end":{"line":583,"column":46}}],"line":583},"93":{"loc":{"start":{"line":586,"column":19},"end":{"line":586,"column":52}},"type":"binary-expr","locations":[{"start":{"line":586,"column":19},"end":{"line":586,"column":31}},{"start":{"line":586,"column":35},"end":{"line":586,"column":52}}],"line":586},"94":{"loc":{"start":{"line":587,"column":15},"end":{"line":587,"column":74}},"type":"cond-expr","locations":[{"start":{"line":587,"column":59},"end":{"line":587,"column":62}},{"start":{"line":587,"column":65},"end":{"line":587,"column":74}}],"line":587},"95":{"loc":{"start":{"line":587,"column":16},"end":{"line":587,"column":55}},"type":"binary-expr","locations":[{"start":{"line":587,"column":16},"end":{"line":587,"column":21}},{"start":{"line":587,"column":25},"end":{"line":587,"column":33}},{"start":{"line":587,"column":37},"end":{"line":587,"column":55}}],"line":587},"96":{"loc":{"start":{"line":588,"column":17},"end":{"line":588,"column":44}},"type":"binary-expr","locations":[{"start":{"line":588,"column":17},"end":{"line":588,"column":31}},{"start":{"line":588,"column":35},"end":{"line":588,"column":44}}],"line":588},"97":{"loc":{"start":{"line":592,"column":25},"end":{"line":592,"column":56}},"type":"binary-expr","locations":[{"start":{"line":592,"column":25},"end":{"line":592,"column":43}},{"start":{"line":592,"column":47},"end":{"line":592,"column":56}}],"line":592},"98":{"loc":{"start":{"line":596,"column":22},"end":{"line":596,"column":60}},"type":"binary-expr","locations":[{"start":{"line":596,"column":22},"end":{"line":596,"column":32}},{"start":{"line":596,"column":36},"end":{"line":596,"column":60}}],"line":596},"99":{"loc":{"start":{"line":600,"column":22},"end":{"line":600,"column":60}},"type":"binary-expr","locations":[{"start":{"line":600,"column":22},"end":{"line":600,"column":32}},{"start":{"line":600,"column":36},"end":{"line":600,"column":60}}],"line":600},"100":{"loc":{"start":{"line":609,"column":12},"end":{"line":609,"column":36}},"type":"binary-expr","locations":[{"start":{"line":609,"column":12},"end":{"line":609,"column":26}},{"start":{"line":609,"column":30},"end":{"line":609,"column":36}}],"line":609},"101":{"loc":{"start":{"line":616,"column":4},"end":{"line":624,"column":5}},"type":"if","locations":[{"start":{"line":616,"column":4},"end":{"line":624,"column":5}},{"start":{},"end":{}}],"line":616},"102":{"loc":{"start":{"line":616,"column":8},"end":{"line":616,"column":59}},"type":"binary-expr","locations":[{"start":{"line":616,"column":8},"end":{"line":616,"column":25}},{"start":{"line":616,"column":29},"end":{"line":616,"column":42}},{"start":{"line":616,"column":46},"end":{"line":616,"column":59}}],"line":616},"103":{"loc":{"start":{"line":665,"column":9},"end":{"line":682,"column":9}},"type":"binary-expr","locations":[{"start":{"line":665,"column":9},"end":{"line":665,"column":16}},{"start":{"line":666,"column":10},"end":{"line":681,"column":17}}],"line":665},"104":{"loc":{"start":{"line":685,"column":7},"end":{"line":984,"column":7}},"type":"binary-expr","locations":[{"start":{"line":685,"column":7},"end":{"line":685,"column":19}},{"start":{"line":686,"column":8},"end":{"line":983,"column":15}}],"line":685},"105":{"loc":{"start":{"line":708,"column":25},"end":{"line":708,"column":56}},"type":"binary-expr","locations":[{"start":{"line":708,"column":25},"end":{"line":708,"column":43}},{"start":{"line":708,"column":47},"end":{"line":708,"column":56}}],"line":708},"106":{"loc":{"start":{"line":742,"column":23},"end":{"line":742,"column":66}},"type":"binary-expr","locations":[{"start":{"line":742,"column":23},"end":{"line":742,"column":37}},{"start":{"line":742,"column":41},"end":{"line":742,"column":66}}],"line":742},"107":{"loc":{"start":{"line":746,"column":17},"end":{"line":788,"column":17}},"type":"binary-expr","locations":[{"start":{"line":746,"column":17},"end":{"line":746,"column":40}},{"start":{"line":747,"column":18},"end":{"line":787,"column":26}}],"line":746},"108":{"loc":{"start":{"line":756,"column":25},"end":{"line":778,"column":25}},"type":"cond-expr","locations":[{"start":{"line":757,"column":26},"end":{"line":770,"column":28}},{"start":{"line":772,"column":26},"end":{"line":777,"column":33}}],"line":756},"109":{"loc":{"start":{"line":773,"column":29},"end":{"line":775,"column":92}},"type":"cond-expr","locations":[{"start":{"line":774,"column":30},"end":{"line":774,"column":119}},{"start":{"line":775,"column":30},"end":{"line":775,"column":92}}],"line":773},"110":{"loc":{"start":{"line":774,"column":88},"end":{"line":774,"column":116}},"type":"binary-expr","locations":[{"start":{"line":774,"column":88},"end":{"line":774,"column":102}},{"start":{"line":774,"column":106},"end":{"line":774,"column":116}}],"line":774},"111":{"loc":{"start":{"line":845,"column":58},"end":{"line":845,"column":80}},"type":"binary-expr","locations":[{"start":{"line":845,"column":58},"end":{"line":845,"column":71}},{"start":{"line":845,"column":75},"end":{"line":845,"column":80}}],"line":845},"112":{"loc":{"start":{"line":847,"column":23},"end":{"line":862,"column":23}},"type":"binary-expr","locations":[{"start":{"line":847,"column":23},"end":{"line":847,"column":32}},{"start":{"line":848,"column":24},"end":{"line":861,"column":43}}],"line":847},"113":{"loc":{"start":{"line":869,"column":17},"end":{"line":900,"column":17}},"type":"binary-expr","locations":[{"start":{"line":869,"column":17},"end":{"line":869,"column":37}},{"start":{"line":870,"column":18},"end":{"line":899,"column":26}}],"line":869}},"s":{"0":5,"1":43,"2":43,"3":43,"4":43,"5":43,"6":43,"7":43,"8":43,"9":43,"10":43,"11":43,"12":43,"13":43,"14":43,"15":43,"16":43,"17":43,"18":43,"19":43,"20":0,"21":43,"22":0,"23":0,"24":43,"25":0,"26":43,"27":0,"28":0,"29":43,"30":0,"31":0,"32":0,"33":0,"34":0,"35":43,"36":0,"37":0,"38":0,"39":0,"40":0,"41":0,"42":0,"43":0,"44":0,"45":0,"46":0,"47":0,"48":0,"49":0,"50":0,"51":0,"52":0,"53":0,"54":0,"55":0,"56":0,"57":0,"58":0,"59":0,"60":0,"61":0,"62":43,"63":0,"64":0,"65":0,"66":0,"67":0,"68":0,"69":0,"70":0,"71":0,"72":0,"73":0,"74":0,"75":0,"76":0,"77":0,"78":0,"79":0,"80":0,"81":0,"82":0,"83":0,"84":0,"85":0,"86":0,"87":0,"88":0,"89":43,"90":0,"91":0,"92":0,"93":0,"94":0,"95":0,"96":0,"97":0,"98":0,"99":0,"100":0,"101":0,"102":0,"103":0,"104":0,"105":0,"106":0,"107":0,"108":0,"109":0,"110":0,"111":0,"112":0,"113":0,"114":0,"115":0,"116":0,"117":43,"118":0,"119":0,"120":0,"121":0,"122":0,"123":0,"124":0,"125":0,"126":0,"127":0,"128":0,"129":0,"130":0,"131":0,"132":0,"133":0,"134":0,"135":0,"136":0,"137":0,"138":0,"139":0,"140":0,"141":0,"142":0,"143":0,"144":0,"145":0,"146":0,"147":43,"148":0,"149":0,"150":43,"151":0,"152":0,"153":43,"154":40,"155":38,"156":38,"157":2,"158":2,"159":43,"160":0,"161":0,"162":43,"163":0,"164":43,"165":0,"166":43,"167":2,"168":0,"169":0,"170":41,"171":0,"172":0,"173":0,"174":0,"175":0,"176":0,"177":0,"178":0,"179":0,"180":0,"181":0,"182":0,"183":0,"184":0,"185":0,"186":0,"187":0,"188":0,"189":0,"190":0,"191":0,"192":0,"193":0,"194":0,"195":0,"196":0,"197":0,"198":0,"199":0,"200":0,"201":0,"202":0,"203":0,"204":0,"205":0,"206":0,"207":0,"208":0,"209":0,"210":0,"211":0,"212":0,"213":0,"214":0,"215":0,"216":0,"217":0,"218":0,"219":0,"220":0,"221":0,"222":0,"223":0,"224":0,"225":0,"226":0,"227":0,"228":0,"229":0,"230":0,"231":0,"232":0,"233":41,"234":0,"235":0,"236":41,"237":0,"238":41,"239":0,"240":0,"241":0,"242":0,"243":41,"244":0,"245":0,"246":0,"247":41,"248":0,"249":41,"250":0,"251":0,"252":0,"253":0,"254":41,"255":0,"256":0,"257":0,"258":41,"259":0,"260":0,"261":0,"262":41,"263":0,"264":0,"265":0,"266":0,"267":0,"268":41,"269":0,"270":0,"271":0,"272":0,"273":0,"274":0,"275":0,"276":0,"277":0,"278":0,"279":0,"280":0,"281":0,"282":0,"283":0,"284":0,"285":0,"286":0,"287":0,"288":0,"289":0,"290":0,"291":0,"292":0,"293":0,"294":0,"295":0,"296":0,"297":0,"298":0,"299":0,"300":0,"301":0,"302":0,"303":0,"304":0,"305":0,"306":0,"307":0,"308":0,"309":0,"310":0,"311":0,"312":0,"313":0,"314":0,"315":0,"316":0,"317":0,"318":0,"319":41,"320":0,"321":0,"322":0,"323":0,"324":0,"325":0,"326":0,"327":0,"328":0,"329":0,"330":0,"331":0,"332":0,"333":0,"334":0,"335":0,"336":0,"337":0,"338":0,"339":0,"340":0,"341":0,"342":0,"343":0,"344":5},"f":{"0":43,"1":0,"2":0,"3":0,"4":0,"5":0,"6":0,"7":0,"8":0,"9":0,"10":0,"11":0,"12":0,"13":0,"14":0,"15":0,"16":0,"17":0,"18":0,"19":0,"20":0,"21":0,"22":40,"23":0,"24":0,"25":0,"26":0,"27":0,"28":0,"29":0,"30":0,"31":0,"32":0,"33":0,"34":0,"35":0,"36":0,"37":0,"38":0,"39":0,"40":0,"41":0,"42":0,"43":0,"44":0,"45":0,"46":0,"47":0,"48":0,"49":0,"50":0,"51":0,"52":0,"53":0,"54":0,"55":0,"56":0,"57":0,"58":0,"59":0,"60":0,"61":0,"62":0,"63":0,"64":0,"65":0,"66":0,"67":0,"68":0,"69":0},"b":{"0":[0],"1":[0,0],"2":[0,0],"3":[0,0,0,0,0,0,0],"4":[0,0],"5":[0,0],"6":[0,0],"7":[0,0,0],"8":[0,0],"9":[0,0,0],"10":[0,0],"11":[0,0,0],"12":[0,0],"13":[0,0,0],"14":[0,0],"15":[0,0],"16":[0,0],"17":[0,0],"18":[0,0],"19":[0,0],"20":[0,0],"21":[0,0],"22":[0,0],"23":[0,0],"24":[0,0],"25":[0,0],"26":[0,0,0],"27":[0,0],"28":[0,0,0],"29":[0,0],"30":[0,0],"31":[0,0],"32":[0,0],"33":[0,0],"34":[0,0],"35":[0,0,0],"36":[0,0],"37":[0,0],"38":[0,0],"39":[0,0,0],"40":[0,0],"41":[0,0,0],"42":[0,0],"43":[0,0],"44":[0,0],"45":[0,0],"46":[0,0],"47":[0,0],"48":[0,0],"49":[0,0],"50":[0,0,0],"51":[0,0],"52":[0,0],"53":[0,0],"54":[0,0],"55":[38,2],"56":[0,43],"57":[0,43],"58":[2,41],"59":[43,41],"60":[0,0],"61":[0,0],"62":[0,0],"63":[0,0],"64":[0,0],"65":[0,0],"66":[0,0],"67":[0,0],"68":[0,0],"69":[0,0],"70":[0,0],"71":[0,0],"72":[0,0],"73":[0,0],"74":[0,0],"75":[0,0],"76":[0,0],"77":[0,0],"78":[0,0],"79":[0,0],"80":[0,0],"81":[0,0],"82":[0,0],"83":[0,0],"84":[0,0,0],"85":[0,0,0],"86":[0,0],"87":[0,0,0,0],"88":[0,0],"89":[0,0,0],"90":[0,0],"91":[0,0],"92":[0,0],"93":[0,0],"94":[0,0],"95":[0,0,0],"96":[0,0],"97":[0,0],"98":[0,0],"99":[0,0],"100":[0,0],"101":[0,0],"102":[0,0,0],"103":[41,0],"104":[41,0],"105":[0,0],"106":[0,0],"107":[0,0],"108":[0,0],"109":[0,0],"110":[0,0],"111":[0,0],"112":[0,0],"113":[0,0]},"_coverageSchema":"1a1c01bbd47fc00a2c39e90264f33305004495a9","hash":"4d510a9200a3cac6f70dea43825a25525b5e74f0"}
,"C:\\Users\\wbuko\\Desktop\\Programowanie\\Programy\\BukowskiMobileApp\\BukowskiReactNativeBuild\\app\\(auth)\\sign-in.jsx": {"path":"C:\\Users\\wbuko\\Desktop\\Programowanie\\Programy\\BukowskiMobileApp\\BukowskiReactNativeBuild\\app\\(auth)\\sign-in.jsx","statementMap":{"0":{"start":{"line":12,"column":15},"end":{"line":105,"column":1}},"1":{"start":{"line":13,"column":26},"end":{"line":16,"column":4}},"2":{"start":{"line":17,"column":28},"end":{"line":17,"column":40}},"3":{"start":{"line":18,"column":21},"end":{"line":18,"column":36}},"4":{"start":{"line":19,"column":55},"end":{"line":19,"column":85}},"5":{"start":{"line":21,"column":2},"end":{"line":36,"column":9}},"6":{"start":{"line":22,"column":31},"end":{"line":33,"column":5}},"7":{"start":{"line":23,"column":6},"end":{"line":32,"column":7}},"8":{"start":{"line":24,"column":25},"end":{"line":24,"column":59}},"9":{"start":{"line":25,"column":8},"end":{"line":29,"column":9}},"10":{"start":{"line":26,"column":10},"end":{"line":26,"column":40}},"11":{"start":{"line":27,"column":10},"end":{"line":27,"column":34}},"12":{"start":{"line":31,"column":8},"end":{"line":31,"column":75}},"13":{"start":{"line":35,"column":4},"end":{"line":35,"column":25}},"14":{"start":{"line":38,"column":17},"end":{"line":48,"column":3}},"15":{"start":{"line":39,"column":4},"end":{"line":47,"column":5}},"16":{"start":{"line":40,"column":6},"end":{"line":40,"column":19}},"17":{"start":{"line":41,"column":23},"end":{"line":41,"column":82}},"18":{"start":{"line":42,"column":6},"end":{"line":42,"column":24}},"19":{"start":{"line":44,"column":6},"end":{"line":44,"column":29}},"20":{"start":{"line":46,"column":6},"end":{"line":46,"column":85}},"21":{"start":{"line":50,"column":2},"end":{"line":104,"column":4}},"22":{"start":{"line":65,"column":14},"end":{"line":65,"column":52}},"23":{"start":{"line":66,"column":14},"end":{"line":66,"column":38}},"24":{"start":{"line":66,"column":25},"end":{"line":66,"column":38}},"25":{"start":{"line":76,"column":14},"end":{"line":76,"column":55}},"26":{"start":{"line":77,"column":14},"end":{"line":77,"column":38}},"27":{"start":{"line":77,"column":25},"end":{"line":77,"column":38}},"28":{"start":{"line":107,"column":15},"end":{"line":142,"column":2}}},"fnMap":{"0":{"name":"(anonymous_0)","decl":{"start":{"line":12,"column":15},"end":{"line":12,"column":16}},"loc":{"start":{"line":12,"column":21},"end":{"line":105,"column":1}},"line":12},"1":{"name":"(anonymous_1)","decl":{"start":{"line":21,"column":12},"end":{"line":21,"column":13}},"loc":{"start":{"line":21,"column":18},"end":{"line":36,"column":3}},"line":21},"2":{"name":"(anonymous_2)","decl":{"start":{"line":22,"column":31},"end":{"line":22,"column":32}},"loc":{"start":{"line":22,"column":43},"end":{"line":33,"column":5}},"line":22},"3":{"name":"(anonymous_3)","decl":{"start":{"line":38,"column":17},"end":{"line":38,"column":18}},"loc":{"start":{"line":38,"column":29},"end":{"line":48,"column":3}},"line":38},"4":{"name":"(anonymous_4)","decl":{"start":{"line":64,"column":30},"end":{"line":64,"column":31}},"loc":{"start":{"line":64,"column":37},"end":{"line":67,"column":13}},"line":64},"5":{"name":"(anonymous_5)","decl":{"start":{"line":75,"column":30},"end":{"line":75,"column":31}},"loc":{"start":{"line":75,"column":37},"end":{"line":78,"column":13}},"line":75}},"branchMap":{"0":{"loc":{"start":{"line":25,"column":8},"end":{"line":29,"column":9}},"type":"if","locations":[{"start":{"line":25,"column":8},"end":{"line":29,"column":9}},{"start":{"line":28,"column":15},"end":{"line":29,"column":9}}],"line":25},"1":{"loc":{"start":{"line":66,"column":14},"end":{"line":66,"column":38}},"type":"if","locations":[{"start":{"line":66,"column":14},"end":{"line":66,"column":38}},{"start":{},"end":{}}],"line":66},"2":{"loc":{"start":{"line":77,"column":14},"end":{"line":77,"column":38}},"type":"if","locations":[{"start":{"line":77,"column":14},"end":{"line":77,"column":38}},{"start":{},"end":{}}],"line":77},"3":{"loc":{"start":{"line":90,"column":11},"end":{"line":94,"column":18}},"type":"cond-expr","locations":[{"start":{"line":91,"column":12},"end":{"line":93,"column":19}},{"start":{"line":94,"column":14},"end":{"line":94,"column":18}}],"line":90}},"s":{"0":2,"1":47,"2":47,"3":47,"4":47,"5":47,"6":10,"7":10,"8":10,"9":10,"10":1,"11":1,"12":0,"13":10,"14":47,"15":10,"16":10,"17":10,"18":4,"19":4,"20":6,"21":47,"22":10,"23":10,"24":1,"25":8,"26":8,"27":2,"28":2},"f":{"0":47,"1":10,"2":10,"3":10,"4":10,"5":8},"b":{"0":[1,9],"1":[1,9],"2":[2,6],"3":[6,41]},"_coverageSchema":"1a1c01bbd47fc00a2c39e90264f33305004495a9","hash":"6bd53c1681fb9cf28320ce01f3401a79a834e924"}
,"C:\\Users\\wbuko\\Desktop\\Programowanie\\Programy\\BukowskiMobileApp\\BukowskiReactNativeBuild\\app\\(tabs)\\create.jsx": {"path":"C:\\Users\\wbuko\\Desktop\\Programowanie\\Programy\\BukowskiMobileApp\\BukowskiReactNativeBuild\\app\\(tabs)\\create.jsx","statementMap":{"0":{"start":{"line":27,"column":6},"end":{"line":27,"column":42}},"1":{"start":{"line":29,"column":20},"end":{"line":29,"column":34}},"2":{"start":{"line":30,"column":36},"end":{"line":30,"column":51}},"3":{"start":{"line":31,"column":46},"end":{"line":31,"column":61}},"4":{"start":{"line":32,"column":42},"end":{"line":32,"column":54}},"5":{"start":{"line":35,"column":19},"end":{"line":35,"column":56}},"6":{"start":{"line":36,"column":19},"end":{"line":36,"column":56}},"7":{"start":{"line":37,"column":19},"end":{"line":37,"column":56}},"8":{"start":{"line":38,"column":22},"end":{"line":38,"column":59}},"9":{"start":{"line":41,"column":2},"end":{"line":89,"column":18}},"10":{"start":{"line":42,"column":4},"end":{"line":88,"column":5}},"11":{"start":{"line":43,"column":26},"end":{"line":67,"column":7}},"12":{"start":{"line":44,"column":35},"end":{"line":60,"column":9}},"13":{"start":{"line":45,"column":10},"end":{"line":59,"column":12}},"14":{"start":{"line":62,"column":8},"end":{"line":66,"column":19}},"15":{"start":{"line":70,"column":29},"end":{"line":78,"column":7}},"16":{"start":{"line":71,"column":8},"end":{"line":77,"column":18}},"17":{"start":{"line":80,"column":6},"end":{"line":80,"column":20}},"18":{"start":{"line":81,"column":6},"end":{"line":81,"column":23}},"19":{"start":{"line":84,"column":6},"end":{"line":84,"column":27}},"20":{"start":{"line":85,"column":6},"end":{"line":85,"column":27}},"21":{"start":{"line":86,"column":6},"end":{"line":86,"column":27}},"22":{"start":{"line":87,"column":6},"end":{"line":87,"column":30}},"23":{"start":{"line":91,"column":31},"end":{"line":146,"column":3}},"24":{"start":{"line":93,"column":4},"end":{"line":93,"column":23}},"25":{"start":{"line":94,"column":4},"end":{"line":94,"column":24}},"26":{"start":{"line":95,"column":4},"end":{"line":95,"column":29}},"27":{"start":{"line":98,"column":4},"end":{"line":98,"column":58}},"28":{"start":{"line":98,"column":33},"end":{"line":98,"column":56}},"29":{"start":{"line":101,"column":27},"end":{"line":105,"column":6}},"30":{"start":{"line":102,"column":6},"end":{"line":104,"column":16}},"31":{"start":{"line":103,"column":8},"end":{"line":103,"column":77}},"32":{"start":{"line":107,"column":4},"end":{"line":145,"column":5}},"33":{"start":{"line":109,"column":26},"end":{"line":118,"column":8}},"34":{"start":{"line":120,"column":21},"end":{"line":123,"column":8}},"35":{"start":{"line":126,"column":122},"end":{"line":126,"column":128}},"36":{"start":{"line":128,"column":25},"end":{"line":128,"column":70}},"37":{"start":{"line":129,"column":25},"end":{"line":129,"column":70}},"38":{"start":{"line":132,"column":29},"end":{"line":132,"column":55}},"39":{"start":{"line":136,"column":6},"end":{"line":140,"column":7}},"40":{"start":{"line":137,"column":8},"end":{"line":137,"column":132}},"41":{"start":{"line":139,"column":8},"end":{"line":139,"column":114}},"42":{"start":{"line":142,"column":6},"end":{"line":142,"column":30}},"43":{"start":{"line":144,"
[...]
,"C:\\Users\\wbuko\\Desktop\\Programowanie\\Programy\\BukowskiMobileApp\\BukowskiReactNativeBuild\\services\\tokenService.js": {"path":"C:\\Users\\wbuko\\Desktop\\Programowanie\\Programy\\BukowskiMobileApp\\BukowskiReactNativeBuild\\services\\tokenService.js","statementMap":{"0":{"start":{"line":7,"column":8},"end":{"line":7,"column":35}},"1":{"start":{"line":8,"column":8},"end":{"line":8,"column":39}},"2":{"start":{"line":13,"column":8},"end":{"line":20,"column":9}},"3":{"start":{"line":14,"column":32},"end":{"line":14,"column":81}},"4":{"start":{"line":15,"column":33},"end":{"line":15,"column":83}},"5":{"start":{"line":16,"column":12},"end":{"line":16,"column":49}},"6":{"start":{"line":18,"column":12},"end":{"line":18,"column":76}},"7":{"start":{"line":19,"column":12},"end":{"line":19,"column":61}},"8":{"start":{"line":25,"column":8},"end":{"line":40,"column":9}},"9":{"start":{"line":26,"column":12},"end":{"line":34,"column":13}},"10":{"start":{"line":27,"column":16},"end":{"line":27,"column":79}},"11":{"start":{"line":30,"column":32},"end":{"line":30,"column":58}},"12":{"start":{"line":31,"column":16},"end":{"line":33,"column":17}},"13":{"start":{"line":32,"column":20},"end":{"line":32,"column":103}},"14":{"start":{"line":35,"column":12},"end":{"line":37,"column":13}},"15":{"start":{"line":36,"column":16},"end":{"line":36,"column":81}},"16":{"start":{"line":39,"column":12},"end":{"line":39,"column":74}},"17":{"start":{"line":45,"column":8},"end":{"line":54,"column":9}},"18":{"start":{"line":46,"column":12},"end":{"line":51,"column":15}},"19":{"start":{"line":53,"column":12},"end":{"line":53,"column":77}},"20":{"start":{"line":59,"column":8},"end":{"line":59,"column":32}},"21":{"start":{"line":59,"column":20},"end":{"line":59,"column":32}},"22":{"start":{"line":61,"column":8},"end":{"line":94,"column":9}},"23":{"start":{"line":63,"column":26},"end":{"line":63,"column":42}},"24":{"start":{"line":64,"column":12},"end":{"line":64,"column":48}},"25":{"start":{"line":64,"column":36},"end":{"line":64,"column":48}},"26":{"start":{"line":67,"column":28},"end":{"line":67,"column":36}},"27":{"start":{"line":70,"column":33},"end":{"line":70,"column":78}},"28":{"start":{"line":71,"column":12},"end":{"line":73,"column":13}},"29":{"start":{"line":72,"column":16},"end":{"line":72,"column":38}},"30":{"start":{"line":77,"column":12},"end":{"line":88,"column":13}},"31":{"start":{"line":79,"column":16},"end":{"line":79,"column":47}},"32":{"start":{"line":82,"column":16},"end":{"line":87,"column":17}},"33":{"start":{"line":83,"column":20},"end":{"line":83,"column":85}},"34":{"start":{"line":86,"column":20},"end":{"line":86,"column":64}},"35":{"start":{"line":90,"column":12},"end":{"line":90,"column":39}},"36":{"start":{"line":92,"column":12},"end":{"line":92,"column":55}},"37":{"start":{"line":93,"column":12},"end":{"line":93,"column":24}},"38":{"start":{"line":99,"column":22},"end":{"line":99,"column":88}},"39":{"start":{"line":100,"column":21},"end":{"line":100,"column":23}},"40":{"start":{"line":101,"column":16},"end":{"line":101,"column":17}},"41":{"start":{"line":103,"column":8},"end":{"line":103,"column":49}},"42":{"start":{"line":105,"column":8},"end":{"line":116,"column":9}},"43":{"start":{"line":106,"column":29},"end":{"line":106,"column":59}},"44":{"start":{"line":107,"column":29},"end":{"line":107,"column":59}},"45":{"start":{"line":108,"column":29},"end":{"line":108,"column":59}},"46":{"start":{"line":109,"column":29},"end":{"line":109,"column":59}},"47":{"start":{"line":111,"column":27},"end":{"line":111,"column":91}},"48":{"start":{"line":113,"column":12},"end":{"line":113,"column":64}},"49":{"start":{"line":114,"column":12},"end":{"line":114,"column":84}},"50":{"start":{"line":114,"column":33},"end":{"line":114,"column":84}},"51":{"start":{"line":115,"column":12},"end":{"line":115,"column":77}},"52":{"start":{"line":115,"column":33},"end":{"line":115,"column":77}},"53":{"start":{"line":118,"column":8},"end":{"line":118,"column":22}},"54":{"start":{"line":123,"column":24},"end":{"line":123,"column":44}},"55":{"start":{"line":124,"column":8},"end":{"line":124,"column":50}},"56":{"start":{"line":124,"column":38},"end":{"line":124,"column":50}},"57":{"start":{"line":126,"column":27},"end":{"line":126,"column":45}},"58":{"start":{"line":127,"column":27},"end":{"line":127,"column":52}},"59":{"start":{"line":128,"column":20},"end":{"line":128,"column":30}},"60":{"start":{"line":130,"column":8},"end":{"line":130,"column":48}},"61":{"start":{"line":136,"column":8},"end":{"line":138,"column":9}},"62":{"start":{"line":137,"column":12},"end":{"line":137,"column":39}},"63":{"start":{"line":140,"column":8},"end":{"line":140,"column":38}},"64":{"start":{"line":142,"column":33},"end":{"line":142,"column":55}},"65":{"start":{"line":144,"column":8},"end":{"line":148,"column":9}},"66":{"start":{"line":145,"column":12},"end":{"line":145,"column":37}},"67":{"start":{"line":146,"column":12},"end":{"line":146,"column":43}},"68":{"start":{"line":147,"column":12},"end":{"line":147,"column":58}},"69":{"start":{"line":150,"column":8},"end":{"line":150,"column":64}},"70":{"start":{"line":152,"column":8},"end":{"line":160,"column":9}},"71":{"start":{"line":153,"column":27},"end":{"line":153,"column":52}},"72":{"start":{"line":154,"column":12},"end":{"line":154,"column":43}},"73":{"start":{"line":155,"column":12},"end":{"line":155,"column":26}},"74":{"start":{"line":157,"column":12},"end":{"line":157,"column":43}},"75":{"start":{"line":158,"column":12},"end":{"line":158,"column":37}},"76":{"start":{"line":159,"column":12},"end":{"line":159,"column":24}},"77":{"start":{"line":165,"column":8},"end":{"line":188,"column":9}},"78":{"start":{"line":166,"column":29},"end":{"line":172,"column":14}},"79":{"start":{"line":174,"column":12},"end":{"line":177,"column":13}},"80":{"start":{"line":175,"column":34},"end":{"line":175,"column":73}},"81":{"start":{"line":175,"column":69},"end":{"line":175,"column":71}},"82":{"start":{"line":176,"column":16},"end":{"line":176,"column":77}},"83":{"start":{"line":179,"column":25},"end":{"line":179,"column":46}},"84":{"start":{"line":182,"column":12},"end":{"line":182,"column":65}},"85":{"start":{"line":184,"column":12},"end":{"line":184,"column":36}},"86":{"start":{"line":186,"column":12},"end":{"line":186,"column":57}},"87":{"start":{"line":187,"column":12},"end":{"line":187,"column":24}},"88":{"start":{"line":193,"column":32},"end":{"line":193,"column":54}},"89":{"start":{"line":195,"column":8},"end":{"line":197,"column":9}},"90":{"start":{"line":196,"column":12},"end":{"line":196,"column":57}},"91":{"start":{"line":200,"column":27},"end":{"line":200,"column":60}},"92":{"start":{"line":202,"column":8},"end":{"line":211,"column":9}},"93":{"start":{"line":203,"column":12},"end":{"line":210,"column":13}},"94":{"start":{"line":204,"column":33},"end":{"line":204,"column":64}},"95":{"start":{"line":205,"column":16},"end":{"line":205,"column":32}},"96":{"start":{"line":208,"column":16},"end":{"line":208,"column":41}},"97":{"start":{"line":209,"column":16},"end":{"line":209,"column":28}},"98":{"start":{"line":213,"column":8},"end":{"line":213,"column":27}},"99":{"start":{"line":218,"column":8},"end":{"line":233,"column":9}},"100":{"start":{"line":219,"column":26},"end":{"line":219,"column":58}},"101":{"start":{"line":220,"column":12},"end":{"line":223,"column":14}},"102":{"start":{"line":226,"column":12},"end":{"line":228,"column":13}},"103":{"start":{"line":227,"column":16},"end":{"line":227,"column":64}},"104":{"start":{"line":230,"column":12},"end":{"line":232,"column":14}},"105":{"start":{"line":238,"column":8},"end":{"line":285,"column":9}},"106":{"start":{"line":240,"column":32},"end":{"line":240,"column":59}},"107":{"start":{"line":243,"column":28},"end":{"line":246,"column":13}},"108":{"start":{"line":249,"column":29},"end":{"line":252,"column":14}},"109":{"start":{"line":255,"column":12},"end":{"line":276,"column":13}},"110":{"start":{"line":256,"column":16},"end":{"line":275,"column":17}},"111":{"start":{"line":257,"column":37},"end":{"line":257,"column":68}},"112":{"start":{"line":258,"column":20},"end":{"line":270,"column":21}},"113":{"start":{"line":260,"column":43},"end":{"line":263,"column":25}},"114":{"start":{"line":265,"column":24},"end":{"line":269,"column":27}},"115":{"start":{"line":273,"column":20},"end":{"line":273,"column":45}},"116":{"start":{"line":274,"column":20},"end":{"line":274,"column":39}},"117":{"start":{"line":278,"column":12},"end":{"line":278,"column":28}},"118":{"start":{"line":281,"column":12},"end":{"line":283,"column":13}},"119":{"start":{"line":282,"column":16},"end":{"line":282,"column":68}},"120":{"start":{"line":284,"column":12},"end":{"line":284,"column":24}},"121":{"start":{"line":290,"column":8},"end":{"line":295,"column":9}},"122":{"start":{"line":291,"column":36},"end":{"line":291,"column":58}},"123":{"start":{"line":292,"column":12},"end":{"line":292,"column":74}},"124":{"start":{"line":294,"column":12},"end":{"line":294,"column":25}},"125":{"start":{"line":300,"column":33},"end":{"line":300,"column":55}},"126":{"start":{"line":303,"column":8},"end":{"line":316,"column":9}},"127":{"start":{"line":304,"column":12},"end":{"line":315,"column":13}},"128":{"start":{"line":305,"column":16},"end":{"line":311,"column":19}},"129":{"start":{"line":314,"column":16},"end":{"line":314,"column":62}},"130":{"start":{"line":318,"column":8},"end":{"line":318,"column":33}},"131":{"start":{"line":323,"column":21},"end":{"line":323,"column":39}}},"fnMap":{"0":{"name":"(anonymous_0)","decl":{"start":{"line":6,"column":4},"end":{"line":6,"column":5}},"loc":{"start":{"line":6,"column":18},"end":{"line":9,"column":5}},"line":6},"1":{"name":"(anonymous_1)","decl":{"start":{"line":12,"column":4},"end":{"line":12,"column":5}},"loc":{"start":{"line":12,"column":22},"end":{"line":21,"column":5}},"line":12},"2":{"name":"(anonymous_2)","decl":{"start":{"line":24,"column":4},"end":{"line":24,"column":5}},"loc":{"start":{"line":24,"column":47},"end":{"line":41,"column":5}},"line":24},"3":{"name":"(anonymous_3)","decl":{"start":{"line":44,"column":4},"end":{"line":44,"column":5}},"loc":{"start":{"line":44,"column":24},"end":{"line":55,"column":5}},"line":44},"4":{"name":"(anonymous_4)","decl":{"start":{"line":58,"column":4},"end":{"line":58,"column":5}},"loc":{"start":{"line":58,"column":20},"end":{"line":95,"column":5}},"line":58},"5":{"name":"(anonymous_5)","decl":{"start":{"line":98,"column":4},"end":{"line":98,"column":5}},"loc":{"start":{"line":98,"column":22},"end":{"line":119,"column":5}},"line":98},"6":{"name":"(anonymous_6)","decl":{"start":{"line":122,"column":4},"end":{"line":122,"column":5}},"loc":{"start":{"line":122,"column":46},"end":{"line":131,"column":5}},"line":122},"7":{"name":"(anonymous_7)","decl":{"start":{"line":134,"column":4},"end":{"line":134,"column":5}},"loc":{"start":{"line":134,"column":31},"end":{"line":161,"column":5}},"line":134},"8":{"name":"(anonymous_8)","decl":{"start":{"line":164,"column":4},"end":{"line":164,"column":5}},"loc":{"start":{"line":164,"column":39},"end":{"line":189,"column":5}},"line":164},"9":{"name":"(anonymous_9)","decl":{"start":{"line":175,"column":62},"end":{"line":175,"column":63}},"loc":{"start":{"line":175,"column":69},"end":{"line":175,"column":71}},"line":175},"10":{"name":"(anonymous_10)","decl":{"start":{"line":192,"column":4},"end":{"line":192,"column":5}},"loc":{"start":{"line":192,"column":32},"end":{"line":214,"column":5}},"line":192},"11":{"name":"(anonymous_11)","decl":{"start":{"line":217,"column":4},"end":{"line":217,"column":5}},"loc":{"start":{"line":217,"column":27},"end":{"line":234,"column":5}},"line":217},"12":{"name":"(anonymous_12)","decl":{"start":{"line":237,"column":4},"end":{"line":237,"column":5}},"loc":{"start":{"line":237,"column":48},"end":{"line":286,"column":5}},"line":237},"13":{"name":"(anonymous_13)","decl":{"start":{"line":289,"column":4},"end":{"line":289,"column":5}},"loc":{"start":{"line":289,"column":28},"end":{"line":296,"column":5}},"line":289},"14":{"name":"(anonymous_14)","decl":{"start":{"line":299,"column":4},"end":{"line":299,"column":5}},"loc":{"start":{"line":299,"column":19},"end":{"line":319,"column":5}},"line":299}},"branchMap":{"0":{"loc":{"start":{"line":26,"column":12},"end":{"line":34,"column":13}},"type":"if","locations":[{"start":{"line":26,"column":12},"end":{"line":34,"column":13}},{"start":{},"end":{}}],"line":26},"1":{"loc":{"start":{"line":31,"column":16},"end":{"line":33,"column":17}},"type":"if","locations":[{"start":{"line":31,"column":16},"end":{"line":33,"column":17}},{"start":{},"end":{}}],"line":31},"2":{"loc":{"start":{"line":31,"column":20},"end":{"line":31,"column":42}},"type":"binary-expr","locations":[{"start":{"line":31,"column":20},"end":{"line":31,"column":27}},{"start":{"line":31,"column":31},"end":{"line":31,"column":42}}],"line":31},"3":{"loc":{"start":{"line":35,"column":12},"end":{"line":37,"column":13}},"type":"if","locations":[{"start":{"line":35,"column":12},"end":{"line":37,"column":13}},{"start":{},"end":{}}],"line":35},"4":{"loc":{"start":{"line":59,"column":8},"end":{"line":59,"column":32}},"type":"if","locations":[{"start":{"line":59,"column":8},"end":{"line":59,"column":32}},{"start":{},"end":{}}],"line":59},"5":{"loc":{"start":{"line":64,"column":12},"end":{"line":64,"column":48}},"type":"if","locations":[{"start":{"line":64,"column":12},"end":{"line":64,"column":48}},{"start":{},"end":{}}],"line":64},"6":{"loc":{"start":{"line":77,"column":12},"end":{"line":88,"column":13}},"type":"if","locations":[{"start":{"line":77,"column":12},"end":{"line":88,"column":13}},{"start":{"line":80,"column":19},"end":{"line":88,"column":13}}],"line":77},"7":{"loc":{"start":{"line":82,"column":16},"end":{"line":87,"column":17}},"type":"if","locations":[{"start":{"line":82,"column":16},"end":{"line":87,"column":17}},{"start":{"line":84,"column":23},"end":{"line":87,"column":17}}],"line":82},"8":{"loc":{"start":{"line":114,"column":12},"end":{"line":114,"column":84}},"type":"if","locations":[{"start":{"line":114,"column":12},"end":{"line":114,"column":84}},{"start":{},"end":{}}],"line":114},"9":{"loc":{"start":{"line":115,"column":12},"end":{"line":115,"column":77}},"type":"if","locations":[{"start":{"line":115,"column":12},"end":{"line":115,"column":77}},{"start":{},"end":{}}],"line":115},"10":{"loc":{"start":{"line":122,"column":27},"end":{"line":122,"column":44}},"type":"default-arg","locations":[{"start":{"line":122,"column":43},"end":{"line":122,"column":44}}],"line":122},"11":{"loc":{"start":{"line":124,"column":8},"end":{"line":124,"column":50}},"type":"if","locations":[{"start":{"line":124,"column":8},"end":{"line":124,"column":50}},{"start":{},"end":{}}],"line":124},"12":{"loc":{"start":{"line":124,"column":12},"end":{"line":124,"column":36}},"type":"binary-expr","locations":[{"start":{"line":124,"column":12},"end":{"line":124,"column":20}},{"start":{"line":124,"column":24},"end":{"line":124,"column":36}}],"line":124},"13":{"loc":{"start":{"line":136,"column":8},"end":{"line":138,"column":9}},"type":"if","locations":[{"start":{"line":136,"column":8},"end":{"line":138,"column":9}},{"start":{},"end":{}}],"line":136},"14":{"loc":{"start":{"line":144,"column":8},"end":{"line":148,"column":9}},"type":"if","locations":[{"start":{"line":144,"column":8},"end":{"line":148,"column":9}},{"start":{},"end":{}}],"line":144},"15":{"loc":{"start":{"line":174,"column":12},"end":{"line":177,"column":13}},"type":"if","locations":[{"start":{"line":174,"column":12},"end":{"line":177,"column":13}},{"start":{},"end":{}}],"line":174},"16":{"loc":{"start":{"line":176,"column":32},"end":{"line":176,"column":75}},"type":"binary-expr","locations":[{"start":{"line":176,"column":32},"end":{"line":176,"column":49}},{"start":{"line":176,"column":53},"end":{"line":176,"column":75}}],"line":176},"17":{"loc":{"start":{"line":195,"column":8},"end":{"line":197,"column":9}},"type":"if","locations":[{"start":{"line":195,"column":8},"end":{"line":197,"column":9}},{"start":{},"end":{}}],"line":195},"18":{"loc":{"start":{"line":202,"column":8},"end":{"line":211,"column":9}},"type":"if","locations":[{"start":{"line":202,"column":8},"end":{"line":211,"column":9}},{"start":{},"end":{}}],"line":202},"19":{"loc":{"start":{"line":226,"column":12},"end":{"line":228,"column":13}},"type":"if","locations":[{"start":{"line":226,"column":12},"end":{"line":228,"column":13}},{"start":{},"end":{}}],"line":226},"20":{"loc":{"start":{"line":237,"column":34},"end":{"line":237,"column":46}},"type":"default-arg","locations":[{"start":{"line":237,"column":44},"end":{"line":237,"column":46}}],"line":237},"21":{"loc":{"start":{"line":255,"column":12},"end":{"line":276,"column":13}},"type":"if","locations":[{"start":{"line":255,"column":12},"end":{"line":276,"column":13}},{"start":{},"end":{}}],"line":255},"22":{"loc":{"start":{"line":255,"column":16},"end":{"line":255,"column":58}},"type":"binary-expr","locations":[{"start":{"line":255,"column":16},"end":{"line":255,"column":39}},{"start":{"line":255,"column":43},"end":{"line":255,"column":58}}],"line":255},"23":{"loc":{"start":{"line":258,"column":20},"end":{"line":270,"column":21}},"type":"if","locations":[{"start":{"line":258,"column":20},"end":{"line":270,"column":21}},{"start":{},"end":{}}],"line":258},"24":{"loc":{"start":{"line":281,"column":12},"end":{"line":283,"column":13}},"type":"if","locations":[{"start":{"line":281,"column":12},"end":{"line":283,"column":13}},{"start":{},"end":{}}],"line":281},"25":{"loc":{"start":{"line":292,"column":19},"end":{"line":292,"column":73}},"type":"binary-expr","locations":[{"start":{"line":292,"column":19},"end":{"line":292,"column":32}},{"start":{"line":292,"column":36},"end":{"line":292,"column":73}}],"line":292},"26":{"loc":{"start":{"line":303,"column":8},"end":{"line":316,"column":9}},"type":"if","locations":[{"start":{"line":303,"column":8},"end":{"line":316,"column":9}},{"start":{},"end":{}}],"line":303}},"s":{"0":13,"1":13,"2":348,"3":348,"4":348,"5":348,"6":0,"7":0,"8":0,"9":0,"10":0,"11":0,"12":0,"13":0,"14":0,"15":0,"16":0,"17":0,"18":0,"19":0,"20":0,"21":0,"22":0,"23":0,"24":0,"25":0,"26":0,"27":0,"28":0,"29":0,"30":0,"31":0,"32":0,"33":0,"34":0,"35":0,"36":0,"37":0,"38":0,"39":0,"40":0,"41":0,"42":0,"43":0,"44":0,"45":0,"46":0,"47":0,"48":0,"49":0,"50":0,"51":0,"52":0,"53":0,"54":0,"55":0,"56":0,"57":0,"58":0,"59":0,"60":0,"61":0,"62":0,"63":0,"64":0,"65":0,"66":0,"67":0,"68":0,"69":0,"70":0,"71":0,"72":0,"73":0,"74":0,"75":0,"76":0,"77":0,"78":0,"79":0,"80":0,"81":0,"82":0,"83":0,"84":0,"85":0,"86":0,"87":0,"88":348,"89":348,"90":348,"91":0,"92":0,"93":0,"94":0,"95":0,"96":0,"97":0,"98":0,"99":348,"100":348,"101":0,"102":348,"103":0,"104":348,"105":348,"106":348,"107":348,"108":348,"109":346,"110":0,"111":0,"112":0,"113":0,"114":0,"115":0,"116":0,"117":346,"118":2,"119":0,"120":2,"121":0,"122":0,"123":0,"124":0,"125":0,"126":0,"127":0,"128":0,"129":0,"130":0,"131":13},"f":{"0":13,"1":348,"2":0,"3":0,"4":0,"5":0,"6":0,"7":0,"8":0,"9":0,"10":348,"11":348,"12":348,"13":0,"14":0},"b":{"0":[0,0],"1":[0,0],"2":[0,0],"3":[0,0],"4":[0,0],"5":[0,0],"6":[0,0],"7":[0,0],"8":[0,0],"9":[0,0],"10":[0],"11":[0,0],"12":[0,0],"13":[0,0],"14":[0,0],"15":[0,0],"16":[0,0],"17":[348,0],"18":[0,0],"19":[0,348],"20":[318],"21":[0,346],"22":[346,0],"23":[0,0],"24":[0,2],"25":[0,0],"26":[0,0]},"_coverageSchema":"1a1c01bbd47fc00a2c39e90264f33305004495a9","hash":"2b430f52f42fbcdef2ad9b93104fd77aace8657a"}
}
