TN:
SF:debug_tokens.js
FN:2,(anonymous_0)
FNF:1
FNH:1
FNDA:23,(anonymous_0)
DA:2,1
DA:4,23
LF:2
LH:2
BRF:0
BRH:0
end_of_record
TN:
SF:app\QRScanner.jsx
FN:7,(anonymous_0)
FN:27,(anonymous_1)
FN:31,(anonymous_2)
FN:36,(anonymous_3)
FN:40,(anonymous_4)
FN:45,(anonymous_5)
FN:52,(anonymous_6)
FN:66,(anonymous_7)
FN:95,(anonymous_8)
FN:99,(anonymous_9)
FN:103,(anonymous_10)
FN:117,(anonymous_11)
FN:157,(anonymous_12)
FN:161,(anonymous_13)
FN:175,(anonymous_14)
FN:216,(anonymous_15)
FN:220,(anonymous_16)
FN:234,(anonymous_17)
FN:262,(anonymous_18)
FN:276,(anonymous_19)
FN:297,(anonymous_20)
FN:302,(anonymous_21)
FN:307,(anonymous_22)
FN:317,(anonymous_23)
FN:355,(anonymous_24)
FN:366,(anonymous_25)
FN:382,(anonymous_26)
FN:403,(anonymous_27)
FN:424,(anonymous_28)
FN:445,(anonymous_29)
FN:456,(anonymous_30)
FN:465,(anonymous_31)
FN:489,(anonymous_32)
FN:490,(anonymous_33)
FN:493,(anonymous_34)
FN:497,(anonymous_35)
FN:499,(anonymous_36)
FN:504,(anonymous_37)
FN:510,(anonymous_38)
FN:514,(anonymous_39)
FN:516,(anonymous_40)
FN:521,(anonymous_41)
FN:527,(anonymous_42)
FN:533,(anonymous_43)
FN:542,(anonymous_44)
FN:543,(anonymous_45)
FN:596,(anonymous_46)
FN:597,(anonymous_47)
FN:600,(anonymous_48)
FN:601,(anonymous_49)
FN:675,(anonymous_50)
FN:692,(anonymous_51)
FN:751,(anonymous_52)
FN:759,(anonymous_53)
FN:760,(anonymous_54)
FN:763,(anonymous_55)
FN:781,(anonymous_56)
FN:803,(anonymous_57)
FN:825,(anonymous_58)
FN:843,(anonymous_59)
FN:858,(anonymous_60)
FN:874,(anonymous_61)
FN:881,(anonymous_62)
FN:882,(anonymous_63)
FN:885,(anonymous_64)
FN:893,(anonymous_65)
FN:916,(anonymous_66)
FN:938,(anonymous_67)
FN:956,(anonymous_68)
FN:966,(anonymous_69)
FNF:70
FNH:2
FNDA:43,(anonymous_0)
FNDA:0,(anonymous_1)
FNDA:0,(anonymous_2)
FNDA:0,(anonymous_3)
FNDA:0,(anonymous_4)
FNDA:0,(anonymous_5)
FNDA:0,(anonymous_6)
FNDA:0,(anonymous_7)
FNDA:0,(anonymous_8)
FNDA:0,(anonymous_9)
FNDA:0,(anonymous_10)
FNDA:0,(anonymous_11)
FNDA:0,(anonymous_12)
FNDA:0,(anonymous_13)
FNDA:0,(anonymous_14)
FNDA:0,(anonymous_15)
FNDA:0,(anonymous_16)
FNDA:0,(anonymous_17)
FNDA:0,(anonymous_18)
FNDA:0,(anonymous_19)
FNDA:0,(anonymous_20)
FNDA:0,(anonymous_21)
FNDA:40,(anonymous_22)
FNDA:0,(anonymous_23)
FNDA:0,(anonymous_24)
FNDA:0,(anonymous_25)
FNDA:0,(anonymous_26)
FNDA:0,(anonymous_27)
FNDA:0,(anonymous_28)
FNDA:0,(anonymous_29)
FNDA:0,(anonymous_30)
FNDA:0,(anonymous_31)
FNDA:0,(anonymous_32)
FNDA:0,(anonymous_33)
FNDA:0,(anonymous_34)
FNDA:0,(anonymous_35)
FNDA:0,(anonymous_36)
FNDA:0,(anonymous_37)
FNDA:0,(anonymous_38)
FNDA:0,(anonymous_39)
FNDA:0,(anonymous_40)
FNDA:0,(anonymous_41)
FNDA:0,(anonymous_42)
FNDA:0,(anonymous_43)
FNDA:0,(anonymous_44)
FNDA:0,(anonymous_45)
FNDA:0,(anonymous_46)
FNDA:0,(anonymous_47)
FNDA:0,(anonymous_48)
FNDA:0,(anonymous_49)
FNDA:0,(anonymous_50)
FNDA:0,(anonymous_51)
FNDA:0,(anonymous_52)
FNDA:0,(anonymous_53)
FNDA:0,(anonymous_54)
FNDA:0,(anonymous_55)
FNDA:0,(anonymous_56)
FNDA:0,(anonymous_57)
FNDA:0,(anonymous_58)
FNDA:0,(anonymous_59)
FNDA:0,(anonymous_60)
FNDA:0,(anonymous_61)
FNDA:0,(anonymous_62)
FNDA:0,(anonymous_63)
FNDA:0,(anonymous_64)
FNDA:0,(anonymous_65)
FNDA:0,(anonymous_66)
FNDA:0,(anonymous_67)
FNDA:0,(anonymous_68)
FNDA:0,(anonymous_69)
DA:7,5
DA:8,43
DA:9,43
DA:10,43
DA:11,43
DA:12,43
DA:13,43
DA:14,43
DA:15,43
DA:16,43
DA:17,43
DA:18,43
DA:19,43
DA:20,43
DA:21,43
DA:22,43
DA:23,43
DA:24,43
DA:25,43
DA:27,43
DA:28,0
DA:31,43
DA:32,0
DA:33,0
DA:36,43
DA:37,0
DA:40,43
DA:41,0
DA:42,0
DA:45,43
DA:46,0
DA:47,0
DA:52,0
DA:53,0
DA:62,0
DA:66,43
DA:67,0
DA:70,0
DA:71,0
DA:73,0
DA:74,0
DA:77,0
DA:80,0
DA:81,0
DA:85,0
DA:86,0
DA:87,0
DA:90,0
DA:91,0
DA:95,0
DA:96,0
DA:99,0
DA:100,0
DA:103,0
DA:104,0
DA:107,0
DA:109,0
DA:111,0
DA:112,0
DA:117,43
DA:118,0
DA:125,0
DA:126,0
DA:129,0
DA:130,0
DA:131,0
DA:132,0
DA:135,0
DA:136,0
DA:140,0
DA:143,0
DA:144,0
DA:148,0
DA:149,0
DA:152,0
DA:153,0
DA:157,0
DA:158,0
DA:161,0
DA:162,0
DA:165,0
DA:167,0
DA:169,0
DA:170,0
DA:175,43
DA:176,0
DA:183,0
DA:184,0
DA:187,0
DA:188,0
DA:189,0
DA:190,0
DA:191,0
DA:194,0
DA:195,0
DA:199,0
DA:202,0
DA:203,0
DA:207,0
DA:208,0
DA:211,0
DA:212,0
DA:216,0
DA:217,0
DA:220,0
DA:221,0
DA:224,0
DA:226,0
DA:228,0
DA:229,0
DA:234,43
DA:235,0
DA:239,0
DA:240,0
DA:243,0
DA:244,0
DA:245,0
DA:246,0
DA:249,0
DA:250,0
DA:254,0
DA:257,0
DA:258,0
DA:262,0
DA:263,0
DA:266,0
DA:267,0
DA:268,0
DA:270,0
DA:274,0
DA:276,0
DA:277,0
DA:280,0
DA:283,0
DA:285,0
DA:287,0
DA:289,0
DA:292,0
DA:293,0
DA:297,43
DA:298,0
DA:299,0
DA:302,43
DA:303,0
DA:304,0
DA:307,43
DA:308,40
DA:309,38
DA:310,38
DA:312,2
DA:313,2
DA:317,43
DA:318,0
DA:319,0
DA:322,43
DA:324,43
DA:325,0
DA:343,43
DA:345,2
DA:356,0
DA:357,0
DA:366,41
DA:367,0
DA:368,0
DA:369,0
DA:372,0
DA:374,0
DA:376,0
DA:379,0
DA:380,0
DA:382,0
DA:383,0
DA:384,0
DA:386,0
DA:389,0
DA:393,0
DA:395,0
DA:397,0
DA:400,0
DA:401,0
DA:403,0
DA:404,0
DA:405,0
DA:407,0
DA:410,0
DA:414,0
DA:416,0
DA:418,0
DA:421,0
DA:422,0
DA:424,0
DA:425,0
DA:426,0
DA:428,0
DA:431,0
DA:435,0
DA:437,0
DA:439,0
DA:442,0
DA:443,0
DA:445,0
DA:446,0
DA:447,0
DA:449,0
DA:452,0
DA:456,0
DA:458,0
DA:459,0
DA:462,0
DA:463,0
DA:465,0
DA:466,0
DA:467,0
DA:469,0
DA:472,0
DA:475,0
DA:476,0
DA:483,0
DA:489,41
DA:490,0
DA:493,41
DA:494,0
DA:497,41
DA:498,0
DA:499,0
DA:500,0
DA:504,41
DA:505,0
DA:506,0
DA:507,0
DA:510,41
DA:511,0
DA:514,41
DA:515,0
DA:516,0
DA:517,0
DA:521,41
DA:522,0
DA:523,0
DA:524,0
DA:527,41
DA:528,0
DA:529,0
DA:530,0
DA:533,41
DA:534,0
DA:535,0
DA:536,0
DA:537,0
DA:539,0
DA:542,41
DA:543,0
DA:548,0
DA:549,0
DA:552,0
DA:555,0
DA:558,0
DA:560,0
DA:561,0
DA:562,0
DA:565,0
DA:566,0
DA:567,0
DA:569,0
DA:570,0
DA:572,0
DA:573,0
DA:576,0
DA:577,0
DA:578,0
DA:580,0
DA:581,0
DA:583,0
DA:586,0
DA:587,0
DA:588,0
DA:592,0
DA:595,0
DA:596,0
DA:597,0
DA:599,0
DA:600,0
DA:601,0
DA:603,0
DA:616,0
DA:617,0
DA:622,0
DA:623,0
DA:626,0
DA:627,0
DA:628,0
DA:631,0
DA:632,0
DA:633,0
DA:634,0
DA:635,0
DA:637,0
DA:638,0
DA:641,0
DA:642,0
DA:648,41
DA:676,0
DA:693,0
DA:694,0
DA:751,0
DA:759,0
DA:761,0
DA:763,0
DA:781,0
DA:804,0
DA:826,0
DA:827,0
DA:843,0
DA:858,0
DA:874,0
DA:881,0
DA:883,0
DA:885,0
DA:893,0
DA:917,0
DA:939,0
DA:940,0
DA:956,0
DA:967,0
DA:968,0
DA:989,5
LF:326
LH:54
BRDA:45,0,0,0
BRDA:46,1,0,0
BRDA:46,1,1,0
BRDA:46,2,0,0
BRDA:46,2,1,0
BRDA:53,3,0,0
BRDA:53,3,1,0
BRDA:53,3,2,0
BRDA:53,3,3,0
BRDA:53,3,4,0
BRDA:53,3,5,0
BRDA:53,3,6,0
BRDA:73,4,0,0
BRDA:73,4,1,0
BRDA:80,5,0,0
BRDA:80,5,1,0
BRDA:85,6,0,0
BRDA:85,6,1,0
BRDA:85,7,0,0
BRDA:85,7,1,0
BRDA:85,7,2,0
BRDA:86,8,0,0
BRDA:86,8,1,0
BRDA:86,9,0,0
BRDA:86,9,1,0
BRDA:86,9,2,0
BRDA:87,10,0,0
BRDA:87,10,1,0
BRDA:87,11,0,0
BRDA:87,11,1,0
BRDA:87,11,2,0
BRDA:90,12,0,0
BRDA:90,12,1,0
BRDA:90,13,0,0
BRDA:90,13,1,0
BRDA:90,13,2,0
BRDA:96,14,0,0
BRDA:96,14,1,0
BRDA:100,15,0,0
BRDA:100,15,1,0
BRDA:104,16,0,0
BRDA:104,16,1,0
BRDA:107,17,0,0
BRDA:107,17,1,0
BRDA:107,18,0,0
BRDA:107,18,1,0
BRDA:107,19,0,0
BRDA:107,19,1,0
BRDA:125,20,0,0
BRDA:125,20,1,0
BRDA:135,21,0,0
BRDA:135,21,1,0
BRDA:135,22,0,0
BRDA:135,22,1,0
BRDA:143,23,0,0
BRDA:143,23,1,0
BRDA:143,24,0,0
BRDA:143,24,1,0
BRDA:148,25,0,0
BRDA:148,25,1,0
BRDA:148,26,0,0
BRDA:148,26,1,0
BRDA:148,26,2,0
BRDA:149,27,0,0
BRDA:149,27,1,0
BRDA:149,28,0,0
BRDA:149,28,1,0
BRDA:149,28,2,0
BRDA:152,29,0,0
BRDA:152,29,1,0
BRDA:152,30,0,0
BRDA:152,30,1,0
BRDA:158,31,0,0
BRDA:158,31,1,0
BRDA:162,32,0,0
BRDA:162,32,1,0
BRDA:183,33,0,0
BRDA:183,33,1,0
BRDA:194,34,0,0
BRDA:194,34,1,0
BRDA:194,35,0,0
BRDA:194,35,1,0
BRDA:194,35,2,0
BRDA:202,36,0,0
BRDA:202,36,1,0
BRDA:202,37,0,0
BRDA:202,37,1,0
BRDA:207,38,0,0
BRDA:207,38,1,0
BRDA:207,39,0,0
BRDA:207,39,1,0
BRDA:207,39,2,0
BRDA:208,40,0,0
BRDA:208,40,1,0
BRDA:208,41,0,0
BRDA:208,41,1,0
BRDA:208,41,2,0
BRDA:211,42,0,0
BRDA:211,42,1,0
BRDA:211,43,0,0
BRDA:211,43,1,0
BRDA:217,44,0,0
BRDA:217,44,1,0
BRDA:221,45,0,0
BRDA:221,45,1,0
BRDA:239,46,0,0
BRDA:239,46,1,0
BRDA:249,47,0,0
BRDA:249,47,1,0
BRDA:249,48,0,0
BRDA:249,48,1,0
BRDA:254,49,0,0
BRDA:254,49,1,0
BRDA:254,50,0,0
BRDA:254,50,1,0
BRDA:254,50,2,0
BRDA:257,51,0,0
BRDA:257,51,1,0
BRDA:263,52,0,0
BRDA:263,52,1,0
BRDA:277,53,0,0
BRDA:277,53,1,0
BRDA:280,54,0,0
BRDA:280,54,1,0
BRDA:308,55,0,38
BRDA:308,55,1,2
BRDA:322,56,0,0
BRDA:322,56,1,43
BRDA:324,57,0,0
BRDA:324,57,1,43
BRDA:343,58,0,2
BRDA:343,58,1,41
BRDA:343,59,0,43
BRDA:343,59,1,41
BRDA:367,60,0,0
BRDA:367,60,1,0
BRDA:374,61,0,0
BRDA:374,61,1,0
BRDA:380,62,0,0
BRDA:380,62,1,0
BRDA:383,63,0,0
BRDA:383,63,1,0
BRDA:395,64,0,0
BRDA:395,64,1,0
BRDA:401,65,0,0
BRDA:401,65,1,0
BRDA:404,66,0,0
BRDA:404,66,1,0
BRDA:416,67,0,0
BRDA:416,67,1,0
BRDA:422,68,0,0
BRDA:422,68,1,0
BRDA:425,69,0,0
BRDA:425,69,1,0
BRDA:437,70,0,0
BRDA:437,70,1,0
BRDA:443,71,0,0
BRDA:443,71,1,0
BRDA:446,72,0,0
BRDA:446,72,1,0
BRDA:458,73,0,0
BRDA:458,73,1,0
BRDA:463,74,0,0
BRDA:463,74,1,0
BRDA:466,75,0,0
BRDA:466,75,1,0
BRDA:490,76,0,0
BRDA:490,76,1,0
BRDA:498,77,0,0
BRDA:498,77,1,0
BRDA:515,78,0,0
BRDA:515,78,1,0
BRDA:534,79,0,0
BRDA:534,79,1,0
BRDA:536,80,0,0
BRDA:536,80,1,0
BRDA:558,81,0,0
BRDA:558,81,1,0
BRDA:558,82,0,0
BRDA:558,82,1,0
BRDA:561,83,0,0
BRDA:561,83,1,0
BRDA:561,84,0,0
BRDA:561,84,1,0
BRDA:561,84,2,0
BRDA:562,85,0,0
BRDA:562,85,1,0
BRDA:562,85,2,0
BRDA:569,86,0,0
BRDA:569,86,1,0
BRDA:569,87,0,0
BRDA:569,87,1,0
BRDA:569,87,2,0
BRDA:569,87,3,0
BRDA:570,88,0,0
BRDA:570,88,1,0
BRDA:570,89,0,0
BRDA:570,89,1,0
BRDA:570,89,2,0
BRDA:580,90,0,0
BRDA:580,90,1,0
BRDA:581,91,0,0
BRDA:581,91,1,0
BRDA:583,92,0,0
BRDA:583,92,1,0
BRDA:586,93,0,0
BRDA:586,93,1,0
BRDA:587,94,0,0
BRDA:587,94,1,0
BRDA:587,95,0,0
BRDA:587,95,1,0
BRDA:587,95,2,0
BRDA:588,96,0,0
BRDA:588,96,1,0
BRDA:592,97,0,0
BRDA:592,97,1,0
BRDA:596,98,0,0
BRDA:596,98,1,0
BRDA:600,99,0,0
BRDA:600,99,1,0
BRDA:609,100,0,0
BRDA:609,100,1,0
BRDA:616,101,0,0
BRDA:616,101,1,0
BRDA:616,102,0,0
BRDA:616,102,1,0
BRDA:616,102,2,0
BRDA:665,103,0,41
BRDA:665,103,1,0
BRDA:685,104,0,41
BRDA:685,104,1,0
BRDA:708,105,0,0
BRDA:708,105,1,0
BRDA:742,106,0,0
BRDA:742,106,1,0
BRDA:746,107,0,0
BRDA:746,107,1,0
BRDA:756,108,0,0
BRDA:756,108,1,0
BRDA:773,109,0,0
BRDA:773,109,1,0
BRDA:774,110,0,0
BRDA:774,110,1,0
BRDA:845,111,0,0
BRDA:845,111,1,0
BRDA:847,112,0,0
BRDA:847,112,1,0
BRDA:869,113,0,0
BRDA:869,113,1,0
BRF:249
BRH:10
end_of_record
TN:
SF:app\(auth)\sign-in.jsx
FN:12,(anonymous_0)
FN:21,(anonymous_1)
FN:22,(anonymous_2)
FN:38,(anonymous_3)
FN:64,(anonymous_4)
FN:75,(anonymous_5)
FNF:6
FNH:6
FNDA:47,(anonymous_0)
FNDA:10,(anonymous_1)
FNDA:10,(anonymous_2)
FNDA:10,(anonymous_3)
FNDA:10,(anonymous_4)
FNDA:8,(anonymous_5)
DA:12,2
DA:13,47
DA:17,47
DA:18,47
DA:19,47
DA:21,47
DA:22,10
DA:23,10
DA:24,10
DA:25,10
DA:26,1
DA:27,1
DA:31,0
DA:35,10
DA:38,47
DA:39,10
DA:40,10
DA:41,10
DA:42,4
DA:44,4
DA:46,6
DA:50,47
DA:65,10
DA:66,10
DA:76,8
DA:77,8
DA:107,2
LF:27
LH:26
BRDA:25,0,0,1
BRDA:25,0,1,9
BRDA:66,1,0,1
BRDA:66,1,1,9
BRDA:77,2,0,2
BRDA:77,2,1,6
BRDA:90,3,0,6
BRDA:90,3,1,41
BRF:8
BRH:8
end_of_record
TN:
SF:app\(tabs)\create.jsx
FN:7,Create
FN:41,(anonymous_1)
FN:43,(anonymous_2)
FN:44,(anonymous_3)
FN:70,(anonymous_4)
FN:91,(anonymous_5)
FN:98,(anonymous_6)
FN:101,(anonymous_7)
FN:102,(anonymous_8)
FN:150,(anonymous_9)
FN:153,(anonymous_10)
FN:159,(anonymous_11)
FN:164,(anonymous_12)
FNF:13
FNH:11
FNDA:16,Create
FNDA:15,(anonymous_1)
FNDA:5,(anonymous_2)
FNDA:15,(anonymous_3)
FNDA:5,(anonymous_4)
FNDA:6,(anonymous_5)
FNDA:6,(anonymous_6)
FNDA:6,(anonymous_7)
FNDA:0,(anonymous_8)
FNDA:5,(anonymous_9)
FNDA:5,(anonymous_10)
FNDA:1,(anonymous_11)
FNDA:0,(anonymous_12)
DA:27,16
DA:29,16
DA:30,16
DA:31,16
DA:32,16
DA:35,16
DA:36,16
DA:37,16
DA:38,16
DA:41,16
DA:42,15
DA:43,5
DA:44,5
DA:45,15
DA:62,5
DA:70,5
DA:71,5
DA:80,5
DA:81,5
DA:84,10
DA:85,10
DA:86,10
DA:87,10
DA:91,16
DA:93,6
DA:94,6
DA:95,6
DA:98,6
DA:101,6
DA:102,6
DA:103,0
DA:107,6
DA:109,6
DA:120,6
DA:126,4
DA:128,4
DA:129,4
DA:132,4
DA:136,2
DA:137,0
DA:139,2
DA:142,2
DA:144,6
DA:149,16
DA:151,5
DA:153,5
DA:159,16
DA:160,1
DA:161,1
DA:164,16
DA:165,0
DA:168,16
DA:279,1
LF:53
LH:50
BRDA:42,0,0,5
BRDA:42,0,1,10
BRDA:128,1,0,4
BRDA:128,1,1,0
BRDA:129,2,0,4
BRDA:129,2,1,0
BRDA:136,3,0,0
BRDA:136,3,1,2
BRDA:136,4,0,2
BRDA:136,4,1,2
BRDA:170,5,0,5
BRDA:170,5,1,11
BRF:12
BRH:9
end_of_record
TN:
SF:app\(tabs)\home.jsx
FN:9,(anonymous_0)
FN:42,(anonymous_1)
FN:56,(anonymous_2)
FN:61,(anonymous_3)
FN:67,(anonymous_4)
FN:68,(anonymous_5)
FN:71,(anonymous_6)
FN:81,(anonymous_7)
FN:92,(anonymous_8)
FN:95,(anonymous_9)
FN:104,(anonymous_10)
FN:109,(anonymous_11)
FN:110,(anonymous_12)
FN:130,(anonymous_13)
FN:131,(anonymous_14)
FN:143,(anonymous_15)
FN:145,(anonymous_16)
FN:146,(anonymous_17)
FN:149,(anonymous_18)
FN:156,(anonymous_19)
FN:163,(anonymous_20)
FN:172,(anonymous_21)
FN:179,(anonymous_22)
FN:186,(anonymous_23)
FN:195,(anonymous_24)
FN:208,(anonymous_25)
FN:217,(anonymous_26)
FN:229,(anonymous_27)
FN:236,(anonymous_28)
FN:238,(anonymous_29)
FN:239,(anonymous_30)
FN:247,(anonymous_31)
FN:248,(anonymous_32)
FN:256,(anonymous_33)
FN:257,(anonymous_34)
FN:270,(anonymous_35)
FN:280,(anonymous_36)
FN:338,(anonymous_37)
FN:366,(anonymous_38)
FN:372,(anonymous_39)
FN:383,(anonymous_40)
FN:395,(anonymous_41)
FN:412,(anonymous_42)
FN:413,(anonymous_43)
FN:424,(anonymous_44)
FN:428,(anonymous_45)
FN:430,(anonymous_46)
FN:435,(anonymous_47)
FN:441,(anonymous_48)
FN:445,(anonymous_49)
FN:447,(anonymous_50)
FN:452,(anonymous_51)
FN:458,(anonymous_52)
FN:464,(anonymous_53)
FN:479,(anonymous_54)
FN:483,(anonymous_55)
FN:496,(anonymous_56)
FN:497,(anonymous_57)
FN:509,(anonymous_58)
FN:514,(anonymous_59)
FN:541,(anonymous_60)
FN:554,(anonymous_61)
FN:560,(anonymous_62)
FN:563,(anonymous_63)
FN:571,(anonymous_64)
FN:580,(anonymous_65)
FN:590,(anonymous_66)
FN:604,(anonymous_67)
FN:628,(anonymous_68)
FN:644,(anonymous_69)
FN:649,(anonymous_70)
FN:655,(anonymous_71)
FN:677,(anonymous_72)
FN:679,(anonymous_73)
FN:684,(anonymous_74)
FN:694,(anonymous_75)
FN:699,(anonymous_76)
FN:705,(anonymous_77)
FN:717,(anonymous_78)
FN:732,(anonymous_79)
FN:734,(anonymous_80)
FN:739,(anonymous_81)
FN:749,(anonymous_82)
FN:756,(anonymous_83)
FN:758,(anonymous_84)
FN:759,(anonymous_85)
FN:767,(anonymous_86)
FN:768,(anonymous_87)
FN:776,(anonymous_88)
FN:777,(anonymous_89)
FN:790,(anonymous_90)
FN:823,(anonymous_91)
FN:836,(anonymous_92)
FN:850,(anonymous_93)
FN:874,(anonymous_94)
FN:911,(anonymous_95)
FN:957,(anonymous_96)
FN:959,(anonymous_97)
FN:960,(anonymous_98)
FN:982,(anonymous_99)
FN:997,(anonymous_100)
FN:1015,(anonymous_101)
FN:1030,(anonymous_102)
FN:1045,(anonymous_103)
FN:1060,(anonymous_104)
FN:1078,(anonymous_105)
FN:1093,(anonymous_106)
FN:1118,(anonymous_107)
FN:1137,(anonymous_108)
FN:1166,(anonymous_109)
FN:1182,(anonymous_110)
FN:1201,(anonymous_111)
FN:1222,(anonymous_112)
FN:1223,(anonymous_113)
FN:1226,(anonymous_114)
FN:1227,(anonymous_115)
FN:1242,(anonymous_116)
FN:1261,(anonymous_117)
FN:1267,(anonymous_118)
FN:1278,(anonymous_119)
FN:1291,(anonymous_120)
FN:1300,(anonymous_121)
FN:1301,(anonymous_122)
FN:1320,(anonymous_123)
FN:1334,(anonymous_124)
FN:1339,(anonymous_125)
FN:1343,(anonymous_126)
FN:1350,(anonymous_127)
FN:1364,(anonymous_128)
FN:1371,(anonymous_129)
FN:1398,(anonymous_130)
FN:1399,(anonymous_131)
FN:1442,(anonymous_132)
FN:1484,(anonymous_133)
FN:1502,(anonymous_134)
FN:1538,(anonymous_135)
FNF:136
FNH:25
FNDA:95,(anonymous_0)
FNDA:92,(anonymous_1)
FNDA:184,(anonymous_2)
FNDA:184,(anonymous_3)
FNDA:0,(anonymous_4)
FNDA:0,(anonymous_5)
FNDA:0,(anonymous_6)
FNDA:0,(anonymous_7)
FNDA:0,(anonymous_8)
FNDA:0,(anonymous_9)
FNDA:0,(anonymous_10)
FNDA:0,(anonymous_11)
FNDA:0,(anonymous_12)
FNDA:0,(anonymous_13)
FNDA:0,(anonymous_14)
FNDA:51,(anonymous_15)
FNDA:0,(anonymous_16)
FNDA:0,(anonymous_17)
FNDA:0,(anonymous_18)
FNDA:92,(anonymous_19)
FNDA:22,(anonymous_20)
FNDA:92,(anonymous_21)
FNDA:22,(anonymous_22)
FNDA:92,(anonymous_23)
FNDA:22,(anonymous_24)
FNDA:92,(anonymous_25)
FNDA:22,(anonymous_26)
FNDA:95,(anonymous_27)
FNDA:0,(anonymous_28)
FNDA:0,(anonymous_29)
FNDA:0,(anonymous_30)
FNDA:0,(anonymous_31)
FNDA:0,(anonymous_32)
FNDA:0,(anonymous_33)
FNDA:0,(anonymous_34)
FNDA:0,(anonymous_35)
FNDA:0,(anonymous_36)
FNDA:0,(anonymous_37)
FNDA:0,(anonymous_38)
FNDA:92,(anonymous_39)
FNDA:0,(anonymous_40)
FNDA:0,(anonymous_41)
FNDA:0,(anonymous_42)
FNDA:0,(anonymous_43)
FNDA:0,(anonymous_44)
FNDA:0,(anonymous_45)
FNDA:0,(anonymous_46)
FNDA:0,(anonymous_47)
FNDA:0,(anonymous_48)
FNDA:0,(anonymous_49)
FNDA:0,(anonymous_50)
FNDA:0,(anonymous_51)
FNDA:0,(anonymous_52)
FNDA:0,(anonymous_53)
FNDA:0,(anonymous_54)
FNDA:0,(anonymous_55)
FNDA:0,(anonymous_56)
FNDA:0,(anonymous_57)
FNDA:0,(anonymous_58)
FNDA:95,(anonymous_59)
FNDA:1,(anonymous_60)
FNDA:95,(anonymous_61)
FNDA:0,(anonymous_62)
FNDA:0,(anonymous_63)
FNDA:0,(anonymous_64)
FNDA:0,(anonymous_65)
FNDA:0,(anonymous_66)
FNDA:0,(anonymous_67)
FNDA:0,(anonymous_68)
FNDA:95,(anonymous_69)
FNDA:0,(anonymous_70)
FNDA:0,(anonymous_71)
FNDA:0,(anonymous_72)
FNDA:0,(anonymous_73)
FNDA:0,(anonymous_74)
FNDA:95,(anonymous_75)
FNDA:0,(anonymous_76)
FNDA:0,(anonymous_77)
FNDA:0,(anonymous_78)
FNDA:0,(anonymous_79)
FNDA:0,(anonymous_80)
FNDA:0,(anonymous_81)
FNDA:95,(anonymous_82)
FNDA:0,(anonymous_83)
FNDA:0,(anonymous_84)
FNDA:0,(anonymous_85)
FNDA:0,(anonymous_86)
FNDA:0,(anonymous_87)
FNDA:0,(anonymous_88)
FNDA:0,(anonymous_89)
FNDA:0,(anonymous_90)
FNDA:0,(anonymous_91)
FNDA:0,(anonymous_92)
FNDA:0,(anonymous_93)
FNDA:0,(anonymous_94)
FNDA:0,(anonymous_95)
FNDA:0,(anonymous_96)
FNDA:0,(anonymous_97)
FNDA:0,(anonymous_98)
FNDA:95,(anonymous_99)
FNDA:0,(anonymous_100)
FNDA:0,(anonymous_101)
FNDA:0,(anonymous_102)
FNDA:95,(anonymous_103)
FNDA:0,(anonymous_104)
FNDA:0,(anonymous_105)
FNDA:0,(anonymous_106)
FNDA:0,(anonymous_107)
FNDA:0,(anonymous_108)
FNDA:0,(anonymous_109)
FNDA:0,(anonymous_110)
FNDA:0,(anonymous_111)
FNDA:190,(anonymous_112)
FNDA:0,(anonymous_113)
FNDA:0,(anonymous_114)
FNDA:0,(anonymous_115)
FNDA:0,(anonymous_116)
FNDA:0,(anonymous_117)
FNDA:0,(anonymous_118)
FNDA:0,(anonymous_119)
FNDA:0,(anonymous_120)
FNDA:0,(anonymous_121)
FNDA:0,(anonymous_122)
FNDA:0,(anonymous_123)
FNDA:0,(anonymous_124)
FNDA:0,(anonymous_125)
FNDA:0,(anonymous_126)
FNDA:0,(anonymous_127)
FNDA:0,(anonymous_128)
FNDA:95,(anonymous_129)
FNDA:0,(anonymous_130)
FNDA:0,(anonymous_131)
FNDA:0,(anonymous_132)
FNDA:0,(anonymous_133)
FNDA:0,(anonymous_134)
FNDA:0,(anonymous_135)
DA:9,1
DA:10,95
DA:11,95
DA:12,95
DA:13,95
DA:14,95
DA:15,95
DA:16,95
DA:17,95
DA:18,95
DA:19,95
DA:20,95
DA:21,95
DA:22,95
DA:23,95
DA:24,95
DA:25,95
DA:26,95
DA:27,95
DA:28,95
DA:29,95
DA:30,95
DA:31,95
DA:32,95
DA:33,95
DA:34,95
DA:35,95
DA:36,95
DA:37,95
DA:38,95
DA:39,95
DA:40,95
DA:42,95
DA:43,92
DA:44,92
DA:45,92
DA:48,92
DA:49,92
DA:54,92
DA:55,92
DA:56,184
DA:58,92
DA:60,92
DA:61,184
DA:63,92
DA:66,92
DA:67,92
DA:68,0
DA:69,0
DA:71,0
DA:72,0
DA:75,92
DA:77,0
DA:81,95
DA:82,0
DA:83,0
DA:84,0
DA:85,0
DA:87,0
DA:88,0
DA:91,0
DA:92,0
DA:94,0
DA:95,0
DA:98,0
DA:100,0
DA:104,95
DA:105,0
DA:106,0
DA:107,0
DA:109,0
DA:110,0
DA:113,0
DA:124,0
DA:125,0
DA:128,0
DA:130,0
DA:131,0
DA:133,0
DA:135,0
DA:138,0
DA:143,95
DA:144,51
DA:145,51
DA:146,0
DA:147,0
DA:149,0
DA:150,0
DA:153,51
DA:156,95
DA:157,92
DA:158,92
DA:159,92
DA:162,92
DA:163,92
DA:165,92
DA:167,0
DA:168,0
DA:172,95
DA:173,92
DA:174,92
DA:175,92
DA:178,92
DA:179,92
DA:181,0
DA:182,0
DA:186,95
DA:187,92
DA:188,92
DA:189,91
DA:192,91
DA:195,91
DA:196,22
DA:201,91
DA:203,1
DA:204,1
DA:208,95
DA:209,92
DA:210,92
DA:211,92
DA:214,92
DA:217,92
DA:218,22
DA:221,92
DA:223,0
DA:224,0
DA:229,95
DA:232,95
DA:235,95
DA:236,95
DA:237,0
DA:238,0
DA:240,0
DA:245,95
DA:246,95
DA:247,0
DA:249,0
DA:250,0
DA:254,95
DA:255,95
DA:256,0
DA:258,0
DA:259,0
DA:263,95
DA:269,95
DA:270,95
DA:271,0
DA:272,0
DA:273,0
DA:274,0
DA:277,95
DA:280,95
DA:281,0
DA:282,0
DA:283,0
DA:286,0
DA:287,0
DA:288,0
DA:292,0
DA:293,0
DA:294,0
DA:296,0
DA:297,0
DA:302,0
DA:305,0
DA:306,0
DA:314,0
DA:320,0
DA:321,0
DA:325,0
DA:326,0
DA:327,0
DA:328,0
DA:329,0
DA:331,0
DA:333,0
DA:334,0
DA:338,95
DA:339,0
DA:340,0
DA:341,0
DA:344,0
DA:345,0
DA:350,0
DA:351,0
DA:355,0
DA:356,0
DA:357,0
DA:359,0
DA:361,0
DA:362,0
DA:366,95
DA:367,0
DA:368,0
DA:371,95
DA:373,92
DA:374,92
DA:375,92
DA:376,92
DA:377,92
DA:378,92
DA:383,95
DA:384,0
DA:385,0
DA:386,0
DA:387,0
DA:388,0
DA:389,0
DA:390,0
DA:392,0
DA:395,95
DA:396,0
DA:397,0
DA:398,0
DA:399,0
DA:409,0
DA:410,0
DA:412,0
DA:413,0
DA:415,0
DA:417,0
DA:420,0
DA:424,95
DA:425,0
DA:428,95
DA:429,0
DA:430,0
DA:431,0
DA:435,95
DA:436,0
DA:437,0
DA:438,0
DA:441,95
DA:442,0
DA:445,95
DA:446,0
DA:447,0
DA:448,0
DA:452,95
DA:453,0
DA:454,0
DA:455,0
DA:458,95
DA:459,0
DA:460,0
DA:461,0
DA:464,95
DA:465,0
DA:466,0
DA:467,0
DA:468,0
DA:470,0
DA:473,95
DA:479,0
DA:484,0
DA:496,0
DA:498,0
DA:509,0
DA:515,95
DA:541,1
DA:558,95
DA:559,95
DA:560,0
DA:562,95
DA:563,0
DA:565,95
DA:572,0
DA:581,0
DA:591,0
DA:605,0
DA:629,0
DA:647,95
DA:648,95
DA:649,0
DA:652,95
DA:656,0
DA:678,0
DA:679,0
DA:680,0
DA:681,0
DA:683,0
DA:684,0
DA:697,95
DA:698,95
DA:699,0
DA:702,95
DA:706,0
DA:717,0
DA:733,0
DA:734,0
DA:735,0
DA:736,0
DA:738,0
DA:739,0
DA:752,95
DA:755,95
DA:756,95
DA:757,0
DA:758,0
DA:760,0
DA:765,95
DA:766,95
DA:767,0
DA:769,0
DA:770,0
DA:774,95
DA:775,95
DA:776,0
DA:778,0
DA:779,0
DA:783,95
DA:789,95
DA:790,95
DA:791,0
DA:792,0
DA:793,0
DA:794,0
DA:797,95
DA:824,0
DA:837,0
DA:851,0
DA:875,0
DA:911,0
DA:958,0
DA:959,0
DA:960,0
DA:961,0
DA:962,0
DA:964,0
DA:983,95
DA:998,0
DA:999,0
DA:1015,0
DA:1030,0
DA:1046,95
DA:1061,0
DA:1062,0
DA:1078,0
DA:1093,0
DA:1118,0
DA:1137,0
DA:1166,0
DA:1182,0
DA:1201,0
DA:1222,190
DA:1224,0
DA:1227,0
DA:1228,0
DA:1242,0
DA:1261,0
DA:1268,0
DA:1269,0
DA:1270,0
DA:1279,0
DA:1280,0
DA:1292,0
DA:1293,0
DA:1297,0
DA:1298,0
DA:1300,0
DA:1301,0
DA:1303,0
DA:1305,0
DA:1312,0
DA:1320,0
DA:1334,0
DA:1340,0
DA:1343,0
DA:1350,0
DA:1364,0
DA:1372,95
DA:1373,95
DA:1374,95
DA:1398,0
DA:1399,0
DA:1485,0
DA:1486,0
DA:1487,0
DA:1488,0
DA:1502,0
DA:1539,0
DA:1540,0
DA:1553,1
LF:383
LH:148
BRDA:48,0,0,92
BRDA:48,0,1,0
BRDA:48,1,0,0
BRDA:48,1,1,0
BRDA:48,1,2,0
BRDA:56,2,0,184
BRDA:56,2,1,184
BRDA:61,3,0,184
BRDA:61,3,1,0
BRDA:61,3,2,0
BRDA:69,4,0,0
BRDA:69,4,1,0
BRDA:72,5,0,0
BRDA:72,5,1,0
BRDA:84,6,0,0
BRDA:84,6,1,0
BRDA:92,7,0,0
BRDA:92,7,1,0
BRDA:92,8,0,0
BRDA:92,8,1,0
BRDA:95,9,0,0
BRDA:95,9,1,0
BRDA:95,10,0,0
BRDA:95,10,1,0
BRDA:106,11,0,0
BRDA:106,11,1,0
BRDA:109,12,0,0
BRDA:109,12,1,0
BRDA:110,13,0,0
BRDA:110,13,1,0
BRDA:124,14,0,0
BRDA:124,14,1,0
BRDA:131,15,0,0
BRDA:131,15,1,0
BRDA:147,16,0,0
BRDA:147,16,1,0
BRDA:150,17,0,0
BRDA:150,17,1,0
BRDA:162,18,0,92
BRDA:162,18,1,0
BRDA:162,19,0,0
BRDA:162,19,1,0
BRDA:162,19,2,0
BRDA:178,20,0,92
BRDA:178,20,1,0
BRDA:178,21,0,0
BRDA:178,21,1,0
BRDA:178,21,2,0
BRDA:192,22,0,91
BRDA:192,22,1,0
BRDA:192,23,0,0
BRDA:192,23,1,0
BRDA:192,23,2,0
BRDA:196,24,0,22
BRDA:196,24,1,0
BRDA:196,24,2,0
BRDA:214,25,0,92
BRDA:214,25,1,0
BRDA:214,26,0,0
BRDA:214,26,1,0
BRDA:214,26,2,0
BRDA:237,27,0,0
BRDA:237,27,1,0
BRDA:237,28,0,0
BRDA:237,28,1,0
BRDA:238,29,0,0
BRDA:238,29,1,0
BRDA:238,29,2,0
BRDA:238,29,3,0
BRDA:240,30,0,0
BRDA:240,30,1,0
BRDA:247,31,0,0
BRDA:247,31,1,0
BRDA:247,31,2,0
BRDA:250,32,0,0
BRDA:250,32,1,0
BRDA:256,33,0,0
BRDA:256,33,1,0
BRDA:259,34,0,0
BRDA:259,34,1,0
BRDA:271,35,0,0
BRDA:271,35,1,0
BRDA:272,36,0,0
BRDA:272,36,1,0
BRDA:273,37,0,0
BRDA:273,37,1,0
BRDA:281,38,0,0
BRDA:281,38,1,0
BRDA:281,39,0,0
BRDA:281,39,1,0
BRDA:286,40,0,0
BRDA:286,40,1,0
BRDA:294,41,0,0
BRDA:294,41,1,0
BRDA:296,42,0,0
BRDA:296,42,1,0
BRDA:320,43,0,0
BRDA:320,43,1,0
BRDA:339,44,0,0
BRDA:339,44,1,0
BRDA:350,45,0,0
BRDA:350,45,1,0
BRDA:374,46,0,92
BRDA:374,46,1,0
BRDA:386,47,0,0
BRDA:386,47,1,0
BRDA:397,48,0,0
BRDA:397,48,1,0
BRDA:409,49,0,0
BRDA:409,49,1,0
BRDA:413,50,0,0
BRDA:413,50,1,0
BRDA:429,51,0,0
BRDA:429,51,1,0
BRDA:446,52,0,0
BRDA:446,52,1,0
BRDA:465,53,0,0
BRDA:465,53,1,0
BRDA:467,54,0,0
BRDA:467,54,1,0
BRDA:479,55,0,0
BRDA:479,55,1,0
BRDA:489,56,0,0
BRDA:489,56,1,0
BRDA:495,57,0,0
BRDA:495,57,1,0
BRDA:495,58,0,0
BRDA:495,58,1,0
BRDA:496,59,0,0
BRDA:496,59,1,0
BRDA:496,59,2,0
BRDA:496,59,3,0
BRDA:501,60,0,0
BRDA:501,60,1,0
BRDA:501,61,0,0
BRDA:501,61,1,0
BRDA:505,62,0,0
BRDA:505,62,1,0
BRDA:560,63,0,0
BRDA:560,63,1,0
BRDA:560,63,2,0
BRDA:563,64,0,0
BRDA:563,64,1,0
BRDA:571,65,0,95
BRDA:571,65,1,0
BRDA:580,66,0,95
BRDA:580,66,1,0
BRDA:587,67,0,95
BRDA:587,67,1,0
BRDA:591,68,0,0
BRDA:591,68,1,0
BRDA:594,69,0,0
BRDA:594,69,1,0
BRDA:601,70,0,95
BRDA:601,70,1,0
BRDA:606,71,0,0
BRDA:606,71,1,0
BRDA:614,72,0,0
BRDA:614,72,1,0
BRDA:614,72,2,0
BRDA:614,72,3,0
BRDA:616,73,0,0
BRDA:616,73,1,0
BRDA:625,74,0,95
BRDA:625,74,1,0
BRDA:630,75,0,0
BRDA:630,75,1,0
BRDA:649,76,0,0
BRDA:649,76,1,0
BRDA:652,77,0,95
BRDA:652,77,1,0
BRDA:657,78,0,0
BRDA:657,78,1,0
BRDA:665,79,0,0
BRDA:665,79,1,0
BRDA:667,80,0,0
BRDA:667,80,1,0
BRDA:681,81,0,0
BRDA:681,81,1,0
BRDA:699,82,0,0
BRDA:699,82,1,0
BRDA:702,83,0,95
BRDA:702,83,1,0
BRDA:707,84,0,0
BRDA:707,84,1,0
BRDA:736,85,0,0
BRDA:736,85,1,0
BRDA:757,86,0,0
BRDA:757,86,1,0
BRDA:757,87,0,0
BRDA:757,87,1,0
BRDA:758,88,0,0
BRDA:758,88,1,0
BRDA:758,88,2,0
BRDA:758,88,3,0
BRDA:760,89,0,0
BRDA:760,89,1,0
BRDA:767,90,0,0
BRDA:767,90,1,0
BRDA:767,90,2,0
BRDA:770,91,0,0
BRDA:770,91,1,0
BRDA:776,92,0,0
BRDA:776,92,1,0
BRDA:779,93,0,0
BRDA:779,93,1,0
BRDA:791,94,0,0
BRDA:791,94,1,0
BRDA:792,95,0,0
BRDA:792,95,1,0
BRDA:793,96,0,0
BRDA:793,96,1,0
BRDA:797,97,0,95
BRDA:797,97,1,0
BRDA:831,98,0,0
BRDA:831,98,1,0
BRDA:845,99,0,0
BRDA:845,99,1,0
BRDA:879,100,0,0
BRDA:879,100,1,0
BRDA:885,101,0,0
BRDA:885,101,1,0
BRDA:940,102,0,95
BRDA:940,102,1,95
BRDA:952,103,0,95
BRDA:952,103,1,95
BRDA:958,104,0,0
BRDA:958,104,1,0
BRDA:961,105,0,0
BRDA:961,105,1,0
BRDA:976,106,0,95
BRDA:976,106,1,95
BRDA:1019,107,0,95
BRDA:1019,107,1,0
BRDA:1082,108,0,95
BRDA:1082,108,1,0
BRDA:1268,109,0,0
BRDA:1268,109,1,0
BRDA:1279,110,0,0
BRDA:1279,110,1,0
BRDA:1297,111,0,0
BRDA:1297,111,1,0
BRDA:1329,112,0,95
BRDA:1329,112,1,0
BRDA:1373,113,0,95
BRDA:1373,113,1,95
BRDA:1390,114,0,95
BRDA:1390,114,1,0
BRDA:1508,115,0,95
BRDA:1508,115,1,0
BRF:250
BRH:31
end_of_record
TN:
SF:app\(tabs)\search.jsx
FN:7,(anonymous_0)
FN:17,(anonymous_1)
FN:21,(anonymous_2)
FN:30,(anonymous_3)
FN:41,(anonymous_4)
FN:48,(anonymous_5)
FN:60,(anonymous_6)
FN:68,(anonymous_7)
FN:88,(anonymous_8)
FN:114,(anonymous_9)
FN:124,(anonymous_10)
FN:127,(anonymous_11)
FN:164,(anonymous_12)
FN:171,(anonymous_13)
FN:180,(anonymous_14)
FN:189,(anonymous_15)
FNF:16
FNH:12
FNDA:67,(anonymous_0)
FNDA:60,(anonymous_1)
FNDA:0,(anonymous_2)
FNDA:1,(anonymous_3)
FNDA:419,(anonymous_4)
FNDA:73,(anonymous_5)
FNDA:28,(anonymous_6)
FNDA:817,(anonymous_7)
FNDA:1,(anonymous_8)
FNDA:0,(anonymous_9)
FNDA:118,(anonymous_10)
FNDA:103,(anonymous_11)
FNDA:0,(anonymous_12)
FNDA:2,(anonymous_13)
FNDA:15,(anonymous_14)
FNDA:0,(anonymous_15)
DA:7,2
DA:8,67
DA:9,67
DA:10,67
DA:11,67
DA:12,67
DA:13,67
DA:14,67
DA:16,67
DA:18,60
DA:19,60
DA:20,60
DA:21,60
DA:22,0
DA:23,0
DA:24,0
DA:30,67
DA:31,1
DA:32,1
DA:33,1
DA:35,0
DA:37,1
DA:41,67
DA:42,419
DA:43,419
DA:44,28
DA:45,28
DA:48,28
DA:49,73
DA:52,28
DA:60,28
DA:62,28
DA:63,27
DA:65,17
DA:66,17
DA:70,817
DA:71,817
DA:72,817
DA:75,67
DA:76,2
DA:89,1
DA:90,1
DA:99,65
DA:100,21
DA:115,0
DA:116,0
DA:124,118
DA:128,103
DA:158,44
DA:164,0
DA:172,2
DA:173,2
DA:181,15
DA:182,15
DA:189,0
DA:200,2
LF:56
LH:48
BRDA:41,0,0,67
BRDA:41,0,1,4
BRDA:43,1,0,391
BRDA:43,1,1,28
BRDA:45,2,0,28
BRDA:45,2,1,0
BRDA:53,3,0,28
BRDA:53,3,1,0
BRDA:54,4,0,28
BRDA:54,4,1,0
BRDA:55,5,0,28
BRDA:55,5,1,0
BRDA:56,6,0,28
BRDA:56,6,1,0
BRDA:62,7,0,1
BRDA:62,7,1,27
BRDA:62,8,0,28
BRDA:62,8,1,28
BRDA:63,9,0,10
BRDA:63,9,1,17
BRDA:65,10,0,0
BRDA:65,10,1,17
BRDA:70,11,0,817
BRDA:70,11,1,9
BRDA:71,12,0,817
BRDA:71,12,1,6
BRDA:75,13,0,2
BRDA:75,13,1,65
BRDA:99,14,0,21
BRDA:99,14,1,44
BRDA:143,15,0,103
BRDA:143,15,1,95
BRDA:143,15,2,95
BRDA:143,15,3,95
BRF:34
BRH:28
end_of_record
TN:
SF:app\(tabs)\writeoff.jsx
FN:11,(anonymous_0)
FN:46,(anonymous_1)
FN:54,(anonymous_2)
FN:56,(anonymous_3)
FN:57,(anonymous_4)
FN:83,(anonymous_5)
FN:105,(anonymous_6)
FN:111,(anonymous_7)
FN:126,(anonymous_8)
FN:129,(anonymous_9)
FN:130,(anonymous_10)
FN:169,(anonymous_11)
FN:172,(anonymous_12)
FN:178,(anonymous_13)
FN:198,(anonymous_14)
FN:207,(anonymous_15)
FN:215,(anonymous_16)
FN:226,(anonymous_17)
FN:227,(anonymous_18)
FN:243,(anonymous_19)
FN:255,(anonymous_20)
FN:266,(anonymous_21)
FN:271,(anonymous_22)
FN:276,(anonymous_23)
FN:284,(anonymous_24)
FN:290,(anonymous_25)
FN:311,(anonymous_26)
FN:319,(anonymous_27)
FN:332,(anonymous_28)
FN:367,(anonymous_29)
FN:461,(anonymous_30)
FN:470,(anonymous_31)
FN:479,(anonymous_32)
FN:505,(anonymous_33)
FN:513,(anonymous_34)
FN:521,(anonymous_35)
FN:523,(anonymous_36)
FN:552,(anonymous_37)
FN:557,(anonymous_38)
FN:564,(anonymous_39)
FN:568,(anonymous_40)
FN:578,(anonymous_41)
FN:586,(anonymous_42)
FN:592,(anonymous_43)
FN:593,(anonymous_44)
FN:596,(anonymous_45)
FN:597,(anonymous_46)
FN:602,(anonymous_47)
FN:616,(anonymous_48)
FN:622,(anonymous_49)
FN:624,(anonymous_50)
FN:629,(anonymous_51)
FN:634,(anonymous_52)
FN:644,(anonymous_53)
FN:652,(anonymous_54)
FN:658,(anonymous_55)
FN:659,(anonymous_56)
FN:662,(anonymous_57)
FN:663,(anonymous_58)
FN:668,(anonymous_59)
FN:758,(anonymous_60)
FN:759,(anonymous_61)
FN:761,(anonymous_62)
FN:773,(anonymous_63)
FN:794,(anonymous_64)
FN:802,(anonymous_65)
FN:814,(anonymous_66)
FN:816,(anonymous_67)
FN:871,(anonymous_68)
FN:876,(anonymous_69)
FN:880,(anonymous_70)
FN:896,(anonymous_71)
FN:936,(anonymous_72)
FN:952,(anonymous_73)
FN:962,(anonymous_74)
FN:972,(anonymous_75)
FN:982,(anonymous_76)
FN:1002,(anonymous_77)
FN:1032,(anonymous_78)
FN:1051,(anonymous_79)
FN:1071,(anonymous_80)
FN:1076,(anonymous_81)
FN:1080,(anonymous_82)
FN:1090,(anonymous_83)
FNF:84
FNH:29
FNDA:39,(anonymous_0)
FNDA:78,(anonymous_1)
FNDA:14,(anonymous_2)
FNDA:3,(anonymous_3)
FNDA:9,(anonymous_4)
FNDA:3,(anonymous_5)
FNDA:11,(anonymous_6)
FNDA:23,(anonymous_7)
FNDA:23,(anonymous_8)
FNDA:20,(anonymous_9)
FNDA:0,(anonymous_10)
FNDA:21,(anonymous_11)
FNDA:0,(anonymous_12)
FNDA:20,(anonymous_13)
FNDA:0,(anonymous_14)
FNDA:0,(anonymous_15)
FNDA:0,(anonymous_16)
FNDA:0,(anonymous_17)
FNDA:0,(anonymous_18)
FNDA:20,(anonymous_19)
FNDA:0,(anonymous_20)
FNDA:7,(anonymous_21)
FNDA:0,(anonymous_22)
FNDA:11,(anonymous_23)
FNDA:0,(anonymous_24)
FNDA:22,(anonymous_25)
FNDA:22,(anonymous_26)
FNDA:2,(anonymous_27)
FNDA:0,(anonymous_28)
FNDA:0,(anonymous_29)
FNDA:0,(anonymous_30)
FNDA:0,(anonymous_31)
FNDA:0,(anonymous_32)
FNDA:0,(anonymous_33)
FNDA:0,(anonymous_34)
FNDA:0,(anonymous_35)
FNDA:0,(anonymous_36)
FNDA:0,(anonymous_37)
FNDA:0,(anonymous_38)
FNDA:88,(anonymous_39)
FNDA:0,(anonymous_40)
FNDA:0,(anonymous_41)
FNDA:0,(anonymous_42)
FNDA:0,(anonymous_43)
FNDA:0,(anonymous_44)
FNDA:0,(anonymous_45)
FNDA:0,(anonymous_46)
FNDA:0,(anonymous_47)
FNDA:72,(anonymous_48)
FNDA:0,(anonymous_49)
FNDA:0,(anonymous_50)
FNDA:2,(anonymous_51)
FNDA:0,(anonymous_52)
FNDA:0,(anonymous_53)
FNDA:0,(anonymous_54)
FNDA:0,(anonymous_55)
FNDA:0,(anonymous_56)
FNDA:0,(anonymous_57)
FNDA:0,(anonymous_58)
FNDA:0,(anonymous_59)
FNDA:83,(anonymous_60)
FNDA:0,(anonymous_61)
FNDA:72,(anonymous_62)
FNDA:7,(anonymous_63)
FNDA:16,(anonymous_64)
FNDA:5,(anonymous_65)
FNDA:0,(anonymous_66)
FNDA:0,(anonymous_67)
FNDA:0,(anonymous_68)
FNDA:56,(anonymous_69)
FNDA:4,(anonymous_70)
FNDA:0,(anonymous_71)
FNDA:0,(anonymous_72)
FNDA:0,(anonymous_73)
FNDA:0,(anonymous_74)
FNDA:0,(anonymous_75)
FNDA:0,(anonymous_76)
FNDA:0,(anonymous_77)
FNDA:0,(anonymous_78)
FNDA:0,(anonymous_79)
FNDA:0,(anonymous_80)
FNDA:156,(anonymous_81)
FNDA:0,(anonymous_82)
FNDA:0,(anonymous_83)
DA:11,1
DA:19,39
DA:21,39
DA:22,39
DA:23,39
DA:24,39
DA:25,39
DA:26,39
DA:27,39
DA:28,39
DA:29,39
DA:30,39
DA:31,39
DA:32,39
DA:33,39
DA:34,39
DA:35,39
DA:36,39
DA:37,39
DA:40,39
DA:41,39
DA:42,39
DA:43,39
DA:46,78
DA:51,39
DA:54,39
DA:55,14
DA:56,3
DA:57,3
DA:58,9
DA:75,3
DA:83,3
DA:84,3
DA:93,3
DA:94,3
DA:97,11
DA:98,11
DA:99,11
DA:100,11
DA:105,39
DA:106,11
DA:107,11
DA:111,39
DA:113,23
DA:116,23
DA:117,0
DA:119,23
DA:122,23
DA:123,23
DA:126,23
DA:129,20
DA:130,20
DA:131,0
DA:135,20
DA:137,20
DA:144,20
DA:152,0
DA:153,0
DA:155,0
DA:158,0
DA:160,20
DA:161,0
DA:163,20
DA:168,39
DA:170,21
DA:172,21
DA:178,39
DA:179,20
DA:180,0
DA:183,20
DA:184,20
DA:186,20
DA:187,0
DA:190,20
DA:194,20
DA:197,20
DA:199,0
DA:206,20
DA:207,0
DA:214,20
DA:217,0
DA:220,0
DA:225,20
DA:226,20
DA:227,0
DA:231,20
DA:234,20
DA:237,0
DA:238,0
DA:239,0
DA:243,39
DA:244,20
DA:245,20
DA:247,20
DA:248,0
DA:251,20
DA:252,20
DA:255,20
DA:256,0
DA:259,20
DA:261,0
DA:262,0
DA:266,39
DA:267,7
DA:268,7
DA:271,39
DA:272,0
DA:273,0
DA:276,39
DA:277,11
DA:281,11
DA:283,0
DA:284,0
DA:285,0
DA:286,0
DA:290,11
DA:292,22
DA:293,11
DA:297,11
DA:298,11
DA:300,11
DA:307,11
DA:311,22
DA:313,11
DA:315,0
DA:319,39
DA:320,2
DA:321,0
DA:322,0
DA:325,2
DA:326,0
DA:327,0
DA:331,2
DA:332,0
DA:333,0
DA:335,0
DA:336,0
DA:338,0
DA:339,0
DA:343,0
DA:347,0
DA:362,2
DA:363,2
DA:364,2
DA:366,2
DA:367,0
DA:369,2
DA:370,0
DA:371,0
DA:373,0
DA:382,2
DA:383,0
DA:385,0
DA:386,0
DA:387,0
DA:391,2
DA:406,2
DA:407,0
DA:408,0
DA:410,2
DA:411,0
DA:412,0
DA:414,2
DA:415,0
DA:416,0
DA:419,2
DA:420,2
DA:426,2
DA:428,2
DA:430,1
DA:431,1
DA:436,1
DA:437,1
DA:441,0
DA:442,0
DA:443,0
DA:447,1
DA:449,1
DA:450,1
DA:451,1
DA:452,1
DA:453,1
DA:454,1
DA:455,1
DA:457,0
DA:461,39
DA:462,0
DA:464,0
DA:467,0
DA:470,39
DA:471,0
DA:472,0
DA:473,0
DA:476,0
DA:479,39
DA:480,0
DA:481,0
DA:482,0
DA:486,0
DA:487,0
DA:488,0
DA:492,0
DA:493,0
DA:494,0
DA:502,0
DA:505,0
DA:506,0
DA:507,0
DA:509,0
DA:513,39
DA:514,0
DA:515,0
DA:516,0
DA:519,0
DA:521,0
DA:522,0
DA:523,0
DA:526,0
DA:527,0
DA:528,0
DA:532,0
DA:533,0
DA:534,0
DA:537,0
DA:541,0
DA:542,0
DA:545,0
DA:546,0
DA:548,0
DA:552,39
DA:553,0
DA:554,0
DA:557,39
DA:558,0
DA:564,39
DA:565,88
DA:568,88
DA:569,0
DA:573,88
DA:574,0
DA:578,88
DA:579,0
DA:580,0
DA:581,0
DA:584,88
DA:586,0
DA:587,0
DA:591,0
DA:592,0
DA:593,0
DA:596,0
DA:597,0
DA:598,0
DA:602,0
DA:607,0
DA:608,0
DA:612,88
DA:616,39
DA:617,72
DA:618,72
DA:622,39
DA:623,0
DA:624,0
DA:629,39
DA:630,2
DA:634,2
DA:635,0
DA:639,2
DA:640,0
DA:644,2
DA:645,0
DA:646,0
DA:647,0
DA:650,2
DA:652,0
DA:653,0
DA:657,0
DA:658,0
DA:659,0
DA:662,0
DA:663,0
DA:664,0
DA:668,0
DA:669,0
DA:671,0
DA:674,2
DA:678,39
DA:679,0
DA:682,39
DA:758,83
DA:759,0
DA:762,72
DA:773,7
DA:795,16
DA:797,16
DA:799,16
DA:803,5
DA:804,5
DA:812,0
DA:814,0
DA:815,0
DA:816,0
DA:819,0
DA:820,0
DA:826,0
DA:837,0
DA:839,0
DA:847,0
DA:871,0
DA:877,56
DA:881,4
DA:883,2
DA:884,2
DA:887,2
DA:896,0
DA:937,0
DA:938,0
DA:939,0
DA:940,0
DA:941,0
DA:952,0
DA:962,0
DA:972,0
DA:983,0
DA:984,0
DA:1004,0
DA:1005,0
DA:1032,0
DA:1052,0
DA:1053,0
DA:1054,0
DA:1055,0
DA:1056,0
DA:1071,0
DA:1077,156
DA:1081,0
DA:1082,0
DA:1090,0
DA:1101,1
LF:339
LH:168
BRDA:46,0,0,39
BRDA:46,0,1,0
BRDA:55,1,0,3
BRDA:55,1,1,11
BRDA:106,2,0,11
BRDA:106,2,1,0
BRDA:106,3,0,11
BRDA:106,3,1,11
BRDA:111,4,0,0
BRDA:116,5,0,0
BRDA:116,5,1,23
BRDA:152,6,0,0
BRDA:152,6,1,0
BRDA:152,7,0,0
BRDA:152,7,1,0
BRDA:160,8,0,0
BRDA:160,8,1,20
BRDA:179,9,0,0
BRDA:179,9,1,20
BRDA:186,10,0,0
BRDA:186,10,1,20
BRDA:194,11,0,20
BRDA:194,11,1,0
BRDA:199,12,0,0
BRDA:199,12,1,0
BRDA:199,12,2,0
BRDA:199,12,3,0
BRDA:207,13,0,0
BRDA:207,13,1,0
BRDA:207,13,2,0
BRDA:217,14,0,0
BRDA:217,14,1,0
BRDA:247,15,0,0
BRDA:247,15,1,20
BRDA:252,16,0,20
BRDA:252,16,1,0
BRDA:256,17,0,0
BRDA:256,17,1,0
BRDA:281,18,0,0
BRDA:281,18,1,11
BRDA:281,19,0,11
BRDA:281,19,1,11
BRDA:292,20,0,11
BRDA:292,20,1,11
BRDA:292,21,0,22
BRDA:292,21,1,22
BRDA:297,22,0,11
BRDA:297,22,1,0
BRDA:297,22,2,0
BRDA:298,23,0,11
BRDA:298,23,1,0
BRDA:298,23,2,0
BRDA:300,24,0,11
BRDA:300,24,1,11
BRDA:300,24,2,11
BRDA:300,24,3,11
BRDA:300,24,4,11
BRDA:300,24,5,11
BRDA:300,24,6,11
BRDA:319,25,0,2
BRDA:319,26,0,2
BRDA:320,27,0,0
BRDA:320,27,1,2
BRDA:325,28,0,0
BRDA:325,28,1,2
BRDA:325,29,0,2
BRDA:325,29,1,2
BRDA:331,30,0,0
BRDA:331,30,1,2
BRDA:333,31,0,0
BRDA:333,31,1,0
BRDA:335,32,0,0
BRDA:335,32,1,0
BRDA:338,33,0,0
BRDA:338,33,1,0
BRDA:339,34,0,0
BRDA:339,34,1,0
BRDA:366,35,0,2
BRDA:366,35,1,0
BRDA:369,36,0,0
BRDA:369,36,1,2
BRDA:370,37,0,0
BRDA:370,37,1,0
BRDA:373,38,0,0
BRDA:373,38,1,0
BRDA:382,39,0,0
BRDA:382,39,1,2
BRDA:382,40,0,2
BRDA:382,40,1,2
BRDA:383,41,0,0
BRDA:383,41,1,0
BRDA:399,42,0,2
BRDA:399,42,1,2
BRDA:401,43,0,0
BRDA:401,43,1,2
BRDA:402,44,0,0
BRDA:402,44,1,2
BRDA:406,45,0,0
BRDA:406,45,1,2
BRDA:410,46,0,0
BRDA:410,46,1,2
BRDA:414,47,0,0
BRDA:414,47,1,2
BRDA:428,48,0,1
BRDA:428,48,1,1
BRDA:430,49,0,1
BRDA:430,49,1,0
BRDA:430,50,0,1
BRDA:430,50,1,1
BRDA:430,50,2,1
BRDA:441,51,0,0
BRDA:441,51,1,0
BRDA:441,51,2,0
BRDA:462,52,0,0
BRDA:462,52,1,0
BRDA:471,53,0,0
BRDA:471,53,1,0
BRDA:480,54,0,0
BRDA:480,54,1,0
BRDA:486,55,0,0
BRDA:486,55,1,0
BRDA:486,56,0,0
BRDA:486,56,1,0
BRDA:493,57,0,0
BRDA:493,57,1,0
BRDA:493,58,0,0
BRDA:493,58,1,0
BRDA:502,59,0,0
BRDA:502,59,1,0
BRDA:505,60,0,0
BRDA:505,60,1,0
BRDA:506,61,0,0
BRDA:506,61,1,0
BRDA:514,62,0,0
BRDA:514,62,1,0
BRDA:522,63,0,0
BRDA:522,63,1,0
BRDA:526,64,0,0
BRDA:526,64,1,0
BRDA:532,65,0,0
BRDA:532,65,1,0
BRDA:541,66,0,0
BRDA:541,66,1,0
BRDA:565,67,0,0
BRDA:565,67,1,88
BRDA:573,68,0,0
BRDA:573,68,1,88
BRDA:579,69,0,0
BRDA:579,69,1,0
BRDA:579,69,2,0
BRDA:581,70,0,0
BRDA:581,70,1,0
BRDA:584,71,0,0
BRDA:584,71,1,88
BRDA:587,72,0,0
BRDA:587,72,1,0
BRDA:607,73,0,0
BRDA:607,73,1,0
BRDA:607,74,0,0
BRDA:607,74,1,0
BRDA:623,75,0,0
BRDA:623,75,1,0
BRDA:630,76,0,0
BRDA:630,76,1,2
BRDA:639,77,0,0
BRDA:639,77,1,2
BRDA:645,78,0,0
BRDA:645,78,1,0
BRDA:645,78,2,0
BRDA:647,79,0,0
BRDA:647,79,1,0
BRDA:650,80,0,0
BRDA:650,80,1,2
BRDA:653,81,0,0
BRDA:653,81,1,0
BRDA:669,82,0,0
BRDA:669,82,1,0
BRDA:678,83,0,0
BRDA:678,83,1,39
BRDA:684,84,0,3
BRDA:684,84,1,36
BRDA:753,85,0,36
BRDA:753,85,1,0
BRDA:765,86,0,72
BRDA:765,86,1,0
BRDA:793,87,0,16
BRDA:793,87,1,23
BRDA:797,88,0,16
BRDA:797,88,1,0
BRDA:812,89,0,0
BRDA:812,89,1,0
BRDA:815,90,0,0
BRDA:815,90,1,0
BRDA:819,91,0,0
BRDA:819,91,1,0
BRDA:819,92,0,0
BRDA:819,92,1,0
BRDA:837,93,0,0
BRDA:837,93,1,0
BRDA:881,94,0,2
BRDA:881,94,1,2
BRDA:881,95,0,4
BRDA:881,95,1,4
BRDA:955,96,0,39
BRDA:955,96,1,0
BRDA:965,97,0,39
BRDA:965,97,1,0
BRDA:975,98,0,39
BRDA:975,98,1,0
BRDA:988,99,0,39
BRDA:988,99,1,0
BRDA:995,100,0,39
BRDA:995,100,1,0
BRDA:1004,101,0,0
BRDA:1004,101,1,0
BRDA:1042,102,0,39
BRDA:1042,102,1,39
BRF:217
BRH:79
end_of_record
TN:
SF:components\AuthFix.jsx
FN:7,(anonymous_0)
FN:8,(anonymous_1)
FN:29,(anonymous_2)
FN:43,(anonymous_3)
FNF:4
FNH:0
FNDA:0,(anonymous_0)
FNDA:0,(anonymous_1)
FNDA:0,(anonymous_2)
FNDA:0,(anonymous_3)
DA:7,1
DA:8,0
DA:9,0
DA:11,0
DA:21,0
DA:23,0
DA:31,0
DA:38,0
DA:43,0
DA:44,0
DA:47,0
DA:62,1
LF:12
LH:2
BRF:0
BRH:0
end_of_record
TN:
SF:components\CustomButton.jsx
FN:3,(anonymous_0)
FNF:1
FNH:1
FNDA:41,(anonymous_0)
DA:3,2
DA:10,41
DA:28,2
LF:3
LH:3
BRDA:17,0,0,41
BRDA:17,0,1,4
BRF:2
BRH:2
end_of_record
TN:
SF:components\FormField.jsx
FN:6,(anonymous_0)
FN:34,(anonymous_1)
FN:35,(anonymous_2)
FN:43,(anonymous_3)
FN:44,(anonymous_4)
FNF:5
FNH:3
FNDA:91,(anonymous_0)
FNDA:0,(anonymous_1)
FNDA:0,(anonymous_2)
FNDA:3,(anonymous_3)
FNDA:48,(anonymous_4)
DA:6,3
DA:15,91
DA:16,91
DA:18,91
DA:34,0
DA:35,0
DA:43,3
DA:44,48
DA:63,3
LF:9
LH:7
BRDA:25,0,0,0
BRDA:25,0,1,91
BRDA:37,1,0,48
BRDA:37,1,1,43
BRDA:41,2,0,91
BRDA:41,2,1,48
BRDA:46,3,0,0
BRDA:46,3,1,48
BRDA:51,4,0,46
BRDA:51,4,1,2
BRF:10
BRH:8
end_of_record
TN:
SF:config\api.js
FN:13,(anonymous_0)
FNF:1
FNH:1
FNDA:536,(anonymous_0)
DA:3,14
DA:13,536
LF:2
LH:2
BRF:0
BRH:0
end_of_record
TN:
SF:constants\icons.js
FNF:0
FNH:0
LF:0
LH:0
BRF:0
BRH:0
end_of_record
TN:
SF:constants\images.js
FNF:0
FNH:0
LF:0
LH:0
BRF:0
BRH:0
end_of_record
TN:
SF:constants\index.js
FNF:0
FNH:0
LF:0
LH:0
BRF:0
BRH:0
end_of_record
TN:
SF:context\GlobalState.jsx
FN:9,(anonymous_0)
FN:25,(anonymous_1)
FN:27,(anonymous_2)
FN:45,(anonymous_3)
FN:47,(anonymous_4)
FN:49,(anonymous_5)
FN:54,(anonymous_6)
FN:59,(anonymous_7)
FN:90,(anonymous_8)
FN:110,(anonymous_9)
FN:130,(anonymous_10)
FN:150,(anonymous_11)
FN:179,(anonymous_12)
FN:199,(anonymous_13)
FN:219,(anonymous_14)
FN:257,(anonymous_15)
FN:277,(anonymous_16)
FN:302,(anonymous_17)
FN:310,(anonymous_18)
FN:328,(anonymous_19)
FNF:20
FNH:13
FNDA:39,(anonymous_0)
FNDA:28,(anonymous_1)
FNDA:0,(anonymous_2)
FNDA:10,(anonymous_3)
FNDA:55,(anonymous_4)
FNDA:10,(anonymous_5)
FNDA:3,(anonymous_6)
FNDA:9,(anonymous_7)
FNDA:6,(anonymous_8)
FNDA:6,(anonymous_9)
FNDA:3,(anonymous_10)
FNDA:0,(anonymous_11)
FNDA:0,(anonymous_12)
FNDA:0,(anonymous_13)
FNDA:4,(anonymous_14)
FNDA:4,(anonymous_15)
FNDA:0,(anonymous_16)
FNDA:0,(anonymous_17)
FNDA:0,(anonymous_18)
FNDA:19,(anonymous_19)
DA:7,13
DA:9,13
DA:10,39
DA:11,39
DA:12,39
DA:13,39
DA:14,39
DA:15,39
DA:16,39
DA:17,39
DA:18,39
DA:19,39
DA:20,39
DA:21,39
DA:22,39
DA:25,39
DA:26,28
DA:27,28
DA:29,28
DA:31,28
DA:34,26
DA:35,26
DA:37,2
DA:38,2
DA:39,0
DA:41,2
DA:45,39
DA:46,10
DA:47,55
DA:48,10
DA:49,10
DA:54,39
DA:55,3
DA:56,3
DA:59,39
DA:60,9
DA:61,9
DA:63,7
DA:64,0
DA:65,0
DA:67,7
DA:71,7
DA:73,0
DA:74,7
DA:76,7
DA:79,0
DA:82,7
DA:83,7
DA:85,2
DA:86,2
DA:90,39
DA:91,6
DA:92,6
DA:94,6
DA:95,1
DA:96,1
DA:98,5
DA:101,5
DA:102,5
DA:103,5
DA:105,0
DA:106,0
DA:110,39
DA:111,6
DA:112,6
DA:114,6
DA:115,1
DA:116,1
DA:118,5
DA:121,5
DA:122,5
DA:123,5
DA:125,0
DA:126,0
DA:130,39
DA:131,3
DA:132,3
DA:134,3
DA:135,1
DA:136,1
DA:138,2
DA:141,2
DA:142,2
DA:143,2
DA:145,0
DA:146,0
DA:150,39
DA:151,0
DA:152,0
DA:154,0
DA:155,0
DA:156,0
DA:158,0
DA:163,0
DA:164,0
DA:165,0
DA:166,0
DA:168,0
DA:171,0
DA:172,0
DA:174,0
DA:175,0
DA:179,39
DA:180,0
DA:181,0
DA:183,0
DA:184,0
DA:185,0
DA:187,0
DA:190,0
DA:191,0
DA:192,0
DA:194,0
DA:195,0
DA:199,39
DA:200,0
DA:201,0
DA:203,0
DA:204,0
DA:205,0
DA:207,0
DA:210,0
DA:211,0
DA:212,0
DA:214,0
DA:215,0
DA:219,39
DA:220,4
DA:221,4
DA:222,4
DA:230,3
DA:231,1
DA:232,1
DA:235,2
DA:238,2
DA:239,0
DA:240,0
DA:241,0
DA:244,2
DA:245,2
DA:246,2
DA:248,2
DA:251,2
DA:253,4
DA:257,39
DA:258,4
DA:259,4
DA:261,4
DA:262,1
DA:263,1
DA:265,3
DA:268,3
DA:269,3
DA:270,3
DA:272,0
DA:273,0
DA:277,39
DA:278,0
DA:280,0
DA:282,0
DA:283,0
DA:284,0
DA:285,0
DA:286,0
DA:287,0
DA:288,0
DA:289,0
DA:290,0
DA:291,0
DA:292,0
DA:293,0
DA:294,0
DA:295,0
DA:302,39
DA:303,0
DA:304,0
DA:310,0
DA:312,0
DA:313,0
DA:317,0
DA:325,0
DA:328,39
DA:333,39
LF:183
LH:107
BRDA:25,0,0,28
BRDA:38,1,0,0
BRDA:38,1,1,2
BRDA:46,2,0,10
BRDA:46,2,1,0
BRDA:48,3,0,10
BRDA:48,3,1,0
BRDA:63,4,0,0
BRDA:63,4,1,7
BRDA:63,5,0,7
BRDA:63,5,1,7
BRDA:71,6,0,0
BRDA:71,6,1,7
BRDA:74,7,0,7
BRDA:74,7,1,0
BRDA:74,8,0,7
BRDA:74,8,1,7
BRDA:94,9,0,1
BRDA:94,9,1,5
BRDA:94,10,0,6
BRDA:94,10,1,6
BRDA:101,11,0,5
BRDA:101,11,1,0
BRDA:114,12,0,1
BRDA:114,12,1,5
BRDA:114,13,0,6
BRDA:114,13,1,6
BRDA:121,14,0,5
BRDA:121,14,1,0
BRDA:134,15,0,1
BRDA:134,15,1,2
BRDA:134,16,0,3
BRDA:134,16,1,3
BRDA:141,17,0,2
BRDA:141,17,1,0
BRDA:154,18,0,0
BRDA:154,18,1,0
BRDA:154,19,0,0
BRDA:154,19,1,0
BRDA:163,20,0,0
BRDA:163,20,1,0
BRDA:165,21,0,0
BRDA:165,21,1,0
BRDA:183,22,0,0
BRDA:183,22,1,0
BRDA:183,23,0,0
BRDA:183,23,1,0
BRDA:190,24,0,0
BRDA:190,24,1,0
BRDA:203,25,0,0
BRDA:203,25,1,0
BRDA:203,26,0,0
BRDA:203,26,1,0
BRDA:210,27,0,0
BRDA:210,27,1,0
BRDA:230,28,0,1
BRDA:230,28,1,2
BRDA:232,29,0,1
BRDA:232,29,1,0
BRDA:238,30,0,0
BRDA:238,30,1,2
BRDA:238,31,0,2
BRDA:238,31,1,2
BRDA:239,32,0,0
BRDA:239,32,1,0
BRDA:261,33,0,1
BRDA:261,33,1,3
BRDA:261,34,0,4
BRDA:261,34,1,4
BRDA:268,35,0,3
BRDA:268,35,1,0
BRDA:303,36,0,0
BRDA:303,36,1,0
BRDA:303,37,0,0
BRDA:303,37,1,0
BRDA:303,37,2,0
BRDA:303,37,3,0
BRDA:312,38,0,0
BRDA:312,38,1,0
BRDA:312,39,0,0
BRDA:312,39,1,0
BRDA:317,40,0,0
BRDA:317,40,1,0
BRDA:317,40,2,0
BRDA:317,40,3,0
BRDA:317,40,4,0
BRDA:317,40,5,0
BRDA:317,40,6,0
BRF:88
BRH:37
end_of_record
TN:
SF:services\tokenService.js
FN:6,(anonymous_0)
FN:12,(anonymous_1)
FN:24,(anonymous_2)
FN:44,(anonymous_3)
FN:58,(anonymous_4)
FN:98,(anonymous_5)
FN:122,(anonymous_6)
FN:134,(anonymous_7)
FN:164,(anonymous_8)
FN:175,(anonymous_9)
FN:192,(anonymous_10)
FN:217,(anonymous_11)
FN:237,(anonymous_12)
FN:289,(anonymous_13)
FN:299,(anonymous_14)
FNF:15
FNH:5
FNDA:13,(anonymous_0)
FNDA:348,(anonymous_1)
FNDA:0,(anonymous_2)
FNDA:0,(anonymous_3)
FNDA:0,(anonymous_4)
FNDA:0,(anonymous_5)
FNDA:0,(anonymous_6)
FNDA:0,(anonymous_7)
FNDA:0,(anonymous_8)
FNDA:0,(anonymous_9)
FNDA:348,(anonymous_10)
FNDA:348,(anonymous_11)
FNDA:348,(anonymous_12)
FNDA:0,(anonymous_13)
FNDA:0,(anonymous_14)
DA:7,13
DA:8,13
DA:13,348
DA:14,348
DA:15,348
DA:16,348
DA:18,0
DA:19,0
DA:25,0
DA:26,0
DA:27,0
DA:30,0
DA:31,0
DA:32,0
DA:35,0
DA:36,0
DA:39,0
DA:45,0
DA:46,0
DA:53,0
DA:59,0
DA:61,0
DA:63,0
DA:64,0
DA:67,0
DA:70,0
DA:71,0
DA:72,0
DA:77,0
DA:79,0
DA:82,0
DA:83,0
DA:86,0
DA:90,0
DA:92,0
DA:93,0
DA:99,0
DA:100,0
DA:101,0
DA:103,0
DA:105,0
DA:106,0
DA:107,0
DA:108,0
DA:109,0
DA:111,0
DA:113,0
DA:114,0
DA:115,0
DA:118,0
DA:123,0
DA:124,0
DA:126,0
DA:127,0
DA:128,0
DA:130,0
DA:136,0
DA:137,0
DA:140,0
DA:142,0
DA:144,0
DA:145,0
DA:146,0
DA:147,0
DA:150,0
DA:152,0
DA:153,0
DA:154,0
DA:155,0
DA:157,0
DA:158,0
DA:159,0
DA:165,0
DA:166,0
DA:174,0
DA:175,0
DA:176,0
DA:179,0
DA:182,0
DA:184,0
DA:186,0
DA:187,0
DA:193,348
DA:195,348
DA:196,348
DA:200,0
DA:202,0
DA:203,0
DA:204,0
DA:205,0
DA:208,0
DA:209,0
DA:213,0
DA:218,348
DA:219,348
DA:220,0
DA:226,348
DA:227,0
DA:230,348
DA:238,348
DA:240,348
DA:243,348
DA:249,348
DA:255,346
DA:256,0
DA:257,0
DA:258,0
DA:260,0
DA:265,0
DA:273,0
DA:274,0
DA:278,346
DA:281,2
DA:282,0
DA:284,2
DA:290,0
DA:291,0
DA:292,0
DA:294,0
DA:300,0
DA:303,0
DA:304,0
DA:305,0
DA:314,0
DA:318,0
DA:323,13
LF:126
LH:22
BRDA:26,0,0,0
BRDA:26,0,1,0
BRDA:31,1,0,0
BRDA:31,1,1,0
BRDA:31,2,0,0
BRDA:31,2,1,0
BRDA:35,3,0,0
BRDA:35,3,1,0
BRDA:59,4,0,0
BRDA:59,4,1,0
BRDA:64,5,0,0
BRDA:64,5,1,0
BRDA:77,6,0,0
BRDA:77,6,1,0
BRDA:82,7,0,0
BRDA:82,7,1,0
BRDA:114,8,0,0
BRDA:114,8,1,0
BRDA:115,9,0,0
BRDA:115,9,1,0
BRDA:122,10,0,0
BRDA:124,11,0,0
BRDA:124,11,1,0
BRDA:124,12,0,0
BRDA:124,12,1,0
BRDA:136,13,0,0
BRDA:136,13,1,0
BRDA:144,14,0,0
BRDA:144,14,1,0
BRDA:174,15,0,0
BRDA:174,15,1,0
BRDA:176,16,0,0
BRDA:176,16,1,0
BRDA:195,17,0,348
BRDA:195,17,1,0
BRDA:202,18,0,0
BRDA:202,18,1,0
BRDA:226,19,0,0
BRDA:226,19,1,348
BRDA:237,20,0,318
BRDA:255,21,0,0
BRDA:255,21,1,346
BRDA:255,22,0,346
BRDA:255,22,1,0
BRDA:258,23,0,0
BRDA:258,23,1,0
BRDA:281,24,0,0
BRDA:281,24,1,2
BRDA:292,25,0,0
BRDA:292,25,1,0
BRDA:303,26,0,0
BRDA:303,26,1,0
BRF:52
BRH:6
end_of_record
